Command:
/home/matheuscm/trabalho_PCS5024-_Aprendizado_Estat-stico/.venv/bin/python /home/matheuscm/trabalho_PCS5024-_Aprendizado_Estat-stico/PCS5024_EP_Time_Series.py --model_variant gru_base --data_removal_ratio 0.0 --run_name cenario_A_GRU_base_missing_0p0 --objective baseline ideal --output_dir /home/matheuscm/trabalho_PCS5024-_Aprendizado_Estat-stico/reports --predictions_csv cenario_A_GRU_base_missing_0p0_predictions.csv --history_csv cenario_A_GRU_base_missing_0p0_history.csv --metrics_json cenario_A_GRU_base_missing_0p0_metrics.json --loss_curve_png cenario_A_GRU_base_missing_0p0_loss_raw.png --model_weights_path cenario_A_GRU_base_missing_0p0_model_weights.pth --data_filename data/santos_ssh.csv --split_date 2020-06-01 00:00:00 --past_len 8000 --future_len 2000 --sliding_window_step 25 --batch_size 256 --num_workers 0 --torch_threads 8 --hidden_size 128 --num_epochs 100 --learning_rate 0.0002 --weight_decay 1e-05 --pos_encoding_dim 128 --time_scale 1.0 --seed 100

Using device: cuda
CPU threads per process: 8
CUDA devices available: 1
Hyperparameters: model_variant=gru_base, data_removal_ratio=0.0, batch_size_per_process=256, effective_batch_size=256, hidden_size=128, pos_encoding_dim=128, learning_rate=0.0002, weight_decay=1e-05, sliding_window_step=25
Train set size: 21293
Test set size: 4320
Scaling data using Train Mean: shape: (1, 1)
┌──────────┐
│ ssh      │
│ ---      │
│ f32      │
╞══════════╡
│ 0.840088 │
└──────────┘, Train Std: shape: (1, 1)
┌──────────┐
│ ssh      │
│ ---      │
│ f32      │
╞══════════╡
│ 0.386142 │
└──────────┘
Applied missing-data simulation: ratio=0.00, all rows kept.
Creating sequences and dataloaders...
x_train shape: torch.Size([8204, 800, 1]), y_train shape: torch.Size([8204, 200, 1])
x_test shape: torch.Size([1328, 800, 1]), y_test shape: torch.Size([1328, 201, 1])

--- Starting Training ---

Epoch 1/100
Average Training Loss: 1.0142
Average Test Loss: 0.7681

Epoch 2/100
Average Training Loss: 1.0090
Average Test Loss: 0.7589

Epoch 3/100
Average Training Loss: 1.0082
Average Test Loss: 0.7414

Epoch 4/100
Average Training Loss: 0.9891
Average Test Loss: 0.7266

Epoch 5/100
Average Training Loss: 0.9678
Average Test Loss: 0.7252

Epoch 6/100
Average Training Loss: 0.9558
Average Test Loss: 0.7143

Epoch 7/100
Average Training Loss: 0.9520
Average Test Loss: 0.7032

Epoch 8/100
Average Training Loss: 0.8032
Average Test Loss: 0.6916

Epoch 9/100
Average Training Loss: 0.6171
Average Test Loss: 0.5275

Epoch 10/100
Average Training Loss: 0.5775
Average Test Loss: 0.5293

Epoch 11/100
Average Training Loss: 0.5726
Average Test Loss: 0.5215

Epoch 12/100
Average Training Loss: 0.5615
Average Test Loss: 0.5073

Epoch 13/100
Average Training Loss: 0.5582
Average Test Loss: 0.5182

Epoch 14/100
Average Training Loss: 0.5584
Average Test Loss: 0.5007

Epoch 15/100
Average Training Loss: 0.5530
Average Test Loss: 0.4943

Epoch 16/100
Average Training Loss: 0.5477
Average Test Loss: 0.5084

Epoch 17/100
Average Training Loss: 0.5377
Average Test Loss: 0.4876

Epoch 18/100
Average Training Loss: 0.4991
Average Test Loss: 0.4226

Epoch 19/100
Average Training Loss: 0.4614
Average Test Loss: 0.4081

Epoch 20/100
Average Training Loss: 0.4539
Average Test Loss: 0.4091

Epoch 21/100
Average Training Loss: 0.4370
Average Test Loss: 0.3911

Epoch 22/100
Average Training Loss: 0.4343
Average Test Loss: 0.3835

Epoch 23/100
Average Training Loss: 0.4338
Average Test Loss: 0.4074

Epoch 24/100
Average Training Loss: 0.4309
Average Test Loss: 0.3853

Epoch 25/100
Average Training Loss: 0.4285
Average Test Loss: 0.3815

Epoch 26/100
Average Training Loss: 0.4242
Average Test Loss: 0.3786

Epoch 27/100
Average Training Loss: 0.4258
Average Test Loss: 0.3927

Epoch 28/100
Average Training Loss: 0.4222
Average Test Loss: 0.3775

Epoch 29/100
Average Training Loss: 0.4223
Average Test Loss: 0.3907

Epoch 30/100
Average Training Loss: 0.4185
Average Test Loss: 0.3796

Epoch 31/100
Average Training Loss: 0.4186
Average Test Loss: 0.3802

Epoch 32/100
Average Training Loss: 0.4182
Average Test Loss: 0.3753

Epoch 33/100
Average Training Loss: 0.4237
Average Test Loss: 0.3866

Epoch 34/100
Average Training Loss: 0.4264
Average Test Loss: 0.3720

Epoch 35/100
Average Training Loss: 0.4189
Average Test Loss: 0.3821

Epoch 36/100
Average Training Loss: 0.4150
Average Test Loss: 0.3746

Epoch 37/100
Average Training Loss: 0.4188
Average Test Loss: 0.3741

Epoch 38/100
Average Training Loss: 0.4173
Average Test Loss: 0.3748

Epoch 39/100
Average Training Loss: 0.4193
Average Test Loss: 0.3801

Epoch 40/100
Average Training Loss: 0.4146
Average Test Loss: 0.3673

Epoch 41/100
Average Training Loss: 0.4071
Average Test Loss: 0.3901

Epoch 42/100
Average Training Loss: 0.4129
Average Test Loss: 0.3753

Epoch 43/100
Average Training Loss: 0.4125
Average Test Loss: 0.3675

Epoch 44/100
Average Training Loss: 0.4094
Average Test Loss: 0.3750

Epoch 45/100
Average Training Loss: 0.4123
Average Test Loss: 0.3663

Epoch 46/100
Average Training Loss: 0.4058
Average Test Loss: 0.3664

Epoch 47/100
Average Training Loss: 0.4055
Average Test Loss: 0.3715

Epoch 48/100
Average Training Loss: 0.4101
Average Test Loss: 0.3839

Epoch 49/100
Average Training Loss: 0.4131
Average Test Loss: 0.3649

Epoch 50/100
Average Training Loss: 0.4101
Average Test Loss: 0.3742

Epoch 51/100
Average Training Loss: 0.4123
Average Test Loss: 0.3831

Epoch 52/100
Average Training Loss: 0.4141
Average Test Loss: 0.3631

Epoch 53/100
Average Training Loss: 0.4074
Average Test Loss: 0.3728

Epoch 54/100
Average Training Loss: 0.4075
Average Test Loss: 0.3684

Epoch 55/100
Average Training Loss: 0.4076
Average Test Loss: 0.3793

Epoch 56/100
Average Training Loss: 0.4068
Average Test Loss: 0.3687

Epoch 57/100
Average Training Loss: 0.4104
Average Test Loss: 0.4258

Epoch 58/100
Average Training Loss: 0.4099
Average Test Loss: 0.3687

Epoch 59/100
Average Training Loss: 0.4091
Average Test Loss: 0.3724

Epoch 60/100
Average Training Loss: 0.4003
Average Test Loss: 0.3696

Epoch 61/100
Average Training Loss: 0.4112
Average Test Loss: 0.3647

Epoch 62/100
Average Training Loss: 0.4114
Average Test Loss: 0.3737

Epoch 63/100
Average Training Loss: 0.4008
Average Test Loss: 0.3826

Epoch 64/100
Average Training Loss: 0.4019
Average Test Loss: 0.3772

Epoch 65/100
Average Training Loss: 0.4112
Average Test Loss: 0.3680

Epoch 66/100
Average Training Loss: 0.4062
Average Test Loss: 0.3879

Epoch 67/100
Average Training Loss: 0.4055
Average Test Loss: 0.3763

Epoch 68/100
Average Training Loss: 0.4021
Average Test Loss: 0.3654

Epoch 69/100
Average Training Loss: 0.4016
Average Test Loss: 0.3769

Epoch 70/100
Average Training Loss: 0.4121
Average Test Loss: 0.3737

Epoch 71/100
Average Training Loss: 0.4007
Average Test Loss: 0.3690

Epoch 72/100
Average Training Loss: 0.4009
Average Test Loss: 0.4208

Epoch 73/100
Average Training Loss: 0.4073
Average Test Loss: 0.3688

Epoch 74/100
Average Training Loss: 0.4038
Average Test Loss: 0.3701

Epoch 75/100
Average Training Loss: 0.4003
Average Test Loss: 0.3730

Epoch 76/100
Average Training Loss: 0.4020
Average Test Loss: 0.3727

Epoch 77/100
Average Training Loss: 0.3990
Average Test Loss: 0.3947

Epoch 78/100
Average Training Loss: 0.4052
Average Test Loss: 0.3785

Epoch 79/100
Average Training Loss: 0.4001
Average Test Loss: 0.3682

Epoch 80/100
Average Training Loss: 0.4023
Average Test Loss: 0.3773

Epoch 81/100
Average Training Loss: 0.3987
Average Test Loss: 0.3808

Epoch 82/100
Average Training Loss: 0.4065
Average Test Loss: 0.3880

Epoch 83/100
Average Training Loss: 0.4008
Average Test Loss: 0.3845

Epoch 84/100
Average Training Loss: 0.3962
Average Test Loss: 0.3683

Epoch 85/100
Average Training Loss: 0.3979
Average Test Loss: 0.3801

Epoch 86/100
Average Training Loss: 0.4035
Average Test Loss: 0.3980

Epoch 87/100
Average Training Loss: 0.4017
Average Test Loss: 0.3846

Epoch 88/100
Average Training Loss: 0.3977
Average Test Loss: 0.3680

Epoch 89/100
Average Training Loss: 0.4004
Average Test Loss: 0.3902

Epoch 90/100
Average Training Loss: 0.3951
Average Test Loss: 0.3651

Epoch 91/100
Average Training Loss: 0.4012
Average Test Loss: 0.3680

Epoch 92/100
Average Training Loss: 0.3974
Average Test Loss: 0.3723

Epoch 93/100
Average Training Loss: 0.3985
Average Test Loss: 0.4164

Epoch 94/100
Average Training Loss: 0.3983
Average Test Loss: 0.3736

Epoch 95/100
Average Training Loss: 0.3962
Average Test Loss: 0.3821

Epoch 96/100
Average Training Loss: 0.4035
Average Test Loss: 0.3761

Epoch 97/100
Average Training Loss: 0.3979
Average Test Loss: 0.3826

Epoch 98/100
Average Training Loss: 0.3916
Average Test Loss: 0.3895

Epoch 99/100
Average Training Loss: 0.3882
Average Test Loss: 0.3874

Epoch 100/100
Average Training Loss: 0.4059
Average Test Loss: 0.3782

--- Training Complete ---
Model saved to /home/matheuscm/trabalho_PCS5024-_Aprendizado_Estat-stico/reports/cenario_A_GRU_base_missing_0p0_model_weights.pth
Test predictions CSV saved to /home/matheuscm/trabalho_PCS5024-_Aprendizado_Estat-stico/reports/cenario_A_GRU_base_missing_0p0_predictions.csv
Training history CSV saved to /home/matheuscm/trabalho_PCS5024-_Aprendizado_Estat-stico/reports/cenario_A_GRU_base_missing_0p0_history.csv
Metrics JSON saved to /home/matheuscm/trabalho_PCS5024-_Aprendizado_Estat-stico/reports/cenario_A_GRU_base_missing_0p0_metrics.json
Loss curve saved to /home/matheuscm/trabalho_PCS5024-_Aprendizado_Estat-stico/reports/cenario_A_GRU_base_missing_0p0_loss_raw.png
Script finished.
