Command:
/home/matheuscm/trabalho_PCS5024-_Aprendizado_Estat-stico/.venv/bin/python /home/matheuscm/trabalho_PCS5024-_Aprendizado_Estat-stico/PCS5024_EP_Time_Series.py --model_variant gru_temporal --data_removal_ratio 0.0 --run_name cenario_E_GRU_temporal_missing_0p0 --objective controle --output_dir /home/matheuscm/trabalho_PCS5024-_Aprendizado_Estat-stico/reports --predictions_csv cenario_E_GRU_temporal_missing_0p0_predictions.csv --history_csv cenario_E_GRU_temporal_missing_0p0_history.csv --metrics_json cenario_E_GRU_temporal_missing_0p0_metrics.json --loss_curve_png cenario_E_GRU_temporal_missing_0p0_loss_raw.png --model_weights_path cenario_E_GRU_temporal_missing_0p0_model_weights.pth --data_filename data/santos_ssh.csv --split_date 2020-06-01 00:00:00 --past_len 8000 --future_len 2000 --sliding_window_step 25 --batch_size 256 --num_workers 0 --torch_threads 8 --hidden_size 128 --num_epochs 100 --learning_rate 0.0002 --weight_decay 1e-05 --pos_encoding_dim 128 --time_scale 1.0 --seed 100

Using device: cuda
CPU threads per process: 8
CUDA devices available: 1
Hyperparameters: model_variant=gru_temporal, data_removal_ratio=0.0, batch_size_per_process=256, effective_batch_size=256, hidden_size=128, pos_encoding_dim=128, learning_rate=0.0002, weight_decay=1e-05, sliding_window_step=25
Train set size: 21293
Test set size: 4320
Scaling data using Train Mean: shape: (1, 1)
┌──────────┐
│ ssh      │
│ ---      │
│ f32      │
╞══════════╡
│ 0.840088 │
└──────────┘, Train Std: shape: (1, 1)
┌──────────┐
│ ssh      │
│ ---      │
│ f32      │
╞══════════╡
│ 0.386142 │
└──────────┘
Applied missing-data simulation: ratio=0.00, all rows kept.
Creating sequences and dataloaders...
x_train shape: torch.Size([8204, 800, 1]), y_train shape: torch.Size([8204, 200, 1])
x_test shape: torch.Size([1328, 800, 1]), y_test shape: torch.Size([1328, 201, 1])

--- Starting Training ---

Epoch 1/100
Average Training Loss: 1.0248
Average Test Loss: 0.7704

Epoch 2/100
Average Training Loss: 1.0238
Average Test Loss: 0.7580

Epoch 3/100
Average Training Loss: 1.0041
Average Test Loss: 0.7448

Epoch 4/100
Average Training Loss: 0.9801
Average Test Loss: 0.7263

Epoch 5/100
Average Training Loss: 0.9639
Average Test Loss: 0.7187

Epoch 6/100
Average Training Loss: 0.9508
Average Test Loss: 0.7017

Epoch 7/100
Average Training Loss: 0.9430
Average Test Loss: 0.7207

Epoch 8/100
Average Training Loss: 0.9375
Average Test Loss: 0.7044

Epoch 9/100
Average Training Loss: 0.9225
Average Test Loss: 0.6872

Epoch 10/100
Average Training Loss: 0.9019
Average Test Loss: 0.6662

Epoch 11/100
Average Training Loss: 0.8878
Average Test Loss: 0.6580

Epoch 12/100
Average Training Loss: 0.8525
Average Test Loss: 0.6169

Epoch 13/100
Average Training Loss: 0.7114
Average Test Loss: 0.4427

Epoch 14/100
Average Training Loss: 0.4862
Average Test Loss: 0.3859

Epoch 15/100
Average Training Loss: 0.4432
Average Test Loss: 0.3855

Epoch 16/100
Average Training Loss: 0.4275
Average Test Loss: 0.3533

Epoch 17/100
Average Training Loss: 0.4053
Average Test Loss: 0.3397

Epoch 18/100
Average Training Loss: 0.3612
Average Test Loss: 0.3142

Epoch 19/100
Average Training Loss: 0.3486
Average Test Loss: 0.2995

Epoch 20/100
Average Training Loss: 0.3381
Average Test Loss: 0.3130

Epoch 21/100
Average Training Loss: 0.3270
Average Test Loss: 0.2819

Epoch 22/100
Average Training Loss: 0.3157
Average Test Loss: 0.2958

Epoch 23/100
Average Training Loss: 0.3146
Average Test Loss: 0.2830

Epoch 24/100
Average Training Loss: 0.3115
Average Test Loss: 0.2804

Epoch 25/100
Average Training Loss: 0.3094
Average Test Loss: 0.2613

Epoch 26/100
Average Training Loss: 0.3086
Average Test Loss: 0.2816

Epoch 27/100
Average Training Loss: 0.3061
Average Test Loss: 0.2852

Epoch 28/100
Average Training Loss: 0.2982
Average Test Loss: 0.2700

Epoch 29/100
Average Training Loss: 0.2949
Average Test Loss: 0.2679

Epoch 30/100
Average Training Loss: 0.2982
Average Test Loss: 0.3460

Epoch 31/100
Average Training Loss: 0.3028
Average Test Loss: 0.3010

Epoch 32/100
Average Training Loss: 0.2914
Average Test Loss: 0.2833

Epoch 33/100
Average Training Loss: 0.2867
Average Test Loss: 0.2509

Epoch 34/100
Average Training Loss: 0.2861
Average Test Loss: 0.2504

Epoch 35/100
Average Training Loss: 0.2857
Average Test Loss: 0.3007

Epoch 36/100
Average Training Loss: 0.2897
Average Test Loss: 0.2704

Epoch 37/100
Average Training Loss: 0.2979
Average Test Loss: 0.2498

Epoch 38/100
Average Training Loss: 0.2836
Average Test Loss: 0.2707

Epoch 39/100
Average Training Loss: 0.2812
Average Test Loss: 0.2693

Epoch 40/100
Average Training Loss: 0.2793
Average Test Loss: 0.2636

Epoch 41/100
Average Training Loss: 0.2786
Average Test Loss: 0.2505

Epoch 42/100
Average Training Loss: 0.2763
Average Test Loss: 0.2318

Epoch 43/100
Average Training Loss: 0.2770
Average Test Loss: 0.2545

Epoch 44/100
Average Training Loss: 0.2774
Average Test Loss: 0.3228

Epoch 45/100
Average Training Loss: 0.2783
Average Test Loss: 0.2443

Epoch 46/100
Average Training Loss: 0.2731
Average Test Loss: 0.2462

Epoch 47/100
Average Training Loss: 0.2716
Average Test Loss: 0.2530

Epoch 48/100
Average Training Loss: 0.2709
Average Test Loss: 0.2559

Epoch 49/100
Average Training Loss: 0.2751
Average Test Loss: 0.2423

Epoch 50/100
Average Training Loss: 0.2702
Average Test Loss: 0.2693

Epoch 51/100
Average Training Loss: 0.2711
Average Test Loss: 0.2348

Epoch 52/100
Average Training Loss: 0.2639
Average Test Loss: 0.2302

Epoch 53/100
Average Training Loss: 0.2610
Average Test Loss: 0.2467

Epoch 54/100
Average Training Loss: 0.2686
Average Test Loss: 0.2396

Epoch 55/100
Average Training Loss: 0.2606
Average Test Loss: 0.2278

Epoch 56/100
Average Training Loss: 0.2578
Average Test Loss: 0.2288

Epoch 57/100
Average Training Loss: 0.2565
Average Test Loss: 0.2447

Epoch 58/100
Average Training Loss: 0.2655
Average Test Loss: 0.2259

Epoch 59/100
Average Training Loss: 0.2582
Average Test Loss: 0.2682

Epoch 60/100
Average Training Loss: 0.2598
Average Test Loss: 0.2372

Epoch 61/100
Average Training Loss: 0.2662
Average Test Loss: 0.7908

Epoch 62/100
Average Training Loss: 0.4035
Average Test Loss: 0.3121

Epoch 63/100
Average Training Loss: 0.3404
Average Test Loss: 0.3074

Epoch 64/100
Average Training Loss: 0.3426
Average Test Loss: 0.3142

Epoch 65/100
Average Training Loss: 0.3350
Average Test Loss: 0.3116

Epoch 66/100
Average Training Loss: 0.3314
Average Test Loss: 0.3233

Epoch 67/100
Average Training Loss: 0.3317
Average Test Loss: 0.3123

Epoch 68/100
Average Training Loss: 0.3243
Average Test Loss: 0.3057

Epoch 69/100
Average Training Loss: 0.3261
Average Test Loss: 0.2861

Epoch 70/100
Average Training Loss: 0.3217
Average Test Loss: 0.2982

Epoch 71/100
Average Training Loss: 0.3135
Average Test Loss: 0.2804

Epoch 72/100
Average Training Loss: 0.3145
Average Test Loss: 0.2912

Epoch 73/100
Average Training Loss: 0.3153
Average Test Loss: 0.2868

Epoch 74/100
Average Training Loss: 0.3133
Average Test Loss: 0.2836

Epoch 75/100
Average Training Loss: 0.3086
Average Test Loss: 0.2781

Epoch 76/100
Average Training Loss: 0.3101
Average Test Loss: 0.2809

Epoch 77/100
Average Training Loss: 0.3072
Average Test Loss: 0.2684

Epoch 78/100
Average Training Loss: 0.3061
Average Test Loss: 0.2703

Epoch 79/100
Average Training Loss: 0.3118
Average Test Loss: 0.2742

Epoch 80/100
Average Training Loss: 0.3105
Average Test Loss: 0.2778

Epoch 81/100
Average Training Loss: 0.2994
Average Test Loss: 0.2623

Epoch 82/100
Average Training Loss: 0.2970
Average Test Loss: 0.2635

Epoch 83/100
Average Training Loss: 0.2956
Average Test Loss: 0.2671

Epoch 84/100
Average Training Loss: 0.2965
Average Test Loss: 0.2756

Epoch 85/100
Average Training Loss: 0.2935
Average Test Loss: 0.2551

Epoch 86/100
Average Training Loss: 0.2882
Average Test Loss: 0.2514

Epoch 87/100
Average Training Loss: 0.2870
Average Test Loss: 0.2487

Epoch 88/100
Average Training Loss: 0.2774
Average Test Loss: 0.2738

Epoch 89/100
Average Training Loss: 0.2805
Average Test Loss: 0.2770

Epoch 90/100
Average Training Loss: 0.2843
Average Test Loss: 0.2643

Epoch 91/100
Average Training Loss: 0.2706
Average Test Loss: 0.2571

Epoch 92/100
Average Training Loss: 0.2760
Average Test Loss: 0.2438

Epoch 93/100
Average Training Loss: 0.2640
Average Test Loss: 0.2229

Epoch 94/100
Average Training Loss: 0.2635
Average Test Loss: 0.2259

Epoch 95/100
Average Training Loss: 0.2505
Average Test Loss: 0.2594

Epoch 96/100
Average Training Loss: 0.2543
Average Test Loss: 0.2445

Epoch 97/100
Average Training Loss: 0.2467
Average Test Loss: 0.2263

Epoch 98/100
Average Training Loss: 0.2468
Average Test Loss: 0.2194

Epoch 99/100
Average Training Loss: 0.2460
Average Test Loss: 0.2385

Epoch 100/100
Average Training Loss: 0.2410
Average Test Loss: 0.2336

--- Training Complete ---
Model saved to /home/matheuscm/trabalho_PCS5024-_Aprendizado_Estat-stico/reports/cenario_E_GRU_temporal_missing_0p0_model_weights.pth
Test predictions CSV saved to /home/matheuscm/trabalho_PCS5024-_Aprendizado_Estat-stico/reports/cenario_E_GRU_temporal_missing_0p0_predictions.csv
Training history CSV saved to /home/matheuscm/trabalho_PCS5024-_Aprendizado_Estat-stico/reports/cenario_E_GRU_temporal_missing_0p0_history.csv
Metrics JSON saved to /home/matheuscm/trabalho_PCS5024-_Aprendizado_Estat-stico/reports/cenario_E_GRU_temporal_missing_0p0_metrics.json
Loss curve saved to /home/matheuscm/trabalho_PCS5024-_Aprendizado_Estat-stico/reports/cenario_E_GRU_temporal_missing_0p0_loss_raw.png
Script finished.
