Command:
/home/matheuscm/trabalho_PCS5024-_Aprendizado_Estat-stico/.venv/bin/python /home/matheuscm/trabalho_PCS5024-_Aprendizado_Estat-stico/PCS5024_EP_Time_Series.py --model_variant gru_base --data_removal_ratio 0.1 --run_name cenario_B_GRU_base_missing_0p1 --objective robustez --output_dir /home/matheuscm/trabalho_PCS5024-_Aprendizado_Estat-stico/reports --predictions_csv cenario_B_GRU_base_missing_0p1_predictions.csv --history_csv cenario_B_GRU_base_missing_0p1_history.csv --metrics_json cenario_B_GRU_base_missing_0p1_metrics.json --loss_curve_png cenario_B_GRU_base_missing_0p1_loss_raw.png --model_weights_path cenario_B_GRU_base_missing_0p1_model_weights.pth --data_filename data/santos_ssh.csv --split_date 2020-06-01 00:00:00 --past_len 8000 --future_len 2000 --sliding_window_step 25 --batch_size 256 --num_workers 0 --torch_threads 8 --hidden_size 128 --num_epochs 100 --learning_rate 0.0002 --weight_decay 1e-05 --pos_encoding_dim 128 --time_scale 1.0 --seed 100

Using device: cuda
CPU threads per process: 8
CUDA devices available: 1
Hyperparameters: model_variant=gru_base, data_removal_ratio=0.1, batch_size_per_process=256, effective_batch_size=256, hidden_size=128, pos_encoding_dim=128, learning_rate=0.0002, weight_decay=1e-05, sliding_window_step=25
Train set size: 21293
Test set size: 4320
Scaling data using Train Mean: shape: (1, 1)
┌──────────┐
│ ssh      │
│ ---      │
│ f32      │
╞══════════╡
│ 0.840088 │
└──────────┘, Train Std: shape: (1, 1)
┌──────────┐
│ ssh      │
│ ---      │
│ f32      │
╞══════════╡
│ 0.386142 │
└──────────┘
Applied missing-data simulation: ratio=0.10, train_kept=19164/21293, test_kept=3888/4320
Creating sequences and dataloaders...
x_train shape: torch.Size([8204, 749, 1]), y_train shape: torch.Size([8204, 194, 1])
x_test shape: torch.Size([1328, 733, 1]), y_test shape: torch.Size([1328, 186, 1])

--- Starting Training ---

Epoch 1/100
Average Training Loss: 1.0107
Average Test Loss: 0.7784

Epoch 2/100
Average Training Loss: 1.0052
Average Test Loss: 0.7687

Epoch 3/100
Average Training Loss: 1.0041
Average Test Loss: 0.7520

Epoch 4/100
Average Training Loss: 0.9850
Average Test Loss: 0.7359

Epoch 5/100
Average Training Loss: 0.9635
Average Test Loss: 0.7347

Epoch 6/100
Average Training Loss: 0.9501
Average Test Loss: 0.7198

Epoch 7/100
Average Training Loss: 0.8830
Average Test Loss: 0.5708

Epoch 8/100
Average Training Loss: 0.6730
Average Test Loss: 0.6245

Epoch 9/100
Average Training Loss: 0.6397
Average Test Loss: 0.5214

Epoch 10/100
Average Training Loss: 0.6100
Average Test Loss: 0.5360

Epoch 11/100
Average Training Loss: 0.6064
Average Test Loss: 0.5357

Epoch 12/100
Average Training Loss: 0.6015
Average Test Loss: 0.5253

Epoch 13/100
Average Training Loss: 0.5995
Average Test Loss: 0.5267

Epoch 14/100
Average Training Loss: 0.6054
Average Test Loss: 0.5210

Epoch 15/100
Average Training Loss: 0.5924
Average Test Loss: 0.5344

Epoch 16/100
Average Training Loss: 0.5885
Average Test Loss: 0.5068

Epoch 17/100
Average Training Loss: 0.5715
Average Test Loss: 0.4939

Epoch 18/100
Average Training Loss: 0.5330
Average Test Loss: 0.4332

Epoch 19/100
Average Training Loss: 0.5119
Average Test Loss: 0.4444

Epoch 20/100
Average Training Loss: 0.5144
Average Test Loss: 0.4727

Epoch 21/100
Average Training Loss: 0.5022
Average Test Loss: 0.4243

Epoch 22/100
Average Training Loss: 0.4994
Average Test Loss: 0.4183

Epoch 23/100
Average Training Loss: 0.4959
Average Test Loss: 0.4291

Epoch 24/100
Average Training Loss: 0.4931
Average Test Loss: 0.4130

Epoch 25/100
Average Training Loss: 0.4919
Average Test Loss: 0.4069

Epoch 26/100
Average Training Loss: 0.4870
Average Test Loss: 0.4039

Epoch 27/100
Average Training Loss: 0.4915
Average Test Loss: 0.4117

Epoch 28/100
Average Training Loss: 0.4867
Average Test Loss: 0.4358

Epoch 29/100
Average Training Loss: 0.4968
Average Test Loss: 0.4094

Epoch 30/100
Average Training Loss: 0.4894
Average Test Loss: 0.4120

Epoch 31/100
Average Training Loss: 0.4903
Average Test Loss: 0.4318

Epoch 32/100
Average Training Loss: 0.4905
Average Test Loss: 0.4341

Epoch 33/100
Average Training Loss: 0.4985
Average Test Loss: 0.4100

Epoch 34/100
Average Training Loss: 0.4952
Average Test Loss: 0.4102

Epoch 35/100
Average Training Loss: 0.4889
Average Test Loss: 0.4150

Epoch 36/100
Average Training Loss: 0.4856
Average Test Loss: 0.4114

Epoch 37/100
Average Training Loss: 0.4903
Average Test Loss: 0.4063

Epoch 38/100
Average Training Loss: 0.4879
Average Test Loss: 0.4108

Epoch 39/100
Average Training Loss: 0.4920
Average Test Loss: 0.4243

Epoch 40/100
Average Training Loss: 0.4905
Average Test Loss: 0.4041

Epoch 41/100
Average Training Loss: 0.4831
Average Test Loss: 0.4069

Epoch 42/100
Average Training Loss: 0.4812
Average Test Loss: 0.4045

Epoch 43/100
Average Training Loss: 0.4868
Average Test Loss: 0.4108

Epoch 44/100
Average Training Loss: 0.4866
Average Test Loss: 0.4163

Epoch 45/100
Average Training Loss: 0.4857
Average Test Loss: 0.4054

Epoch 46/100
Average Training Loss: 0.4801
Average Test Loss: 0.4129

Epoch 47/100
Average Training Loss: 0.4819
Average Test Loss: 0.4093

Epoch 48/100
Average Training Loss: 0.4871
Average Test Loss: 0.4146

Epoch 49/100
Average Training Loss: 0.4906
Average Test Loss: 0.4043

Epoch 50/100
Average Training Loss: 0.4840
Average Test Loss: 0.4104

Epoch 51/100
Average Training Loss: 0.4906
Average Test Loss: 0.4125

Epoch 52/100
Average Training Loss: 0.4856
Average Test Loss: 0.4305

Epoch 53/100
Average Training Loss: 0.4865
Average Test Loss: 0.4082

Epoch 54/100
Average Training Loss: 0.4827
Average Test Loss: 0.4117

Epoch 55/100
Average Training Loss: 0.4853
Average Test Loss: 0.4252

Epoch 56/100
Average Training Loss: 0.4839
Average Test Loss: 0.4063

Epoch 57/100
Average Training Loss: 0.4879
Average Test Loss: 0.4086

Epoch 58/100
Average Training Loss: 0.4822
Average Test Loss: 0.4287

Epoch 59/100
Average Training Loss: 0.4890
Average Test Loss: 0.4042

Epoch 60/100
Average Training Loss: 0.4754
Average Test Loss: 0.4046

Epoch 61/100
Average Training Loss: 0.4817
Average Test Loss: 0.4171

Epoch 62/100
Average Training Loss: 0.4885
Average Test Loss: 0.4209

Epoch 63/100
Average Training Loss: 0.4799
Average Test Loss: 0.4072

Epoch 64/100
Average Training Loss: 0.4782
Average Test Loss: 0.4186

Epoch 65/100
Average Training Loss: 0.4838
Average Test Loss: 0.4080

Epoch 66/100
Average Training Loss: 0.4804
Average Test Loss: 0.4031

Epoch 67/100
Average Training Loss: 0.4791
Average Test Loss: 0.4358

Epoch 68/100
Average Training Loss: 0.4811
Average Test Loss: 0.4060

Epoch 69/100
Average Training Loss: 0.4775
Average Test Loss: 0.4076

Epoch 70/100
Average Training Loss: 0.4885
Average Test Loss: 0.4056

Epoch 71/100
Average Training Loss: 0.4771
Average Test Loss: 0.4081

Epoch 72/100
Average Training Loss: 0.4763
Average Test Loss: 0.4281

Epoch 73/100
Average Training Loss: 0.4849
Average Test Loss: 0.4093

Epoch 74/100
Average Training Loss: 0.4769
Average Test Loss: 0.4145

Epoch 75/100
Average Training Loss: 0.4770
Average Test Loss: 0.4062

Epoch 76/100
Average Training Loss: 0.4738
Average Test Loss: 0.4069

Epoch 77/100
Average Training Loss: 0.4717
Average Test Loss: 0.4034

Epoch 78/100
Average Training Loss: 0.4726
Average Test Loss: 0.3998

Epoch 79/100
Average Training Loss: 0.4682
Average Test Loss: 0.4031

Epoch 80/100
Average Training Loss: 0.4716
Average Test Loss: 0.4017

Epoch 81/100
Average Training Loss: 0.4685
Average Test Loss: 0.4000

Epoch 82/100
Average Training Loss: 0.4685
Average Test Loss: 0.4008

Epoch 83/100
Average Training Loss: 0.4685
Average Test Loss: 0.3993

Epoch 84/100
Average Training Loss: 0.4650
Average Test Loss: 0.3955

Epoch 85/100
Average Training Loss: 0.4614
Average Test Loss: 0.4053

Epoch 86/100
Average Training Loss: 0.4681
Average Test Loss: 0.4026

Epoch 87/100
Average Training Loss: 0.4646
Average Test Loss: 0.4050

Epoch 88/100
Average Training Loss: 0.4614
Average Test Loss: 0.3940

Epoch 89/100
Average Training Loss: 0.4628
Average Test Loss: 0.3932

Epoch 90/100
Average Training Loss: 0.4511
Average Test Loss: 0.3821

Epoch 91/100
Average Training Loss: 0.4550
Average Test Loss: 0.3835

Epoch 92/100
Average Training Loss: 0.4492
Average Test Loss: 0.3777

Epoch 93/100
Average Training Loss: 0.4491
Average Test Loss: 0.3697

Epoch 94/100
Average Training Loss: 0.4359
Average Test Loss: 0.3538

Epoch 95/100
Average Training Loss: 0.4204
Average Test Loss: 0.3314

Epoch 96/100
Average Training Loss: 0.4002
Average Test Loss: 0.3179

Epoch 97/100
Average Training Loss: 0.3876
Average Test Loss: 0.3055

Epoch 98/100
Average Training Loss: 0.3824
Average Test Loss: 0.3250

Epoch 99/100
Average Training Loss: 0.3863
Average Test Loss: 0.3019

Epoch 100/100
Average Training Loss: 0.3858
Average Test Loss: 0.3138

--- Training Complete ---
Model saved to /home/matheuscm/trabalho_PCS5024-_Aprendizado_Estat-stico/reports/cenario_B_GRU_base_missing_0p1_model_weights.pth
Test predictions CSV saved to /home/matheuscm/trabalho_PCS5024-_Aprendizado_Estat-stico/reports/cenario_B_GRU_base_missing_0p1_predictions.csv
Training history CSV saved to /home/matheuscm/trabalho_PCS5024-_Aprendizado_Estat-stico/reports/cenario_B_GRU_base_missing_0p1_history.csv
Metrics JSON saved to /home/matheuscm/trabalho_PCS5024-_Aprendizado_Estat-stico/reports/cenario_B_GRU_base_missing_0p1_metrics.json
Loss curve saved to /home/matheuscm/trabalho_PCS5024-_Aprendizado_Estat-stico/reports/cenario_B_GRU_base_missing_0p1_loss_raw.png
Script finished.
