Command:
/home/matheuscm/trabalho_PCS5024-_Aprendizado_Estat-stico/.venv/bin/python /home/matheuscm/trabalho_PCS5024-_Aprendizado_Estat-stico/PCS5024_EP_Time_Series.py --model_variant gru_base --data_removal_ratio 0.3 --run_name cenario_C_GRU_base_missing_0p3 --objective degradacao principal --output_dir /home/matheuscm/trabalho_PCS5024-_Aprendizado_Estat-stico/reports --predictions_csv cenario_C_GRU_base_missing_0p3_predictions.csv --history_csv cenario_C_GRU_base_missing_0p3_history.csv --metrics_json cenario_C_GRU_base_missing_0p3_metrics.json --loss_curve_png cenario_C_GRU_base_missing_0p3_loss_raw.png --model_weights_path cenario_C_GRU_base_missing_0p3_model_weights.pth --data_filename data/santos_ssh.csv --split_date 2020-06-01 00:00:00 --past_len 8000 --future_len 2000 --sliding_window_step 25 --batch_size 256 --num_workers 0 --torch_threads 8 --hidden_size 128 --num_epochs 100 --learning_rate 0.0002 --weight_decay 1e-05 --pos_encoding_dim 128 --time_scale 1.0 --seed 100

Using device: cuda
CPU threads per process: 8
CUDA devices available: 1
Hyperparameters: model_variant=gru_base, data_removal_ratio=0.3, batch_size_per_process=256, effective_batch_size=256, hidden_size=128, pos_encoding_dim=128, learning_rate=0.0002, weight_decay=1e-05, sliding_window_step=25
Train set size: 21293
Test set size: 4320
Scaling data using Train Mean: shape: (1, 1)
┌──────────┐
│ ssh      │
│ ---      │
│ f32      │
╞══════════╡
│ 0.840088 │
└──────────┘, Train Std: shape: (1, 1)
┌──────────┐
│ ssh      │
│ ---      │
│ f32      │
╞══════════╡
│ 0.386142 │
└──────────┘
Applied missing-data simulation: ratio=0.30, train_kept=14905/21293, test_kept=3024/4320
Creating sequences and dataloaders...
x_train shape: torch.Size([8204, 596, 1]), y_train shape: torch.Size([8204, 159, 1])
x_test shape: torch.Size([1328, 587, 1]), y_test shape: torch.Size([1328, 155, 1])

--- Starting Training ---

Epoch 1/100
Average Training Loss: 1.0227
Average Test Loss: 0.7597

Epoch 2/100
Average Training Loss: 1.0162
Average Test Loss: 0.7491

Epoch 3/100
Average Training Loss: 1.0165
Average Test Loss: 0.7338

Epoch 4/100
Average Training Loss: 0.9967
Average Test Loss: 0.7177

Epoch 5/100
Average Training Loss: 0.9732
Average Test Loss: 0.7166

Epoch 6/100
Average Training Loss: 0.9340
Average Test Loss: 0.6610

Epoch 7/100
Average Training Loss: 0.7413
Average Test Loss: 0.6181

Epoch 8/100
Average Training Loss: 0.7370
Average Test Loss: 0.6131

Epoch 9/100
Average Training Loss: 0.7189
Average Test Loss: 0.5859

Epoch 10/100
Average Training Loss: 0.7016
Average Test Loss: 0.5858

Epoch 11/100
Average Training Loss: 0.6984
Average Test Loss: 0.5781

Epoch 12/100
Average Training Loss: 0.6882
Average Test Loss: 0.5717

Epoch 13/100
Average Training Loss: 0.6708
Average Test Loss: 0.5284

Epoch 14/100
Average Training Loss: 0.6339
Average Test Loss: 0.5213

Epoch 15/100
Average Training Loss: 0.6274
Average Test Loss: 0.5292

Epoch 16/100
Average Training Loss: 0.6269
Average Test Loss: 0.5042

Epoch 17/100
Average Training Loss: 0.6287
Average Test Loss: 0.5000

Epoch 18/100
Average Training Loss: 0.6165
Average Test Loss: 0.5224

Epoch 19/100
Average Training Loss: 0.6219
Average Test Loss: 0.5165

Epoch 20/100
Average Training Loss: 0.6317
Average Test Loss: 0.5222

Epoch 21/100
Average Training Loss: 0.6176
Average Test Loss: 0.5264

Epoch 22/100
Average Training Loss: 0.6125
Average Test Loss: 0.5121

Epoch 23/100
Average Training Loss: 0.6151
Average Test Loss: 0.5264

Epoch 24/100
Average Training Loss: 0.6143
Average Test Loss: 0.5055

Epoch 25/100
Average Training Loss: 0.6125
Average Test Loss: 0.5244

Epoch 26/100
Average Training Loss: 0.6126
Average Test Loss: 0.5341

Epoch 27/100
Average Training Loss: 0.6153
Average Test Loss: 0.5169

Epoch 28/100
Average Training Loss: 0.6108
Average Test Loss: 0.5143

Epoch 29/100
Average Training Loss: 0.6080
Average Test Loss: 0.5061

Epoch 30/100
Average Training Loss: 0.6127
Average Test Loss: 0.5031

Epoch 31/100
Average Training Loss: 0.6141
Average Test Loss: 0.5060

Epoch 32/100
Average Training Loss: 0.6065
Average Test Loss: 0.5242

Epoch 33/100
Average Training Loss: 0.6196
Average Test Loss: 0.5180

Epoch 34/100
Average Training Loss: 0.6135
Average Test Loss: 0.5050

Epoch 35/100
Average Training Loss: 0.6063
Average Test Loss: 0.5190

Epoch 36/100
Average Training Loss: 0.6072
Average Test Loss: 0.5186

Epoch 37/100
Average Training Loss: 0.6122
Average Test Loss: 0.5282

Epoch 38/100
Average Training Loss: 0.6102
Average Test Loss: 0.5179

Epoch 39/100
Average Training Loss: 0.6171
Average Test Loss: 0.5237

Epoch 40/100
Average Training Loss: 0.6083
Average Test Loss: 0.5074

Epoch 41/100
Average Training Loss: 0.6046
Average Test Loss: 0.5041

Epoch 42/100
Average Training Loss: 0.6013
Average Test Loss: 0.5091

Epoch 43/100
Average Training Loss: 0.6081
Average Test Loss: 0.5067

Epoch 44/100
Average Training Loss: 0.6076
Average Test Loss: 0.5100

Epoch 45/100
Average Training Loss: 0.6076
Average Test Loss: 0.5083

Epoch 46/100
Average Training Loss: 0.5962
Average Test Loss: 0.5111

Epoch 47/100
Average Training Loss: 0.6011
Average Test Loss: 0.5060

Epoch 48/100
Average Training Loss: 0.6031
Average Test Loss: 0.5103

Epoch 49/100
Average Training Loss: 0.6039
Average Test Loss: 0.5183

Epoch 50/100
Average Training Loss: 0.6034
Average Test Loss: 0.5114

Epoch 51/100
Average Training Loss: 0.6028
Average Test Loss: 0.5228

Epoch 52/100
Average Training Loss: 0.6009
Average Test Loss: 0.5290

Epoch 53/100
Average Training Loss: 0.6004
Average Test Loss: 0.5147

Epoch 54/100
Average Training Loss: 0.5961
Average Test Loss: 0.5389

Epoch 55/100
Average Training Loss: 0.6027
Average Test Loss: 0.5126

Epoch 56/100
Average Training Loss: 0.5955
Average Test Loss: 0.5246

Epoch 57/100
Average Training Loss: 0.5992
Average Test Loss: 0.5246

Epoch 58/100
Average Training Loss: 0.6029
Average Test Loss: 0.5115

Epoch 59/100
Average Training Loss: 0.5954
Average Test Loss: 0.5165

Epoch 60/100
Average Training Loss: 0.5863
Average Test Loss: 0.5347

Epoch 61/100
Average Training Loss: 0.5941
Average Test Loss: 0.5260

Epoch 62/100
Average Training Loss: 0.6053
Average Test Loss: 0.5099

Epoch 63/100
Average Training Loss: 0.5853
Average Test Loss: 0.5137

Epoch 64/100
Average Training Loss: 0.5869
Average Test Loss: 0.5175

Epoch 65/100
Average Training Loss: 0.5910
Average Test Loss: 0.5148

Epoch 66/100
Average Training Loss: 0.5857
Average Test Loss: 0.5111

Epoch 67/100
Average Training Loss: 0.5810
Average Test Loss: 0.5079

Epoch 68/100
Average Training Loss: 0.5800
Average Test Loss: 0.4938

Epoch 69/100
Average Training Loss: 0.5749
Average Test Loss: 0.5098

Epoch 70/100
Average Training Loss: 0.5877
Average Test Loss: 0.5246

Epoch 71/100
Average Training Loss: 0.5725
Average Test Loss: 0.5115

Epoch 72/100
Average Training Loss: 0.5734
Average Test Loss: 0.5156

Epoch 73/100
Average Training Loss: 0.5684
Average Test Loss: 0.4935

Epoch 74/100
Average Training Loss: 0.5698
Average Test Loss: 0.5031

Epoch 75/100
Average Training Loss: 0.5667
Average Test Loss: 0.5062

Epoch 76/100
Average Training Loss: 0.5676
Average Test Loss: 0.4933

Epoch 77/100
Average Training Loss: 0.5605
Average Test Loss: 0.4913

Epoch 78/100
Average Training Loss: 0.5582
Average Test Loss: 0.4801

Epoch 79/100
Average Training Loss: 0.5519
Average Test Loss: 0.4728

Epoch 80/100
Average Training Loss: 0.5502
Average Test Loss: 0.4852

Epoch 81/100
Average Training Loss: 0.5500
Average Test Loss: 0.4557

Epoch 82/100
Average Training Loss: 0.5371
Average Test Loss: 0.5009

Epoch 83/100
Average Training Loss: 0.5270
Average Test Loss: 0.4371

Epoch 84/100
Average Training Loss: 0.5142
Average Test Loss: 0.4244

Epoch 85/100
Average Training Loss: 0.5140
Average Test Loss: 0.4394

Epoch 86/100
Average Training Loss: 0.5111
Average Test Loss: 0.4423

Epoch 87/100
Average Training Loss: 0.5068
Average Test Loss: 0.4344

Epoch 88/100
Average Training Loss: 0.5026
Average Test Loss: 0.4364

Epoch 89/100
Average Training Loss: 0.5092
Average Test Loss: 0.4342

Epoch 90/100
Average Training Loss: 0.5057
Average Test Loss: 0.4283

Epoch 91/100
Average Training Loss: 0.5070
Average Test Loss: 0.4331

Epoch 92/100
Average Training Loss: 0.5073
Average Test Loss: 0.4379

Epoch 93/100
Average Training Loss: 0.5030
Average Test Loss: 0.4263

Epoch 94/100
Average Training Loss: 0.4993
Average Test Loss: 0.4324

Epoch 95/100
Average Training Loss: 0.5005
Average Test Loss: 0.4265

Epoch 96/100
Average Training Loss: 0.5033
Average Test Loss: 0.4329

Epoch 97/100
Average Training Loss: 0.4996
Average Test Loss: 0.4396

Epoch 98/100
Average Training Loss: 0.5028
Average Test Loss: 0.4251

Epoch 99/100
Average Training Loss: 0.5081
Average Test Loss: 0.4249

Epoch 100/100
Average Training Loss: 0.5107
Average Test Loss: 0.4428

--- Training Complete ---
Model saved to /home/matheuscm/trabalho_PCS5024-_Aprendizado_Estat-stico/reports/cenario_C_GRU_base_missing_0p3_model_weights.pth
Test predictions CSV saved to /home/matheuscm/trabalho_PCS5024-_Aprendizado_Estat-stico/reports/cenario_C_GRU_base_missing_0p3_predictions.csv
Training history CSV saved to /home/matheuscm/trabalho_PCS5024-_Aprendizado_Estat-stico/reports/cenario_C_GRU_base_missing_0p3_history.csv
Metrics JSON saved to /home/matheuscm/trabalho_PCS5024-_Aprendizado_Estat-stico/reports/cenario_C_GRU_base_missing_0p3_metrics.json
Loss curve saved to /home/matheuscm/trabalho_PCS5024-_Aprendizado_Estat-stico/reports/cenario_C_GRU_base_missing_0p3_loss_raw.png
Script finished.
