Command:
/home/matheuscm/trabalho_PCS5024-_Aprendizado_Estat-stico/.venv/bin/python /home/matheuscm/trabalho_PCS5024-_Aprendizado_Estat-stico/PCS5024_EP_Time_Series.py --model_variant gru_base --data_removal_ratio 0.5 --run_name cenario_D_GRU_base_missing_0p5 --objective degradacao severa --output_dir /home/matheuscm/trabalho_PCS5024-_Aprendizado_Estat-stico/reports --predictions_csv cenario_D_GRU_base_missing_0p5_predictions.csv --history_csv cenario_D_GRU_base_missing_0p5_history.csv --metrics_json cenario_D_GRU_base_missing_0p5_metrics.json --loss_curve_png cenario_D_GRU_base_missing_0p5_loss_raw.png --model_weights_path cenario_D_GRU_base_missing_0p5_model_weights.pth --data_filename data/santos_ssh.csv --split_date 2020-06-01 00:00:00 --past_len 8000 --future_len 2000 --sliding_window_step 25 --batch_size 256 --num_workers 0 --torch_threads 8 --hidden_size 128 --num_epochs 100 --learning_rate 0.0002 --weight_decay 1e-05 --pos_encoding_dim 128 --time_scale 1.0 --seed 100

Using device: cuda
CPU threads per process: 8
CUDA devices available: 1
Hyperparameters: model_variant=gru_base, data_removal_ratio=0.5, batch_size_per_process=256, effective_batch_size=256, hidden_size=128, pos_encoding_dim=128, learning_rate=0.0002, weight_decay=1e-05, sliding_window_step=25
Train set size: 21293
Test set size: 4320
Scaling data using Train Mean: shape: (1, 1)
┌──────────┐
│ ssh      │
│ ---      │
│ f32      │
╞══════════╡
│ 0.840088 │
└──────────┘, Train Std: shape: (1, 1)
┌──────────┐
│ ssh      │
│ ---      │
│ f32      │
╞══════════╡
│ 0.386142 │
└──────────┘
Applied missing-data simulation: ratio=0.50, train_kept=10646/21293, test_kept=2160/4320
Creating sequences and dataloaders...
x_train shape: torch.Size([8204, 442, 1]), y_train shape: torch.Size([8204, 123, 1])
x_test shape: torch.Size([1326, 415, 1]), y_test shape: torch.Size([1326, 117, 1])

--- Starting Training ---

Epoch 1/100
Average Training Loss: 1.0139
Average Test Loss: 0.7534

Epoch 2/100
Average Training Loss: 1.0074
Average Test Loss: 0.7435

Epoch 3/100
Average Training Loss: 1.0101
Average Test Loss: 0.7294

Epoch 4/100
Average Training Loss: 0.9930
Average Test Loss: 0.7111

Epoch 5/100
Average Training Loss: 0.9589
Average Test Loss: 0.6859

Epoch 6/100
Average Training Loss: 0.8327
Average Test Loss: 0.6379

Epoch 7/100
Average Training Loss: 0.8098
Average Test Loss: 0.6012

Epoch 8/100
Average Training Loss: 0.8107
Average Test Loss: 0.5983

Epoch 9/100
Average Training Loss: 0.7866
Average Test Loss: 0.5959

Epoch 10/100
Average Training Loss: 0.7680
Average Test Loss: 0.5742

Epoch 11/100
Average Training Loss: 0.7553
Average Test Loss: 0.5672

Epoch 12/100
Average Training Loss: 0.7434
Average Test Loss: 0.5644

Epoch 13/100
Average Training Loss: 0.7403
Average Test Loss: 0.5710

Epoch 14/100
Average Training Loss: 0.7373
Average Test Loss: 0.5629

Epoch 15/100
Average Training Loss: 0.7360
Average Test Loss: 0.5747

Epoch 16/100
Average Training Loss: 0.7391
Average Test Loss: 0.5567

Epoch 17/100
Average Training Loss: 0.7351
Average Test Loss: 0.5574

Epoch 18/100
Average Training Loss: 0.7309
Average Test Loss: 0.5554

Epoch 19/100
Average Training Loss: 0.7347
Average Test Loss: 0.5645

Epoch 20/100
Average Training Loss: 0.7415
Average Test Loss: 0.5608

Epoch 21/100
Average Training Loss: 0.7260
Average Test Loss: 0.5618

Epoch 22/100
Average Training Loss: 0.7242
Average Test Loss: 0.5608

Epoch 23/100
Average Training Loss: 0.7290
Average Test Loss: 0.5657

Epoch 24/100
Average Training Loss: 0.7250
Average Test Loss: 0.5688

Epoch 25/100
Average Training Loss: 0.7252
Average Test Loss: 0.5659

Epoch 26/100
Average Training Loss: 0.7190
Average Test Loss: 0.5539

Epoch 27/100
Average Training Loss: 0.7222
Average Test Loss: 0.5746

Epoch 28/100
Average Training Loss: 0.7139
Average Test Loss: 0.5602

Epoch 29/100
Average Training Loss: 0.7140
Average Test Loss: 0.5845

Epoch 30/100
Average Training Loss: 0.7213
Average Test Loss: 0.5679

Epoch 31/100
Average Training Loss: 0.7154
Average Test Loss: 0.5549

Epoch 32/100
Average Training Loss: 0.7095
Average Test Loss: 0.5590

Epoch 33/100
Average Training Loss: 0.7116
Average Test Loss: 0.5934

Epoch 34/100
Average Training Loss: 0.7134
Average Test Loss: 0.5663

Epoch 35/100
Average Training Loss: 0.7032
Average Test Loss: 0.5735

Epoch 36/100
Average Training Loss: 0.6991
Average Test Loss: 0.5536

Epoch 37/100
Average Training Loss: 0.7053
Average Test Loss: 0.5467

Epoch 38/100
Average Training Loss: 0.6978
Average Test Loss: 0.5480

Epoch 39/100
Average Training Loss: 0.6959
Average Test Loss: 0.5596

Epoch 40/100
Average Training Loss: 0.6830
Average Test Loss: 0.5556

Epoch 41/100
Average Training Loss: 0.6653
Average Test Loss: 0.5248

Epoch 42/100
Average Training Loss: 0.6453
Average Test Loss: 0.5082

Epoch 43/100
Average Training Loss: 0.6413
Average Test Loss: 0.5003

Epoch 44/100
Average Training Loss: 0.6428
Average Test Loss: 0.5048

Epoch 45/100
Average Training Loss: 0.6452
Average Test Loss: 0.5209

Epoch 46/100
Average Training Loss: 0.6286
Average Test Loss: 0.5088

Epoch 47/100
Average Training Loss: 0.6345
Average Test Loss: 0.5135

Epoch 48/100
Average Training Loss: 0.6330
Average Test Loss: 0.5107

Epoch 49/100
Average Training Loss: 0.6338
Average Test Loss: 0.5135

Epoch 50/100
Average Training Loss: 0.6343
Average Test Loss: 0.5055

Epoch 51/100
Average Training Loss: 0.6340
Average Test Loss: 0.5066

Epoch 52/100
Average Training Loss: 0.6309
Average Test Loss: 0.5075

Epoch 53/100
Average Training Loss: 0.6298
Average Test Loss: 0.5068

Epoch 54/100
Average Training Loss: 0.6298
Average Test Loss: 0.5341

Epoch 55/100
Average Training Loss: 0.6377
Average Test Loss: 0.5049

Epoch 56/100
Average Training Loss: 0.6264
Average Test Loss: 0.5040

Epoch 57/100
Average Training Loss: 0.6271
Average Test Loss: 0.5136

Epoch 58/100
Average Training Loss: 0.6248
Average Test Loss: 0.5070

Epoch 59/100
Average Training Loss: 0.6228
Average Test Loss: 0.5089

Epoch 60/100
Average Training Loss: 0.6249
Average Test Loss: 0.4898

Epoch 61/100
Average Training Loss: 0.6191
Average Test Loss: 0.5209

Epoch 62/100
Average Training Loss: 0.6342
Average Test Loss: 0.5092

Epoch 63/100
Average Training Loss: 0.6139
Average Test Loss: 0.5028

Epoch 64/100
Average Training Loss: 0.6132
Average Test Loss: 0.5165

Epoch 65/100
Average Training Loss: 0.6135
Average Test Loss: 0.5261

Epoch 66/100
Average Training Loss: 0.6140
Average Test Loss: 0.5243

Epoch 67/100
Average Training Loss: 0.6150
Average Test Loss: 0.4916

Epoch 68/100
Average Training Loss: 0.6140
Average Test Loss: 0.5117

Epoch 69/100
Average Training Loss: 0.6065
Average Test Loss: 0.5000

Epoch 70/100
Average Training Loss: 0.6205
Average Test Loss: 0.5638

Epoch 71/100
Average Training Loss: 0.6117
Average Test Loss: 0.5171

Epoch 72/100
Average Training Loss: 0.6052
Average Test Loss: 0.5424

Epoch 73/100
Average Training Loss: 0.6040
Average Test Loss: 0.5031

Epoch 74/100
Average Training Loss: 0.5992
Average Test Loss: 0.5177

Epoch 75/100
Average Training Loss: 0.5934
Average Test Loss: 0.5072

Epoch 76/100
Average Training Loss: 0.6013
Average Test Loss: 0.5143

Epoch 77/100
Average Training Loss: 0.5946
Average Test Loss: 0.5056

Epoch 78/100
Average Training Loss: 0.5935
Average Test Loss: 0.5095

Epoch 79/100
Average Training Loss: 0.5891
Average Test Loss: 0.5080

Epoch 80/100
Average Training Loss: 0.5833
Average Test Loss: 0.5565

Epoch 81/100
Average Training Loss: 0.5891
Average Test Loss: 0.5013

Epoch 82/100
Average Training Loss: 0.5867
Average Test Loss: 0.5316

Epoch 83/100
Average Training Loss: 0.5844
Average Test Loss: 0.4923

Epoch 84/100
Average Training Loss: 0.5791
Average Test Loss: 0.5061

Epoch 85/100
Average Training Loss: 0.5785
Average Test Loss: 0.5310

Epoch 86/100
Average Training Loss: 0.5772
Average Test Loss: 0.5354

Epoch 87/100
Average Training Loss: 0.5818
Average Test Loss: 0.5034

Epoch 88/100
Average Training Loss: 0.5671
Average Test Loss: 0.5257

Epoch 89/100
Average Training Loss: 0.5739
Average Test Loss: 0.5296

Epoch 90/100
Average Training Loss: 0.5673
Average Test Loss: 0.5154

Epoch 91/100
Average Training Loss: 0.5697
Average Test Loss: 0.5335

Epoch 92/100
Average Training Loss: 0.5703
Average Test Loss: 0.5237

Epoch 93/100
Average Training Loss: 0.5649
Average Test Loss: 0.5401

Epoch 94/100
Average Training Loss: 0.5554
Average Test Loss: 0.5138

Epoch 95/100
Average Training Loss: 0.5554
Average Test Loss: 0.5450

Epoch 96/100
Average Training Loss: 0.5681
Average Test Loss: 0.5315

Epoch 97/100
Average Training Loss: 0.5610
Average Test Loss: 0.5045

Epoch 98/100
Average Training Loss: 0.5603
Average Test Loss: 0.5508

Epoch 99/100
Average Training Loss: 0.5730
Average Test Loss: 0.5304

Epoch 100/100
Average Training Loss: 0.5687
Average Test Loss: 0.5754

--- Training Complete ---
Model saved to /home/matheuscm/trabalho_PCS5024-_Aprendizado_Estat-stico/reports/cenario_D_GRU_base_missing_0p5_model_weights.pth
Test predictions CSV saved to /home/matheuscm/trabalho_PCS5024-_Aprendizado_Estat-stico/reports/cenario_D_GRU_base_missing_0p5_predictions.csv
Training history CSV saved to /home/matheuscm/trabalho_PCS5024-_Aprendizado_Estat-stico/reports/cenario_D_GRU_base_missing_0p5_history.csv
Metrics JSON saved to /home/matheuscm/trabalho_PCS5024-_Aprendizado_Estat-stico/reports/cenario_D_GRU_base_missing_0p5_metrics.json
Loss curve saved to /home/matheuscm/trabalho_PCS5024-_Aprendizado_Estat-stico/reports/cenario_D_GRU_base_missing_0p5_loss_raw.png
Script finished.
