Command:
/home/matheuscm/trabalho_PCS5024-_Aprendizado_Estat-stico/.venv/bin/python /home/matheuscm/trabalho_PCS5024-_Aprendizado_Estat-stico/PCS5024_EP_Time_Series.py --model_variant gru_temporal --data_removal_ratio 0.5 --run_name cenario_H_GRU_temporal_missing_0p5 --objective robustez severa --output_dir /home/matheuscm/trabalho_PCS5024-_Aprendizado_Estat-stico/reports --predictions_csv cenario_H_GRU_temporal_missing_0p5_predictions.csv --history_csv cenario_H_GRU_temporal_missing_0p5_history.csv --metrics_json cenario_H_GRU_temporal_missing_0p5_metrics.json --loss_curve_png cenario_H_GRU_temporal_missing_0p5_loss_raw.png --model_weights_path cenario_H_GRU_temporal_missing_0p5_model_weights.pth --data_filename data/santos_ssh.csv --split_date 2020-06-01 00:00:00 --past_len 8000 --future_len 2000 --sliding_window_step 25 --batch_size 256 --num_workers 0 --torch_threads 8 --hidden_size 128 --num_epochs 100 --learning_rate 0.0002 --weight_decay 1e-05 --pos_encoding_dim 128 --time_scale 1.0 --seed 100

Using device: cuda
CPU threads per process: 8
CUDA devices available: 1
Hyperparameters: model_variant=gru_temporal, data_removal_ratio=0.5, batch_size_per_process=256, effective_batch_size=256, hidden_size=128, pos_encoding_dim=128, learning_rate=0.0002, weight_decay=1e-05, sliding_window_step=25
Train set size: 21293
Test set size: 4320
Scaling data using Train Mean: shape: (1, 1)
┌──────────┐
│ ssh      │
│ ---      │
│ f32      │
╞══════════╡
│ 0.840088 │
└──────────┘, Train Std: shape: (1, 1)
┌──────────┐
│ ssh      │
│ ---      │
│ f32      │
╞══════════╡
│ 0.386142 │
└──────────┘
Applied missing-data simulation: ratio=0.50, train_kept=10646/21293, test_kept=2160/4320
Creating sequences and dataloaders...
x_train shape: torch.Size([8204, 442, 1]), y_train shape: torch.Size([8204, 123, 1])
x_test shape: torch.Size([1326, 415, 1]), y_test shape: torch.Size([1326, 117, 1])

--- Starting Training ---

Epoch 1/100
Average Training Loss: 1.0247
Average Test Loss: 0.7561

Epoch 2/100
Average Training Loss: 1.0236
Average Test Loss: 0.7437

Epoch 3/100
Average Training Loss: 1.0075
Average Test Loss: 0.7353

Epoch 4/100
Average Training Loss: 0.9851
Average Test Loss: 0.7206

Epoch 5/100
Average Training Loss: 0.9762
Average Test Loss: 0.7098

Epoch 6/100
Average Training Loss: 0.9646
Average Test Loss: 0.6988

Epoch 7/100
Average Training Loss: 0.9585
Average Test Loss: 0.7018

Epoch 8/100
Average Training Loss: 0.9449
Average Test Loss: 0.6957

Epoch 9/100
Average Training Loss: 0.9122
Average Test Loss: 0.6742

Epoch 10/100
Average Training Loss: 0.7886
Average Test Loss: 0.5328

Epoch 11/100
Average Training Loss: 0.6892
Average Test Loss: 0.5008

Epoch 12/100
Average Training Loss: 0.6354
Average Test Loss: 0.4977

Epoch 13/100
Average Training Loss: 0.6000
Average Test Loss: 0.4875

Epoch 14/100
Average Training Loss: 0.5672
Average Test Loss: 0.4504

Epoch 15/100
Average Training Loss: 0.5423
Average Test Loss: 0.4397

Epoch 16/100
Average Training Loss: 0.5361
Average Test Loss: 0.4162

Epoch 17/100
Average Training Loss: 0.5220
Average Test Loss: 0.4151

Epoch 18/100
Average Training Loss: 0.5000
Average Test Loss: 0.3878

Epoch 19/100
Average Training Loss: 0.4871
Average Test Loss: 0.3858

Epoch 20/100
Average Training Loss: 0.4758
Average Test Loss: 0.3739

Epoch 21/100
Average Training Loss: 0.4664
Average Test Loss: 0.3924

Epoch 22/100
Average Training Loss: 0.4595
Average Test Loss: 0.3541

Epoch 23/100
Average Training Loss: 0.4443
Average Test Loss: 0.3558

Epoch 24/100
Average Training Loss: 0.4372
Average Test Loss: 0.3456

Epoch 25/100
Average Training Loss: 0.4313
Average Test Loss: 0.3393

Epoch 26/100
Average Training Loss: 0.4249
Average Test Loss: 0.3376

Epoch 27/100
Average Training Loss: 0.4193
Average Test Loss: 0.3347

Epoch 28/100
Average Training Loss: 0.4070
Average Test Loss: 0.3482

Epoch 29/100
Average Training Loss: 0.4063
Average Test Loss: 0.3301

Epoch 30/100
Average Training Loss: 0.4026
Average Test Loss: 0.3355

Epoch 31/100
Average Training Loss: 0.3975
Average Test Loss: 0.3433

Epoch 32/100
Average Training Loss: 0.3892
Average Test Loss: 0.3346

Epoch 33/100
Average Training Loss: 0.3894
Average Test Loss: 0.3139

Epoch 34/100
Average Training Loss: 0.3792
Average Test Loss: 0.3138

Epoch 35/100
Average Training Loss: 0.3800
Average Test Loss: 0.3292

Epoch 36/100
Average Training Loss: 0.3773
Average Test Loss: 0.3139

Epoch 37/100
Average Training Loss: 0.3692
Average Test Loss: 0.3143

Epoch 38/100
Average Training Loss: 0.3675
Average Test Loss: 0.3140

Epoch 39/100
Average Training Loss: 0.3627
Average Test Loss: 0.3164

Epoch 40/100
Average Training Loss: 0.3614
Average Test Loss: 0.3185

Epoch 41/100
Average Training Loss: 0.3598
Average Test Loss: 0.3117

Epoch 42/100
Average Training Loss: 0.3552
Average Test Loss: 0.3093

Epoch 43/100
Average Training Loss: 0.3560
Average Test Loss: 0.3013

Epoch 44/100
Average Training Loss: 0.3474
Average Test Loss: 0.3105

Epoch 45/100
Average Training Loss: 0.3537
Average Test Loss: 0.3015

Epoch 46/100
Average Training Loss: 0.3449
Average Test Loss: 0.3027

Epoch 47/100
Average Training Loss: 0.3394
Average Test Loss: 0.2975

Epoch 48/100
Average Training Loss: 0.3364
Average Test Loss: 0.2983

Epoch 49/100
Average Training Loss: 0.3374
Average Test Loss: 0.3212

Epoch 50/100
Average Training Loss: 0.3347
Average Test Loss: 0.3239

Epoch 51/100
Average Training Loss: 0.3364
Average Test Loss: 0.2937

Epoch 52/100
Average Training Loss: 0.3264
Average Test Loss: 0.2976

Epoch 53/100
Average Training Loss: 0.3238
Average Test Loss: 0.3067

Epoch 54/100
Average Training Loss: 0.3300
Average Test Loss: 0.3073

Epoch 55/100
Average Training Loss: 0.3222
Average Test Loss: 0.3067

Epoch 56/100
Average Training Loss: 0.3217
Average Test Loss: 0.3050

Epoch 57/100
Average Training Loss: 0.3167
Average Test Loss: 0.2850

Epoch 58/100
Average Training Loss: 0.3152
Average Test Loss: 0.2886

Epoch 59/100
Average Training Loss: 0.3139
Average Test Loss: 0.2890

Epoch 60/100
Average Training Loss: 0.3094
Average Test Loss: 0.3024

Epoch 61/100
Average Training Loss: 0.3148
Average Test Loss: 0.3596

Epoch 62/100
Average Training Loss: 0.3166
Average Test Loss: 0.2910

Epoch 63/100
Average Training Loss: 0.2991
Average Test Loss: 0.2885

Epoch 64/100
Average Training Loss: 0.3035
Average Test Loss: 0.2968

Epoch 65/100
Average Training Loss: 0.2972
Average Test Loss: 0.2797

Epoch 66/100
Average Training Loss: 0.2910
Average Test Loss: 0.2842

Epoch 67/100
Average Training Loss: 0.2913
Average Test Loss: 0.3024

Epoch 68/100
Average Training Loss: 0.2892
Average Test Loss: 0.2738

Epoch 69/100
Average Training Loss: 0.2847
Average Test Loss: 0.2798

Epoch 70/100
Average Training Loss: 0.2886
Average Test Loss: 0.2896

Epoch 71/100
Average Training Loss: 0.2820
Average Test Loss: 0.2747

Epoch 72/100
Average Training Loss: 0.2825
Average Test Loss: 0.2821

Epoch 73/100
Average Training Loss: 0.2829
Average Test Loss: 0.2907

Epoch 74/100
Average Training Loss: 0.2778
Average Test Loss: 0.2895

Epoch 75/100
Average Training Loss: 0.2768
Average Test Loss: 0.2923

Epoch 76/100
Average Training Loss: 0.2740
Average Test Loss: 0.2706

Epoch 77/100
Average Training Loss: 0.2709
Average Test Loss: 0.2709

Epoch 78/100
Average Training Loss: 0.2723
Average Test Loss: 0.3000

Epoch 79/100
Average Training Loss: 0.2842
Average Test Loss: 0.2668

Epoch 80/100
Average Training Loss: 0.2719
Average Test Loss: 0.3103

Epoch 81/100
Average Training Loss: 0.2696
Average Test Loss: 0.2700

Epoch 82/100
Average Training Loss: 0.2581
Average Test Loss: 0.2655

Epoch 83/100
Average Training Loss: 0.2593
Average Test Loss: 0.2632

Epoch 84/100
Average Training Loss: 0.2629
Average Test Loss: 0.2740

Epoch 85/100
Average Training Loss: 0.2578
Average Test Loss: 0.2743

Epoch 86/100
Average Training Loss: 0.2568
Average Test Loss: 0.2668

Epoch 87/100
Average Training Loss: 0.2539
Average Test Loss: 0.2599

Epoch 88/100
Average Training Loss: 0.2489
Average Test Loss: 0.2689

Epoch 89/100
Average Training Loss: 0.2490
Average Test Loss: 0.2642

Epoch 90/100
Average Training Loss: 0.2497
Average Test Loss: 0.2888

Epoch 91/100
Average Training Loss: 0.2503
Average Test Loss: 0.2530

Epoch 92/100
Average Training Loss: 0.2494
Average Test Loss: 0.2685

Epoch 93/100
Average Training Loss: 0.2480
Average Test Loss: 0.2604

Epoch 94/100
Average Training Loss: 0.2454
Average Test Loss: 0.2569

Epoch 95/100
Average Training Loss: 0.2389
Average Test Loss: 0.2755

Epoch 96/100
Average Training Loss: 0.2377
Average Test Loss: 0.2697

Epoch 97/100
Average Training Loss: 0.2343
Average Test Loss: 0.2682

Epoch 98/100
Average Training Loss: 0.2339
Average Test Loss: 0.2588

Epoch 99/100
Average Training Loss: 0.2290
Average Test Loss: 0.2603

Epoch 100/100
Average Training Loss: 0.2286
Average Test Loss: 0.2637

--- Training Complete ---
Model saved to /home/matheuscm/trabalho_PCS5024-_Aprendizado_Estat-stico/reports/cenario_H_GRU_temporal_missing_0p5_model_weights.pth
Test predictions CSV saved to /home/matheuscm/trabalho_PCS5024-_Aprendizado_Estat-stico/reports/cenario_H_GRU_temporal_missing_0p5_predictions.csv
Training history CSV saved to /home/matheuscm/trabalho_PCS5024-_Aprendizado_Estat-stico/reports/cenario_H_GRU_temporal_missing_0p5_history.csv
Metrics JSON saved to /home/matheuscm/trabalho_PCS5024-_Aprendizado_Estat-stico/reports/cenario_H_GRU_temporal_missing_0p5_metrics.json
Loss curve saved to /home/matheuscm/trabalho_PCS5024-_Aprendizado_Estat-stico/reports/cenario_H_GRU_temporal_missing_0p5_loss_raw.png
Script finished.
