Command:
.venv/bin/python -m torch.distributed.run --standalone --nnodes 1 --nproc_per_node 4 /home/matheuscm/RNN_with_positional_encoding/PCS5024_EP_Time_Series.py --model_variant gru_base --data_removal_ratio 0.0 --run_name cenario_A_GRU_base_missing_0p0 --objective baseline ideal --output_dir /home/matheuscm/RNN_with_positional_encoding/reports_early_stop_ddp_bs1024 --predictions_csv cenario_A_GRU_base_missing_0p0_predictions.csv --history_csv cenario_A_GRU_base_missing_0p0_history.csv --metrics_json cenario_A_GRU_base_missing_0p0_metrics.json --loss_curve_png cenario_A_GRU_base_missing_0p0_loss_raw.png --model_weights_path cenario_A_GRU_base_missing_0p0_model_weights.pth --data_filename data/santos_ssh.csv --split_date 2020-06-01 00:00:00 --past_len 8000 --future_len 2000 --sliding_window_step 25 --batch_size 256 --num_workers 0 --torch_threads 0 --hidden_size 128 --num_epochs 1000 --learning_rate 0.0002 --weight_decay 1e-05 --early_stopping_patience 50 --early_stopping_min_delta 0.0 --pos_encoding_dim 128 --time_scale 1.0 --seed 100


*****************************************
Setting OMP_NUM_THREADS environment variable for each process to be 1 in default, to avoid your system being overloaded, please further tune the variable for optimal performance in your application as needed. 
*****************************************
Using device: cuda:0
CPU threads per process: 16
CUDA devices available: 4
Using DistributedDataParallel with 4 GPUs
Hyperparameters: model_variant=gru_base, data_removal_ratio=0.0, batch_size_per_process=256, effective_batch_size=1024, hidden_size=128, pos_encoding_dim=128, learning_rate=0.0002, weight_decay=1e-05, sliding_window_step=25, early_stopping_patience=50, early_stopping_min_delta=0.0
Train set size: 21293
Test set size: 4320
Scaling data using Train Mean: shape: (1, 1)
┌──────────┐
│ ssh      │
│ ---      │
│ f32      │
╞══════════╡
│ 0.840088 │
└──────────┘, Train Std: shape: (1, 1)
┌──────────┐
│ ssh      │
│ ---      │
│ f32      │
╞══════════╡
│ 0.386142 │
└──────────┘
Applied missing-data simulation: ratio=0.00, all rows kept.
Creating sequences and dataloaders...
x_train shape: torch.Size([8204, 800, 1]), y_train shape: torch.Size([8204, 200, 1])
x_test shape: torch.Size([1328, 800, 1]), y_test shape: torch.Size([1328, 201, 1])

--- Starting Training ---

Epoch 1/1000
Average Training Loss: 1.0597
Average Test Loss: 0.7658
New best Test Loss: 0.7658 at epoch 1

Epoch 2/1000
Average Training Loss: 1.0311
Average Test Loss: 0.7709
Early stopping patience: 1/50

Epoch 3/1000
Average Training Loss: 1.0147
Average Test Loss: 0.7699
Early stopping patience: 2/50

Epoch 4/1000
Average Training Loss: 0.9941
Average Test Loss: 0.7657
New best Test Loss: 0.7657 at epoch 4

Epoch 5/1000
Average Training Loss: 0.9942
Average Test Loss: 0.7638
New best Test Loss: 0.7638 at epoch 5

Epoch 6/1000
Average Training Loss: 1.0238
Average Test Loss: 0.7611
New best Test Loss: 0.7611 at epoch 6

Epoch 7/1000
Average Training Loss: 1.0138
Average Test Loss: 0.7586
New best Test Loss: 0.7586 at epoch 7

Epoch 8/1000
Average Training Loss: 0.9954
Average Test Loss: 0.7546
New best Test Loss: 0.7546 at epoch 8

Epoch 9/1000
Average Training Loss: 1.0348
Average Test Loss: 0.7506
New best Test Loss: 0.7506 at epoch 9

Epoch 10/1000
Average Training Loss: 1.0002
Average Test Loss: 0.7484
New best Test Loss: 0.7484 at epoch 10

Epoch 11/1000
Average Training Loss: 1.0284
Average Test Loss: 0.7360
New best Test Loss: 0.7360 at epoch 11

Epoch 12/1000
Average Training Loss: 1.0009
Average Test Loss: 0.7316
New best Test Loss: 0.7316 at epoch 12

Epoch 13/1000
Average Training Loss: 0.9708
Average Test Loss: 0.7323
Early stopping patience: 1/50

Epoch 14/1000
Average Training Loss: 0.9581
Average Test Loss: 0.7229
New best Test Loss: 0.7229 at epoch 14

Epoch 15/1000
Average Training Loss: 1.0074
Average Test Loss: 0.7276
Early stopping patience: 1/50

Epoch 16/1000
Average Training Loss: 0.9489
Average Test Loss: 0.7217
New best Test Loss: 0.7217 at epoch 16

Epoch 17/1000
Average Training Loss: 0.9817
Average Test Loss: 0.7223
Early stopping patience: 1/50

Epoch 18/1000
Average Training Loss: 0.9664
Average Test Loss: 0.7192
New best Test Loss: 0.7192 at epoch 18

Epoch 19/1000
Average Training Loss: 0.9735
Average Test Loss: 0.7190
New best Test Loss: 0.7190 at epoch 19

Epoch 20/1000
Average Training Loss: 0.9466
Average Test Loss: 0.7191
Early stopping patience: 1/50

Epoch 21/1000
Average Training Loss: 0.9487
Average Test Loss: 0.7125
New best Test Loss: 0.7125 at epoch 21

Epoch 22/1000
Average Training Loss: 0.9777
Average Test Loss: 0.7124
New best Test Loss: 0.7124 at epoch 22

Epoch 23/1000
Average Training Loss: 0.9505
Average Test Loss: 0.7117
New best Test Loss: 0.7117 at epoch 23

Epoch 24/1000
Average Training Loss: 0.9779
Average Test Loss: 0.7106
New best Test Loss: 0.7106 at epoch 24

Epoch 25/1000
Average Training Loss: 1.0044
Average Test Loss: 0.7136
Early stopping patience: 1/50

Epoch 26/1000
Average Training Loss: 0.9847
Average Test Loss: 0.7112
Early stopping patience: 2/50

Epoch 27/1000
Average Training Loss: 0.9329
Average Test Loss: 0.7038
New best Test Loss: 0.7038 at epoch 27

Epoch 28/1000
Average Training Loss: 0.9533
Average Test Loss: 0.6990
New best Test Loss: 0.6990 at epoch 28

Epoch 29/1000
Average Training Loss: 0.9423
Average Test Loss: 0.6858
New best Test Loss: 0.6858 at epoch 29

Epoch 30/1000
Average Training Loss: 0.8075
Average Test Loss: 0.5755
New best Test Loss: 0.5755 at epoch 30

Epoch 31/1000
Average Training Loss: 0.7048
Average Test Loss: 0.7031
Early stopping patience: 1/50

Epoch 32/1000
Average Training Loss: 0.7061
Average Test Loss: 0.5334
New best Test Loss: 0.5334 at epoch 32

Epoch 33/1000
Average Training Loss: 0.6423
Average Test Loss: 0.5526
Early stopping patience: 1/50

Epoch 34/1000
Average Training Loss: 0.6115
Average Test Loss: 0.5483
Early stopping patience: 2/50

Epoch 35/1000
Average Training Loss: 0.5942
Average Test Loss: 0.5222
New best Test Loss: 0.5222 at epoch 35

Epoch 36/1000
Average Training Loss: 0.6135
Average Test Loss: 0.5317
Early stopping patience: 1/50

Epoch 37/1000
Average Training Loss: 0.5992
Average Test Loss: 0.5493
Early stopping patience: 2/50

Epoch 38/1000
Average Training Loss: 0.5836
Average Test Loss: 0.5163
New best Test Loss: 0.5163 at epoch 38

Epoch 39/1000
Average Training Loss: 0.5631
Average Test Loss: 0.5159
New best Test Loss: 0.5159 at epoch 39

Epoch 40/1000
Average Training Loss: 0.5542
Average Test Loss: 0.5175
Early stopping patience: 1/50

Epoch 41/1000
Average Training Loss: 0.5894
Average Test Loss: 0.5256
Early stopping patience: 2/50

Epoch 42/1000
Average Training Loss: 0.5860
Average Test Loss: 0.5342
Early stopping patience: 3/50

Epoch 43/1000
Average Training Loss: 0.5685
Average Test Loss: 0.5266
Early stopping patience: 4/50

Epoch 44/1000
Average Training Loss: 0.5963
Average Test Loss: 0.5138
New best Test Loss: 0.5138 at epoch 44

Epoch 45/1000
Average Training Loss: 0.5622
Average Test Loss: 0.5062
New best Test Loss: 0.5062 at epoch 45

Epoch 46/1000
Average Training Loss: 0.5669
Average Test Loss: 0.5073
Early stopping patience: 1/50

Epoch 47/1000
Average Training Loss: 0.5887
Average Test Loss: 0.5457
Early stopping patience: 2/50

Epoch 48/1000
Average Training Loss: 0.5574
Average Test Loss: 0.5202
Early stopping patience: 3/50

Epoch 49/1000
Average Training Loss: 0.5604
Average Test Loss: 0.4991
New best Test Loss: 0.4991 at epoch 49

Epoch 50/1000
Average Training Loss: 0.5788
Average Test Loss: 0.4953
New best Test Loss: 0.4953 at epoch 50

Epoch 51/1000
Average Training Loss: 0.5792
Average Test Loss: 0.5032
Early stopping patience: 1/50

Epoch 52/1000
Average Training Loss: 0.5727
Average Test Loss: 0.5182
Early stopping patience: 2/50

Epoch 53/1000
Average Training Loss: 0.5432
Average Test Loss: 0.5058
Early stopping patience: 3/50

Epoch 54/1000
Average Training Loss: 0.5664
Average Test Loss: 0.5140
Early stopping patience: 4/50

Epoch 55/1000
Average Training Loss: 0.5466
Average Test Loss: 0.5071
Early stopping patience: 5/50

Epoch 56/1000
Average Training Loss: 0.5712
Average Test Loss: 0.5125
Early stopping patience: 6/50

Epoch 57/1000
Average Training Loss: 0.5657
Average Test Loss: 0.5511
Early stopping patience: 7/50

Epoch 58/1000
Average Training Loss: 0.5486
Average Test Loss: 0.5134
Early stopping patience: 8/50

Epoch 59/1000
Average Training Loss: 0.5465
Average Test Loss: 0.4982
Early stopping patience: 9/50

Epoch 60/1000
Average Training Loss: 0.5501
Average Test Loss: 0.4887
New best Test Loss: 0.4887 at epoch 60

Epoch 61/1000
Average Training Loss: 0.5349
Average Test Loss: 0.5121
Early stopping patience: 1/50

Epoch 62/1000
Average Training Loss: 0.5245
Average Test Loss: 0.5029
Early stopping patience: 2/50

Epoch 63/1000
Average Training Loss: 0.5376
Average Test Loss: 0.4892
Early stopping patience: 3/50

Epoch 64/1000
Average Training Loss: 0.5407
Average Test Loss: 0.4831
New best Test Loss: 0.4831 at epoch 64

Epoch 65/1000
Average Training Loss: 0.5340
Average Test Loss: 0.4592
New best Test Loss: 0.4592 at epoch 65

Epoch 66/1000
Average Training Loss: 0.5150
Average Test Loss: 0.4600
Early stopping patience: 1/50

Epoch 67/1000
Average Training Loss: 0.4938
Average Test Loss: 0.5103
Early stopping patience: 2/50

Epoch 68/1000
Average Training Loss: 0.4973
Average Test Loss: 0.4679
Early stopping patience: 3/50

Epoch 69/1000
Average Training Loss: 0.5168
Average Test Loss: 0.4493
New best Test Loss: 0.4493 at epoch 69

Epoch 70/1000
Average Training Loss: 0.4899
Average Test Loss: 0.4386
New best Test Loss: 0.4386 at epoch 70

Epoch 71/1000
Average Training Loss: 0.4646
Average Test Loss: 0.4201
New best Test Loss: 0.4201 at epoch 71

Epoch 72/1000
Average Training Loss: 0.4717
Average Test Loss: 0.4234
Early stopping patience: 1/50

Epoch 73/1000
Average Training Loss: 0.4515
Average Test Loss: 0.4134
New best Test Loss: 0.4134 at epoch 73

Epoch 74/1000
Average Training Loss: 0.4358
Average Test Loss: 0.4256
Early stopping patience: 1/50

Epoch 75/1000
Average Training Loss: 0.4444
Average Test Loss: 0.4038
New best Test Loss: 0.4038 at epoch 75

Epoch 76/1000
Average Training Loss: 0.4388
Average Test Loss: 0.4067
Early stopping patience: 1/50

Epoch 77/1000
Average Training Loss: 0.4446
Average Test Loss: 0.4075
Early stopping patience: 2/50

Epoch 78/1000
Average Training Loss: 0.4421
Average Test Loss: 0.4198
Early stopping patience: 3/50

Epoch 79/1000
Average Training Loss: 0.4530
Average Test Loss: 0.4083
Early stopping patience: 4/50

Epoch 80/1000
Average Training Loss: 0.4471
Average Test Loss: 0.4260
Early stopping patience: 5/50

Epoch 81/1000
Average Training Loss: 0.4580
Average Test Loss: 0.3907
New best Test Loss: 0.3907 at epoch 81

Epoch 82/1000
Average Training Loss: 0.4289
Average Test Loss: 0.3977
Early stopping patience: 1/50

Epoch 83/1000
Average Training Loss: 0.4257
Average Test Loss: 0.3832
New best Test Loss: 0.3832 at epoch 83

Epoch 84/1000
Average Training Loss: 0.4339
Average Test Loss: 0.3895
Early stopping patience: 1/50

Epoch 85/1000
Average Training Loss: 0.4382
Average Test Loss: 0.3863
Early stopping patience: 2/50

Epoch 86/1000
Average Training Loss: 0.4392
Average Test Loss: 0.3877
Early stopping patience: 3/50

Epoch 87/1000
Average Training Loss: 0.4211
Average Test Loss: 0.3883
Early stopping patience: 4/50

Epoch 88/1000
Average Training Loss: 0.4487
Average Test Loss: 0.3989
Early stopping patience: 5/50

Epoch 89/1000
Average Training Loss: 0.4356
Average Test Loss: 0.4008
Early stopping patience: 6/50

Epoch 90/1000
Average Training Loss: 0.4389
Average Test Loss: 0.3925
Early stopping patience: 7/50

Epoch 91/1000
Average Training Loss: 0.4504
Average Test Loss: 0.3822
New best Test Loss: 0.3822 at epoch 91

Epoch 92/1000
Average Training Loss: 0.4317
Average Test Loss: 0.3850
Early stopping patience: 1/50

Epoch 93/1000
Average Training Loss: 0.4415
Average Test Loss: 0.3880
Early stopping patience: 2/50

Epoch 94/1000
Average Training Loss: 0.4216
Average Test Loss: 0.3844
Early stopping patience: 3/50

Epoch 95/1000
Average Training Loss: 0.4186
Average Test Loss: 0.3847
Early stopping patience: 4/50

Epoch 96/1000
Average Training Loss: 0.4233
Average Test Loss: 0.3843
Early stopping patience: 5/50

Epoch 97/1000
Average Training Loss: 0.4275
Average Test Loss: 0.3800
New best Test Loss: 0.3800 at epoch 97

Epoch 98/1000
Average Training Loss: 0.4374
Average Test Loss: 0.3934
Early stopping patience: 1/50

Epoch 99/1000
Average Training Loss: 0.4154
Average Test Loss: 0.3968
Early stopping patience: 2/50

Epoch 100/1000
Average Training Loss: 0.4367
Average Test Loss: 0.3802
Early stopping patience: 3/50

Epoch 101/1000
Average Training Loss: 0.4298
Average Test Loss: 0.3890
Early stopping patience: 4/50

Epoch 102/1000
Average Training Loss: 0.4482
Average Test Loss: 0.4010
Early stopping patience: 5/50

Epoch 103/1000
Average Training Loss: 0.4187
Average Test Loss: 0.3834
Early stopping patience: 6/50

Epoch 104/1000
Average Training Loss: 0.4178
Average Test Loss: 0.3801
Early stopping patience: 7/50

Epoch 105/1000
Average Training Loss: 0.4239
Average Test Loss: 0.3811
Early stopping patience: 8/50

Epoch 106/1000
Average Training Loss: 0.4506
Average Test Loss: 0.3934
Early stopping patience: 9/50

Epoch 107/1000
Average Training Loss: 0.4146
Average Test Loss: 0.3873
Early stopping patience: 10/50

Epoch 108/1000
Average Training Loss: 0.4306
Average Test Loss: 0.3830
Early stopping patience: 11/50

Epoch 109/1000
Average Training Loss: 0.4373
Average Test Loss: 0.3942
Early stopping patience: 12/50

Epoch 110/1000
Average Training Loss: 0.4299
Average Test Loss: 0.3785
New best Test Loss: 0.3785 at epoch 110

Epoch 111/1000
Average Training Loss: 0.4419
Average Test Loss: 0.3793
Early stopping patience: 1/50

Epoch 112/1000
Average Training Loss: 0.4135
Average Test Loss: 0.3963
Early stopping patience: 2/50

Epoch 113/1000
Average Training Loss: 0.4319
Average Test Loss: 0.3722
New best Test Loss: 0.3722 at epoch 113

Epoch 114/1000
Average Training Loss: 0.4225
Average Test Loss: 0.3762
Early stopping patience: 1/50

Epoch 115/1000
Average Training Loss: 0.4486
Average Test Loss: 0.3767
Early stopping patience: 2/50

Epoch 116/1000
Average Training Loss: 0.4283
Average Test Loss: 0.3753
Early stopping patience: 3/50

Epoch 117/1000
Average Training Loss: 0.4132
Average Test Loss: 0.4122
Early stopping patience: 4/50

Epoch 118/1000
Average Training Loss: 0.4376
Average Test Loss: 0.3744
Early stopping patience: 5/50

Epoch 119/1000
Average Training Loss: 0.4213
Average Test Loss: 0.3727
Early stopping patience: 6/50

Epoch 120/1000
Average Training Loss: 0.4120
Average Test Loss: 0.3888
Early stopping patience: 7/50

Epoch 121/1000
Average Training Loss: 0.4204
Average Test Loss: 0.3791
Early stopping patience: 8/50

Epoch 122/1000
Average Training Loss: 0.4222
Average Test Loss: 0.3795
Early stopping patience: 9/50

Epoch 123/1000
Average Training Loss: 0.4122
Average Test Loss: 0.3787
Early stopping patience: 10/50

Epoch 124/1000
Average Training Loss: 0.4196
Average Test Loss: 0.3880
Early stopping patience: 11/50

Epoch 125/1000
Average Training Loss: 0.4053
Average Test Loss: 0.3802
Early stopping patience: 12/50

Epoch 126/1000
Average Training Loss: 0.4292
Average Test Loss: 0.3767
Early stopping patience: 13/50

Epoch 127/1000
Average Training Loss: 0.4176
Average Test Loss: 0.3727
Early stopping patience: 14/50

Epoch 128/1000
Average Training Loss: 0.4101
Average Test Loss: 0.4274
Early stopping patience: 15/50

Epoch 129/1000
Average Training Loss: 0.4260
Average Test Loss: 0.3913
Early stopping patience: 16/50

Epoch 130/1000
Average Training Loss: 0.4445
Average Test Loss: 0.3769
Early stopping patience: 17/50

Epoch 131/1000
Average Training Loss: 0.4104
Average Test Loss: 0.3716
New best Test Loss: 0.3716 at epoch 131

Epoch 132/1000
Average Training Loss: 0.4212
Average Test Loss: 0.3809
Early stopping patience: 1/50

Epoch 133/1000
Average Training Loss: 0.4169
Average Test Loss: 0.3917
Early stopping patience: 2/50

Epoch 134/1000
Average Training Loss: 0.4354
Average Test Loss: 0.3717
Early stopping patience: 3/50

Epoch 135/1000
Average Training Loss: 0.4035
Average Test Loss: 0.3680
New best Test Loss: 0.3680 at epoch 135

Epoch 136/1000
Average Training Loss: 0.4165
Average Test Loss: 0.3736
Early stopping patience: 1/50

Epoch 137/1000
Average Training Loss: 0.4193
Average Test Loss: 0.3734
Early stopping patience: 2/50

Epoch 138/1000
Average Training Loss: 0.4007
Average Test Loss: 0.3713
Early stopping patience: 3/50

Epoch 139/1000
Average Training Loss: 0.4079
Average Test Loss: 0.3881
Early stopping patience: 4/50

Epoch 140/1000
Average Training Loss: 0.4011
Average Test Loss: 0.3688
Early stopping patience: 5/50

Epoch 141/1000
Average Training Loss: 0.4416
Average Test Loss: 0.3718
Early stopping patience: 6/50

Epoch 142/1000
Average Training Loss: 0.4194
Average Test Loss: 0.3754
Early stopping patience: 7/50

Epoch 143/1000
Average Training Loss: 0.4331
Average Test Loss: 0.3686
Early stopping patience: 8/50

Epoch 144/1000
Average Training Loss: 0.4328
Average Test Loss: 0.3848
Early stopping patience: 9/50

Epoch 145/1000
Average Training Loss: 0.4106
Average Test Loss: 0.3713
Early stopping patience: 10/50

Epoch 146/1000
Average Training Loss: 0.4155
Average Test Loss: 0.3653
New best Test Loss: 0.3653 at epoch 146

Epoch 147/1000
Average Training Loss: 0.4032
Average Test Loss: 0.3701
Early stopping patience: 1/50

Epoch 148/1000
Average Training Loss: 0.4293
Average Test Loss: 0.3754
Early stopping patience: 2/50

Epoch 149/1000
Average Training Loss: 0.4055
Average Test Loss: 0.3782
Early stopping patience: 3/50

Epoch 150/1000
Average Training Loss: 0.4108
Average Test Loss: 0.3691
Early stopping patience: 4/50

Epoch 151/1000
Average Training Loss: 0.4445
Average Test Loss: 0.3906
Early stopping patience: 5/50

Epoch 152/1000
Average Training Loss: 0.4163
Average Test Loss: 0.3713
Early stopping patience: 6/50

Epoch 153/1000
Average Training Loss: 0.3939
Average Test Loss: 0.3692
Early stopping patience: 7/50

Epoch 154/1000
Average Training Loss: 0.4320
Average Test Loss: 0.3879
Early stopping patience: 8/50

Epoch 155/1000
Average Training Loss: 0.4371
Average Test Loss: 0.3756
Early stopping patience: 9/50

Epoch 156/1000
Average Training Loss: 0.4181
Average Test Loss: 0.3716
Early stopping patience: 10/50

Epoch 157/1000
Average Training Loss: 0.4132
Average Test Loss: 0.3668
Early stopping patience: 11/50

Epoch 158/1000
Average Training Loss: 0.4134
Average Test Loss: 0.3742
Early stopping patience: 12/50

Epoch 159/1000
Average Training Loss: 0.4068
Average Test Loss: 0.3773
Early stopping patience: 13/50

Epoch 160/1000
Average Training Loss: 0.4225
Average Test Loss: 0.3741
Early stopping patience: 14/50

Epoch 161/1000
Average Training Loss: 0.4219
Average Test Loss: 0.3903
Early stopping patience: 15/50

Epoch 162/1000
Average Training Loss: 0.4178
Average Test Loss: 0.3696
Early stopping patience: 16/50

Epoch 163/1000
Average Training Loss: 0.4087
Average Test Loss: 0.3659
Early stopping patience: 17/50

Epoch 164/1000
Average Training Loss: 0.4199
Average Test Loss: 0.3763
Early stopping patience: 18/50

Epoch 165/1000
Average Training Loss: 0.4188
Average Test Loss: 0.3847
Early stopping patience: 19/50

Epoch 166/1000
Average Training Loss: 0.4063
Average Test Loss: 0.3699
Early stopping patience: 20/50

Epoch 167/1000
Average Training Loss: 0.4187
Average Test Loss: 0.3696
Early stopping patience: 21/50

Epoch 168/1000
Average Training Loss: 0.4237
Average Test Loss: 0.3698
Early stopping patience: 22/50

Epoch 169/1000
Average Training Loss: 0.4083
Average Test Loss: 0.3715
Early stopping patience: 23/50

Epoch 170/1000
Average Training Loss: 0.4201
Average Test Loss: 0.3847
Early stopping patience: 24/50

Epoch 171/1000
Average Training Loss: 0.4149
Average Test Loss: 0.3738
Early stopping patience: 25/50

Epoch 172/1000
Average Training Loss: 0.4019
Average Test Loss: 0.3756
Early stopping patience: 26/50

Epoch 173/1000
Average Training Loss: 0.4196
Average Test Loss: 0.3786
Early stopping patience: 27/50

Epoch 174/1000
Average Training Loss: 0.4285
Average Test Loss: 0.3719
Early stopping patience: 28/50

Epoch 175/1000
Average Training Loss: 0.4155
Average Test Loss: 0.3800
Early stopping patience: 29/50

Epoch 176/1000
Average Training Loss: 0.3865
Average Test Loss: 0.3649
New best Test Loss: 0.3649 at epoch 176

Epoch 177/1000
Average Training Loss: 0.4082
Average Test Loss: 0.3687
Early stopping patience: 1/50

Epoch 178/1000
Average Training Loss: 0.4059
Average Test Loss: 0.3696
Early stopping patience: 2/50

Epoch 179/1000
Average Training Loss: 0.4195
Average Test Loss: 0.4378
Early stopping patience: 3/50

Epoch 180/1000
Average Training Loss: 0.4135
Average Test Loss: 0.3669
Early stopping patience: 4/50

Epoch 181/1000
Average Training Loss: 0.4006
Average Test Loss: 0.3645
New best Test Loss: 0.3645 at epoch 181

Epoch 182/1000
Average Training Loss: 0.4232
Average Test Loss: 0.3650
Early stopping patience: 1/50

Epoch 183/1000
Average Training Loss: 0.4221
Average Test Loss: 0.3639
New best Test Loss: 0.3639 at epoch 183

Epoch 184/1000
Average Training Loss: 0.4156
Average Test Loss: 0.3679
Early stopping patience: 1/50

Epoch 185/1000
Average Training Loss: 0.4389
Average Test Loss: 0.3731
Early stopping patience: 2/50

Epoch 186/1000
Average Training Loss: 0.3988
Average Test Loss: 0.3800
Early stopping patience: 3/50

Epoch 187/1000
Average Training Loss: 0.4105
Average Test Loss: 0.4016
Early stopping patience: 4/50

Epoch 188/1000
Average Training Loss: 0.4248
Average Test Loss: 0.3689
Early stopping patience: 5/50

Epoch 189/1000
Average Training Loss: 0.4191
Average Test Loss: 0.3668
Early stopping patience: 6/50

Epoch 190/1000
Average Training Loss: 0.3917
Average Test Loss: 0.3773
Early stopping patience: 7/50

Epoch 191/1000
Average Training Loss: 0.4390
Average Test Loss: 0.3787
Early stopping patience: 8/50

Epoch 192/1000
Average Training Loss: 0.4111
Average Test Loss: 0.3842
Early stopping patience: 9/50

Epoch 193/1000
Average Training Loss: 0.4135
Average Test Loss: 0.3958
Early stopping patience: 10/50

Epoch 194/1000
Average Training Loss: 0.3986
Average Test Loss: 0.3699
Early stopping patience: 11/50

Epoch 195/1000
Average Training Loss: 0.4340
Average Test Loss: 0.3757
Early stopping patience: 12/50

Epoch 196/1000
Average Training Loss: 0.4154
Average Test Loss: 0.3816
Early stopping patience: 13/50

Epoch 197/1000
Average Training Loss: 0.4093
Average Test Loss: 0.4117
Early stopping patience: 14/50

Epoch 198/1000
Average Training Loss: 0.4192
Average Test Loss: 0.3649
Early stopping patience: 15/50

Epoch 199/1000
Average Training Loss: 0.4000
Average Test Loss: 0.3647
Early stopping patience: 16/50

Epoch 200/1000
Average Training Loss: 0.4187
Average Test Loss: 0.3965
Early stopping patience: 17/50

Epoch 201/1000
Average Training Loss: 0.4087
Average Test Loss: 0.3782
Early stopping patience: 18/50

Epoch 202/1000
Average Training Loss: 0.4117
Average Test Loss: 0.3687
Early stopping patience: 19/50

Epoch 203/1000
Average Training Loss: 0.4376
Average Test Loss: 0.3741
Early stopping patience: 20/50

Epoch 204/1000
Average Training Loss: 0.4427
Average Test Loss: 0.3856
Early stopping patience: 21/50

Epoch 205/1000
Average Training Loss: 0.4079
Average Test Loss: 0.3685
Early stopping patience: 22/50

Epoch 206/1000
Average Training Loss: 0.4386
Average Test Loss: 0.3853
Early stopping patience: 23/50

Epoch 207/1000
Average Training Loss: 0.4012
Average Test Loss: 0.3629
New best Test Loss: 0.3629 at epoch 207

Epoch 208/1000
Average Training Loss: 0.4020
Average Test Loss: 0.3611
New best Test Loss: 0.3611 at epoch 208

Epoch 209/1000
Average Training Loss: 0.4102
Average Test Loss: 0.3630
Early stopping patience: 1/50

Epoch 210/1000
Average Training Loss: 0.3997
Average Test Loss: 0.3663
Early stopping patience: 2/50

Epoch 211/1000
Average Training Loss: 0.4014
Average Test Loss: 0.3641
Early stopping patience: 3/50

Epoch 212/1000
Average Training Loss: 0.4229
Average Test Loss: 0.3619
Early stopping patience: 4/50

Epoch 213/1000
Average Training Loss: 0.4066
Average Test Loss: 0.3626
Early stopping patience: 5/50

Epoch 214/1000
Average Training Loss: 0.4134
Average Test Loss: 0.3648
Early stopping patience: 6/50

Epoch 215/1000
Average Training Loss: 0.4028
Average Test Loss: 0.3679
Early stopping patience: 7/50

Epoch 216/1000
Average Training Loss: 0.4161
Average Test Loss: 0.3712
Early stopping patience: 8/50

Epoch 217/1000
Average Training Loss: 0.3988
Average Test Loss: 0.3860
Early stopping patience: 9/50

Epoch 218/1000
Average Training Loss: 0.4340
Average Test Loss: 0.3628
Early stopping patience: 10/50

Epoch 219/1000
Average Training Loss: 0.4244
Average Test Loss: 0.3661
Early stopping patience: 11/50

Epoch 220/1000
Average Training Loss: 0.4179
Average Test Loss: 0.3670
Early stopping patience: 12/50

Epoch 221/1000
Average Training Loss: 0.4148
Average Test Loss: 0.3702
Early stopping patience: 13/50

Epoch 222/1000
Average Training Loss: 0.3995
Average Test Loss: 0.3730
Early stopping patience: 14/50

Epoch 223/1000
Average Training Loss: 0.3952
Average Test Loss: 0.3688
Early stopping patience: 15/50

Epoch 224/1000
Average Training Loss: 0.4097
Average Test Loss: 0.3600
New best Test Loss: 0.3600 at epoch 224

Epoch 225/1000
Average Training Loss: 0.3963
Average Test Loss: 0.3626
Early stopping patience: 1/50

Epoch 226/1000
Average Training Loss: 0.4061
Average Test Loss: 0.3720
Early stopping patience: 2/50

Epoch 227/1000
Average Training Loss: 0.4043
Average Test Loss: 0.3760
Early stopping patience: 3/50

Epoch 228/1000
Average Training Loss: 0.3888
Average Test Loss: 0.3716
Early stopping patience: 4/50

Epoch 229/1000
Average Training Loss: 0.4134
Average Test Loss: 0.3926
Early stopping patience: 5/50

Epoch 230/1000
Average Training Loss: 0.4095
Average Test Loss: 0.3643
Early stopping patience: 6/50

Epoch 231/1000
Average Training Loss: 0.4278
Average Test Loss: 0.3662
Early stopping patience: 7/50

Epoch 232/1000
Average Training Loss: 0.3943
Average Test Loss: 0.3671
Early stopping patience: 8/50

Epoch 233/1000
Average Training Loss: 0.3976
Average Test Loss: 0.3657
Early stopping patience: 9/50

Epoch 234/1000
Average Training Loss: 0.3979
Average Test Loss: 0.3833
Early stopping patience: 10/50

Epoch 235/1000
Average Training Loss: 0.4003
Average Test Loss: 0.3740
Early stopping patience: 11/50

Epoch 236/1000
Average Training Loss: 0.4269
Average Test Loss: 0.3643
Early stopping patience: 12/50

Epoch 237/1000
Average Training Loss: 0.4029
Average Test Loss: 0.3660
Early stopping patience: 13/50

Epoch 238/1000
Average Training Loss: 0.4089
Average Test Loss: 0.3713
Early stopping patience: 14/50

Epoch 239/1000
Average Training Loss: 0.4060
Average Test Loss: 0.3742
Early stopping patience: 15/50

Epoch 240/1000
Average Training Loss: 0.3965
Average Test Loss: 0.3706
Early stopping patience: 16/50

Epoch 241/1000
Average Training Loss: 0.4164
Average Test Loss: 0.3611
Early stopping patience: 17/50

Epoch 242/1000
Average Training Loss: 0.3968
Average Test Loss: 0.3615
Early stopping patience: 18/50

Epoch 243/1000
Average Training Loss: 0.3958
Average Test Loss: 0.3594
New best Test Loss: 0.3594 at epoch 243

Epoch 244/1000
Average Training Loss: 0.4030
Average Test Loss: 0.3587
New best Test Loss: 0.3587 at epoch 244

Epoch 245/1000
Average Training Loss: 0.4142
Average Test Loss: 0.3710
Early stopping patience: 1/50

Epoch 246/1000
Average Training Loss: 0.4376
Average Test Loss: 0.3658
Early stopping patience: 2/50

Epoch 247/1000
Average Training Loss: 0.4060
Average Test Loss: 0.3776
Early stopping patience: 3/50

Epoch 248/1000
Average Training Loss: 0.3962
Average Test Loss: 0.3645
Early stopping patience: 4/50

Epoch 249/1000
Average Training Loss: 0.3967
Average Test Loss: 0.3928
Early stopping patience: 5/50

Epoch 250/1000
Average Training Loss: 0.4104
Average Test Loss: 0.3694
Early stopping patience: 6/50

Epoch 251/1000
Average Training Loss: 0.3938
Average Test Loss: 0.3749
Early stopping patience: 7/50

Epoch 252/1000
Average Training Loss: 0.4139
Average Test Loss: 0.3622
Early stopping patience: 8/50

Epoch 253/1000
Average Training Loss: 0.3889
Average Test Loss: 0.3615
Early stopping patience: 9/50

Epoch 254/1000
Average Training Loss: 0.4188
Average Test Loss: 0.3830
Early stopping patience: 10/50

Epoch 255/1000
Average Training Loss: 0.4219
Average Test Loss: 0.3711
Early stopping patience: 11/50

Epoch 256/1000
Average Training Loss: 0.4038
Average Test Loss: 0.3617
Early stopping patience: 12/50

Epoch 257/1000
Average Training Loss: 0.4053
Average Test Loss: 0.3759
Early stopping patience: 13/50

Epoch 258/1000
Average Training Loss: 0.4336
Average Test Loss: 0.3766
Early stopping patience: 14/50

Epoch 259/1000
Average Training Loss: 0.4004
Average Test Loss: 0.3623
Early stopping patience: 15/50

Epoch 260/1000
Average Training Loss: 0.3931
Average Test Loss: 0.3626
Early stopping patience: 16/50

Epoch 261/1000
Average Training Loss: 0.4132
Average Test Loss: 0.3636
Early stopping patience: 17/50

Epoch 262/1000
Average Training Loss: 0.4044
Average Test Loss: 0.3646
Early stopping patience: 18/50

Epoch 263/1000
Average Training Loss: 0.4097
Average Test Loss: 0.3646
Early stopping patience: 19/50

Epoch 264/1000
Average Training Loss: 0.4096
Average Test Loss: 0.3634
Early stopping patience: 20/50

Epoch 265/1000
Average Training Loss: 0.3875
Average Test Loss: 0.3718
Early stopping patience: 21/50

Epoch 266/1000
Average Training Loss: 0.4030
Average Test Loss: 0.3639
Early stopping patience: 22/50

Epoch 267/1000
Average Training Loss: 0.3882
Average Test Loss: 0.3706
Early stopping patience: 23/50

Epoch 268/1000
Average Training Loss: 0.4025
Average Test Loss: 0.3670
Early stopping patience: 24/50

Epoch 269/1000
Average Training Loss: 0.4051
Average Test Loss: 0.3650
Early stopping patience: 25/50

Epoch 270/1000
Average Training Loss: 0.4090
Average Test Loss: 0.3797
Early stopping patience: 26/50

Epoch 271/1000
Average Training Loss: 0.3988
Average Test Loss: 0.3697
Early stopping patience: 27/50

Epoch 272/1000
Average Training Loss: 0.3921
Average Test Loss: 0.3761
Early stopping patience: 28/50

Epoch 273/1000
Average Training Loss: 0.3914
Average Test Loss: 0.3749
Early stopping patience: 29/50

Epoch 274/1000
Average Training Loss: 0.4020
Average Test Loss: 0.3717
Early stopping patience: 30/50

Epoch 275/1000
Average Training Loss: 0.3936
Average Test Loss: 0.3622
Early stopping patience: 31/50

Epoch 276/1000
Average Training Loss: 0.4069
Average Test Loss: 0.3620
Early stopping patience: 32/50

Epoch 277/1000
Average Training Loss: 0.4085
Average Test Loss: 0.3632
Early stopping patience: 33/50

Epoch 278/1000
Average Training Loss: 0.3913
Average Test Loss: 0.3644
Early stopping patience: 34/50

Epoch 279/1000
Average Training Loss: 0.3891
Average Test Loss: 0.3702
Early stopping patience: 35/50

Epoch 280/1000
Average Training Loss: 0.3947
Average Test Loss: 0.3717
Early stopping patience: 36/50

Epoch 281/1000
Average Training Loss: 0.3956
Average Test Loss: 0.3675
Early stopping patience: 37/50

Epoch 282/1000
Average Training Loss: 0.3940
Average Test Loss: 0.3689
Early stopping patience: 38/50

Epoch 283/1000
Average Training Loss: 0.4171
Average Test Loss: 0.3590
Early stopping patience: 39/50

Epoch 284/1000
Average Training Loss: 0.4152
Average Test Loss: 0.3586
New best Test Loss: 0.3586 at epoch 284

Epoch 285/1000
Average Training Loss: 0.3977
Average Test Loss: 0.3678
Early stopping patience: 1/50

Epoch 286/1000
Average Training Loss: 0.3872
Average Test Loss: 0.3592
Early stopping patience: 2/50

Epoch 287/1000
Average Training Loss: 0.3897
Average Test Loss: 0.3565
New best Test Loss: 0.3565 at epoch 287

Epoch 288/1000
Average Training Loss: 0.4039
Average Test Loss: 0.3622
Early stopping patience: 1/50

Epoch 289/1000
Average Training Loss: 0.3841
Average Test Loss: 0.3724
Early stopping patience: 2/50

Epoch 290/1000
Average Training Loss: 0.3934
Average Test Loss: 0.3614
Early stopping patience: 3/50

Epoch 291/1000
Average Training Loss: 0.4154
Average Test Loss: 0.3632
Early stopping patience: 4/50

Epoch 292/1000
Average Training Loss: 0.3935
Average Test Loss: 0.3629
Early stopping patience: 5/50

Epoch 293/1000
Average Training Loss: 0.4213
Average Test Loss: 0.3645
Early stopping patience: 6/50

Epoch 294/1000
Average Training Loss: 0.4089
Average Test Loss: 0.3734
Early stopping patience: 7/50

Epoch 295/1000
Average Training Loss: 0.4094
Average Test Loss: 0.3693
Early stopping patience: 8/50

Epoch 296/1000
Average Training Loss: 0.4163
Average Test Loss: 0.3620
Early stopping patience: 9/50

Epoch 297/1000
Average Training Loss: 0.4057
Average Test Loss: 0.3666
Early stopping patience: 10/50

Epoch 298/1000
Average Training Loss: 0.4098
Average Test Loss: 0.3600
Early stopping patience: 11/50

Epoch 299/1000
Average Training Loss: 0.4012
Average Test Loss: 0.3652
Early stopping patience: 12/50

Epoch 300/1000
Average Training Loss: 0.3858
Average Test Loss: 0.3618
Early stopping patience: 13/50

Epoch 301/1000
Average Training Loss: 0.3955
Average Test Loss: 0.3660
Early stopping patience: 14/50

Epoch 302/1000
Average Training Loss: 0.3917
Average Test Loss: 0.3602
Early stopping patience: 15/50

Epoch 303/1000
Average Training Loss: 0.4017
Average Test Loss: 0.3748
Early stopping patience: 16/50

Epoch 304/1000
Average Training Loss: 0.3931
Average Test Loss: 0.3730
Early stopping patience: 17/50

Epoch 305/1000
Average Training Loss: 0.3964
Average Test Loss: 0.3740
Early stopping patience: 18/50

Epoch 306/1000
Average Training Loss: 0.3974
Average Test Loss: 0.3645
Early stopping patience: 19/50

Epoch 307/1000
Average Training Loss: 0.4090
Average Test Loss: 0.3754
Early stopping patience: 20/50

Epoch 308/1000
Average Training Loss: 0.4008
Average Test Loss: 0.3594
Early stopping patience: 21/50

Epoch 309/1000
Average Training Loss: 0.4100
Average Test Loss: 0.3758
Early stopping patience: 22/50

Epoch 310/1000
Average Training Loss: 0.3900
Average Test Loss: 0.3596
Early stopping patience: 23/50

Epoch 311/1000
Average Training Loss: 0.4134
Average Test Loss: 0.3583
Early stopping patience: 24/50

Epoch 312/1000
Average Training Loss: 0.4112
Average Test Loss: 0.3715
Early stopping patience: 25/50

Epoch 313/1000
Average Training Loss: 0.4120
Average Test Loss: 0.3641
Early stopping patience: 26/50

Epoch 314/1000
Average Training Loss: 0.4074
Average Test Loss: 0.3674
Early stopping patience: 27/50

Epoch 315/1000
Average Training Loss: 0.4094
Average Test Loss: 0.3667
Early stopping patience: 28/50

Epoch 316/1000
Average Training Loss: 0.4214
Average Test Loss: 0.4166
Early stopping patience: 29/50

Epoch 317/1000
Average Training Loss: 0.4298
Average Test Loss: 0.3672
Early stopping patience: 30/50

Epoch 318/1000
Average Training Loss: 0.3892
Average Test Loss: 0.3728
Early stopping patience: 31/50

Epoch 319/1000
Average Training Loss: 0.4193
Average Test Loss: 0.3609
Early stopping patience: 32/50

Epoch 320/1000
Average Training Loss: 0.3878
Average Test Loss: 0.3689
Early stopping patience: 33/50

Epoch 321/1000
Average Training Loss: 0.4097
Average Test Loss: 0.3606
Early stopping patience: 34/50

Epoch 322/1000
Average Training Loss: 0.4003
Average Test Loss: 0.3898
Early stopping patience: 35/50

Epoch 323/1000
Average Training Loss: 0.4192
Average Test Loss: 0.3665
Early stopping patience: 36/50

Epoch 324/1000
Average Training Loss: 0.4227
Average Test Loss: 0.3706
Early stopping patience: 37/50

Epoch 325/1000
Average Training Loss: 0.3882
Average Test Loss: 0.3707
Early stopping patience: 38/50

Epoch 326/1000
Average Training Loss: 0.4055
Average Test Loss: 0.3582
Early stopping patience: 39/50

Epoch 327/1000
Average Training Loss: 0.4430
Average Test Loss: 0.3946
Early stopping patience: 40/50

Epoch 328/1000
Average Training Loss: 0.4134
Average Test Loss: 0.3653
Early stopping patience: 41/50

Epoch 329/1000
Average Training Loss: 0.4231
Average Test Loss: 0.3669
Early stopping patience: 42/50

Epoch 330/1000
Average Training Loss: 0.3875
Average Test Loss: 0.3667
Early stopping patience: 43/50

Epoch 331/1000
Average Training Loss: 0.3788
Average Test Loss: 0.3681
Early stopping patience: 44/50

Epoch 332/1000
Average Training Loss: 0.4000
Average Test Loss: 0.3591
Early stopping patience: 45/50

Epoch 333/1000
Average Training Loss: 0.4228
Average Test Loss: 0.4058
Early stopping patience: 46/50

Epoch 334/1000
Average Training Loss: 0.4000
Average Test Loss: 0.3642
Early stopping patience: 47/50

Epoch 335/1000
Average Training Loss: 0.4050
Average Test Loss: 0.3576
Early stopping patience: 48/50

Epoch 336/1000
Average Training Loss: 0.3905
Average Test Loss: 0.3660
Early stopping patience: 49/50

Epoch 337/1000
Average Training Loss: 0.3890
Average Test Loss: 0.3723
Early stopping patience: 50/50
Early stopping triggered: best epoch 287, best test loss 0.3565

--- Training Complete ---
Best checkpoint restored before final evaluation: epoch 287
Model saved to /home/matheuscm/RNN_with_positional_encoding/reports_early_stop_ddp_bs1024/cenario_A_GRU_base_missing_0p0_model_weights.pth
Test predictions CSV saved to /home/matheuscm/RNN_with_positional_encoding/reports_early_stop_ddp_bs1024/cenario_A_GRU_base_missing_0p0_predictions.csv
Training history CSV saved to /home/matheuscm/RNN_with_positional_encoding/reports_early_stop_ddp_bs1024/cenario_A_GRU_base_missing_0p0_history.csv
Metrics JSON saved to /home/matheuscm/RNN_with_positional_encoding/reports_early_stop_ddp_bs1024/cenario_A_GRU_base_missing_0p0_metrics.json
Loss curve saved to /home/matheuscm/RNN_with_positional_encoding/reports_early_stop_ddp_bs1024/cenario_A_GRU_base_missing_0p0_loss_raw.png
Script finished.
