Command:
.venv/bin/python -m torch.distributed.run --standalone --nnodes 1 --nproc_per_node 4 /home/matheuscm/RNN_with_positional_encoding/PCS5024_EP_Time_Series.py --model_variant gru_base --data_removal_ratio 0.3 --run_name cenario_C_GRU_base_missing_0p3 --objective degradacao principal --output_dir /home/matheuscm/RNN_with_positional_encoding/reports_early_stop_ddp_bs1024 --predictions_csv cenario_C_GRU_base_missing_0p3_predictions.csv --history_csv cenario_C_GRU_base_missing_0p3_history.csv --metrics_json cenario_C_GRU_base_missing_0p3_metrics.json --loss_curve_png cenario_C_GRU_base_missing_0p3_loss_raw.png --model_weights_path cenario_C_GRU_base_missing_0p3_model_weights.pth --data_filename data/santos_ssh.csv --split_date 2020-06-01 00:00:00 --past_len 8000 --future_len 2000 --sliding_window_step 25 --batch_size 256 --num_workers 0 --torch_threads 0 --hidden_size 128 --num_epochs 1000 --learning_rate 0.0002 --weight_decay 1e-05 --early_stopping_patience 50 --early_stopping_min_delta 0.0 --pos_encoding_dim 128 --time_scale 1.0 --seed 100


*****************************************
Setting OMP_NUM_THREADS environment variable for each process to be 1 in default, to avoid your system being overloaded, please further tune the variable for optimal performance in your application as needed. 
*****************************************
Using device: cuda:0
CPU threads per process: 16
CUDA devices available: 4
Using DistributedDataParallel with 4 GPUs
Hyperparameters: model_variant=gru_base, data_removal_ratio=0.3, batch_size_per_process=256, effective_batch_size=1024, hidden_size=128, pos_encoding_dim=128, learning_rate=0.0002, weight_decay=1e-05, sliding_window_step=25, early_stopping_patience=50, early_stopping_min_delta=0.0
Train set size: 21293
Test set size: 4320
Scaling data using Train Mean: shape: (1, 1)
┌──────────┐
│ ssh      │
│ ---      │
│ f32      │
╞══════════╡
│ 0.840088 │
└──────────┘, Train Std: shape: (1, 1)
┌──────────┐
│ ssh      │
│ ---      │
│ f32      │
╞══════════╡
│ 0.386142 │
└──────────┘
Applied missing-data simulation: ratio=0.30, train_kept=14905/21293, test_kept=3024/4320
Creating sequences and dataloaders...
x_train shape: torch.Size([8204, 596, 1]), y_train shape: torch.Size([8204, 159, 1])
x_test shape: torch.Size([1328, 587, 1]), y_test shape: torch.Size([1328, 155, 1])

--- Starting Training ---

Epoch 1/1000
Average Training Loss: 1.0689
Average Test Loss: 0.7559
New best Test Loss: 0.7559 at epoch 1

Epoch 2/1000
Average Training Loss: 1.0355
Average Test Loss: 0.7612
Early stopping patience: 1/50

Epoch 3/1000
Average Training Loss: 1.0249
Average Test Loss: 0.7615
Early stopping patience: 2/50

Epoch 4/1000
Average Training Loss: 1.0049
Average Test Loss: 0.7573
Early stopping patience: 3/50

Epoch 5/1000
Average Training Loss: 1.0045
Average Test Loss: 0.7548
New best Test Loss: 0.7548 at epoch 5

Epoch 6/1000
Average Training Loss: 1.0275
Average Test Loss: 0.7515
New best Test Loss: 0.7515 at epoch 6

Epoch 7/1000
Average Training Loss: 1.0219
Average Test Loss: 0.7491
New best Test Loss: 0.7491 at epoch 7

Epoch 8/1000
Average Training Loss: 1.0053
Average Test Loss: 0.7453
New best Test Loss: 0.7453 at epoch 8

Epoch 9/1000
Average Training Loss: 1.0406
Average Test Loss: 0.7414
New best Test Loss: 0.7414 at epoch 9

Epoch 10/1000
Average Training Loss: 1.0102
Average Test Loss: 0.7400
New best Test Loss: 0.7400 at epoch 10

Epoch 11/1000
Average Training Loss: 1.0349
Average Test Loss: 0.7306
New best Test Loss: 0.7306 at epoch 11

Epoch 12/1000
Average Training Loss: 1.0111
Average Test Loss: 0.7228
New best Test Loss: 0.7228 at epoch 12

Epoch 13/1000
Average Training Loss: 0.9764
Average Test Loss: 0.7279
Early stopping patience: 1/50

Epoch 14/1000
Average Training Loss: 0.9669
Average Test Loss: 0.7182
New best Test Loss: 0.7182 at epoch 14

Epoch 15/1000
Average Training Loss: 1.0133
Average Test Loss: 0.7185
Early stopping patience: 1/50

Epoch 16/1000
Average Training Loss: 0.9609
Average Test Loss: 0.7190
Early stopping patience: 2/50

Epoch 17/1000
Average Training Loss: 0.9897
Average Test Loss: 0.7133
New best Test Loss: 0.7133 at epoch 17

Epoch 18/1000
Average Training Loss: 0.9720
Average Test Loss: 0.7142
Early stopping patience: 1/50

Epoch 19/1000
Average Training Loss: 0.9822
Average Test Loss: 0.7086
New best Test Loss: 0.7086 at epoch 19

Epoch 20/1000
Average Training Loss: 0.9512
Average Test Loss: 0.7115
Early stopping patience: 1/50

Epoch 21/1000
Average Training Loss: 0.9516
Average Test Loss: 0.7008
New best Test Loss: 0.7008 at epoch 21

Epoch 22/1000
Average Training Loss: 0.9690
Average Test Loss: 0.6975
New best Test Loss: 0.6975 at epoch 22

Epoch 23/1000
Average Training Loss: 0.9359
Average Test Loss: 0.6825
New best Test Loss: 0.6825 at epoch 23

Epoch 24/1000
Average Training Loss: 0.8787
Average Test Loss: 0.6282
New best Test Loss: 0.6282 at epoch 24

Epoch 25/1000
Average Training Loss: 0.8432
Average Test Loss: 0.6053
New best Test Loss: 0.6053 at epoch 25

Epoch 26/1000
Average Training Loss: 0.8186
Average Test Loss: 0.6051
New best Test Loss: 0.6051 at epoch 26

Epoch 27/1000
Average Training Loss: 0.7360
Average Test Loss: 0.6149
Early stopping patience: 1/50

Epoch 28/1000
Average Training Loss: 0.7515
Average Test Loss: 0.6014
New best Test Loss: 0.6014 at epoch 28

Epoch 29/1000
Average Training Loss: 0.7375
Average Test Loss: 0.5983
New best Test Loss: 0.5983 at epoch 29

Epoch 30/1000
Average Training Loss: 0.7042
Average Test Loss: 0.5977
New best Test Loss: 0.5977 at epoch 30

Epoch 31/1000
Average Training Loss: 0.7175
Average Test Loss: 0.6026
Early stopping patience: 1/50

Epoch 32/1000
Average Training Loss: 0.7667
Average Test Loss: 0.5920
New best Test Loss: 0.5920 at epoch 32

Epoch 33/1000
Average Training Loss: 0.7371
Average Test Loss: 0.5935
Early stopping patience: 1/50

Epoch 34/1000
Average Training Loss: 0.7259
Average Test Loss: 0.5946
Early stopping patience: 2/50

Epoch 35/1000
Average Training Loss: 0.7123
Average Test Loss: 0.5745
New best Test Loss: 0.5745 at epoch 35

Epoch 36/1000
Average Training Loss: 0.7183
Average Test Loss: 0.5819
Early stopping patience: 1/50

Epoch 37/1000
Average Training Loss: 0.7201
Average Test Loss: 0.5937
Early stopping patience: 2/50

Epoch 38/1000
Average Training Loss: 0.7106
Average Test Loss: 0.5867
Early stopping patience: 3/50

Epoch 39/1000
Average Training Loss: 0.6979
Average Test Loss: 0.5875
Early stopping patience: 4/50

Epoch 40/1000
Average Training Loss: 0.6722
Average Test Loss: 0.5742
New best Test Loss: 0.5742 at epoch 40

Epoch 41/1000
Average Training Loss: 0.7111
Average Test Loss: 0.5816
Early stopping patience: 1/50

Epoch 42/1000
Average Training Loss: 0.7224
Average Test Loss: 0.5851
Early stopping patience: 2/50

Epoch 43/1000
Average Training Loss: 0.6876
Average Test Loss: 0.5815
Early stopping patience: 3/50

Epoch 44/1000
Average Training Loss: 0.7141
Average Test Loss: 0.5807
Early stopping patience: 4/50

Epoch 45/1000
Average Training Loss: 0.6890
Average Test Loss: 0.5623
New best Test Loss: 0.5623 at epoch 45

Epoch 46/1000
Average Training Loss: 0.6802
Average Test Loss: 0.5583
New best Test Loss: 0.5583 at epoch 46

Epoch 47/1000
Average Training Loss: 0.7059
Average Test Loss: 0.5595
Early stopping patience: 1/50

Epoch 48/1000
Average Training Loss: 0.6533
Average Test Loss: 0.5501
New best Test Loss: 0.5501 at epoch 48

Epoch 49/1000
Average Training Loss: 0.6623
Average Test Loss: 0.5293
New best Test Loss: 0.5293 at epoch 49

Epoch 50/1000
Average Training Loss: 0.6568
Average Test Loss: 0.5502
Early stopping patience: 1/50

Epoch 51/1000
Average Training Loss: 0.6562
Average Test Loss: 0.5205
New best Test Loss: 0.5205 at epoch 51

Epoch 52/1000
Average Training Loss: 0.6596
Average Test Loss: 0.5288
Early stopping patience: 1/50

Epoch 53/1000
Average Training Loss: 0.6232
Average Test Loss: 0.5252
Early stopping patience: 2/50

Epoch 54/1000
Average Training Loss: 0.6304
Average Test Loss: 0.5284
Early stopping patience: 3/50

Epoch 55/1000
Average Training Loss: 0.6176
Average Test Loss: 0.5272
Early stopping patience: 4/50

Epoch 56/1000
Average Training Loss: 0.6401
Average Test Loss: 0.5256
Early stopping patience: 5/50

Epoch 57/1000
Average Training Loss: 0.6413
Average Test Loss: 0.5173
New best Test Loss: 0.5173 at epoch 57

Epoch 58/1000
Average Training Loss: 0.6113
Average Test Loss: 0.5164
New best Test Loss: 0.5164 at epoch 58

Epoch 59/1000
Average Training Loss: 0.6393
Average Test Loss: 0.5166
Early stopping patience: 1/50

Epoch 60/1000
Average Training Loss: 0.6316
Average Test Loss: 0.5133
New best Test Loss: 0.5133 at epoch 60

Epoch 61/1000
Average Training Loss: 0.6543
Average Test Loss: 0.5119
New best Test Loss: 0.5119 at epoch 61

Epoch 62/1000
Average Training Loss: 0.6341
Average Test Loss: 0.5206
Early stopping patience: 1/50

Epoch 63/1000
Average Training Loss: 0.6472
Average Test Loss: 0.5116
New best Test Loss: 0.5116 at epoch 63

Epoch 64/1000
Average Training Loss: 0.6685
Average Test Loss: 0.5275
Early stopping patience: 1/50

Epoch 65/1000
Average Training Loss: 0.6369
Average Test Loss: 0.5263
Early stopping patience: 2/50

Epoch 66/1000
Average Training Loss: 0.6223
Average Test Loss: 0.5360
Early stopping patience: 3/50

Epoch 67/1000
Average Training Loss: 0.6197
Average Test Loss: 0.5308
Early stopping patience: 4/50

Epoch 68/1000
Average Training Loss: 0.6266
Average Test Loss: 0.5161
Early stopping patience: 5/50

Epoch 69/1000
Average Training Loss: 0.6507
Average Test Loss: 0.5069
New best Test Loss: 0.5069 at epoch 69

Epoch 70/1000
Average Training Loss: 0.6461
Average Test Loss: 0.5035
New best Test Loss: 0.5035 at epoch 70

Epoch 71/1000
Average Training Loss: 0.6142
Average Test Loss: 0.5155
Early stopping patience: 1/50

Epoch 72/1000
Average Training Loss: 0.6330
Average Test Loss: 0.5381
Early stopping patience: 2/50

Epoch 73/1000
Average Training Loss: 0.6171
Average Test Loss: 0.5209
Early stopping patience: 3/50

Epoch 74/1000
Average Training Loss: 0.6082
Average Test Loss: 0.5155
Early stopping patience: 4/50

Epoch 75/1000
Average Training Loss: 0.6054
Average Test Loss: 0.5098
Early stopping patience: 5/50

Epoch 76/1000
Average Training Loss: 0.6083
Average Test Loss: 0.5185
Early stopping patience: 6/50

Epoch 77/1000
Average Training Loss: 0.6300
Average Test Loss: 0.5223
Early stopping patience: 7/50

Epoch 78/1000
Average Training Loss: 0.6297
Average Test Loss: 0.5048
Early stopping patience: 8/50

Epoch 79/1000
Average Training Loss: 0.6136
Average Test Loss: 0.5078
Early stopping patience: 9/50

Epoch 80/1000
Average Training Loss: 0.6260
Average Test Loss: 0.5082
Early stopping patience: 10/50

Epoch 81/1000
Average Training Loss: 0.6389
Average Test Loss: 0.5161
Early stopping patience: 11/50

Epoch 82/1000
Average Training Loss: 0.6157
Average Test Loss: 0.5239
Early stopping patience: 12/50

Epoch 83/1000
Average Training Loss: 0.6174
Average Test Loss: 0.5066
Early stopping patience: 13/50

Epoch 84/1000
Average Training Loss: 0.6174
Average Test Loss: 0.5133
Early stopping patience: 14/50

Epoch 85/1000
Average Training Loss: 0.6300
Average Test Loss: 0.5073
Early stopping patience: 15/50

Epoch 86/1000
Average Training Loss: 0.6144
Average Test Loss: 0.5172
Early stopping patience: 16/50

Epoch 87/1000
Average Training Loss: 0.5912
Average Test Loss: 0.5216
Early stopping patience: 17/50

Epoch 88/1000
Average Training Loss: 0.6399
Average Test Loss: 0.5230
Early stopping patience: 18/50

Epoch 89/1000
Average Training Loss: 0.5994
Average Test Loss: 0.5106
Early stopping patience: 19/50

Epoch 90/1000
Average Training Loss: 0.6240
Average Test Loss: 0.5017
New best Test Loss: 0.5017 at epoch 90

Epoch 91/1000
Average Training Loss: 0.6179
Average Test Loss: 0.5082
Early stopping patience: 1/50

Epoch 92/1000
Average Training Loss: 0.6147
Average Test Loss: 0.5035
Early stopping patience: 2/50

Epoch 93/1000
Average Training Loss: 0.6221
Average Test Loss: 0.5131
Early stopping patience: 3/50

Epoch 94/1000
Average Training Loss: 0.6223
Average Test Loss: 0.5089
Early stopping patience: 4/50

Epoch 95/1000
Average Training Loss: 0.6017
Average Test Loss: 0.5336
Early stopping patience: 5/50

Epoch 96/1000
Average Training Loss: 0.6192
Average Test Loss: 0.5084
Early stopping patience: 6/50

Epoch 97/1000
Average Training Loss: 0.6120
Average Test Loss: 0.5080
Early stopping patience: 7/50

Epoch 98/1000
Average Training Loss: 0.6136
Average Test Loss: 0.5105
Early stopping patience: 8/50

Epoch 99/1000
Average Training Loss: 0.5941
Average Test Loss: 0.5243
Early stopping patience: 9/50

Epoch 100/1000
Average Training Loss: 0.6114
Average Test Loss: 0.5186
Early stopping patience: 10/50

Epoch 101/1000
Average Training Loss: 0.6126
Average Test Loss: 0.5328
Early stopping patience: 11/50

Epoch 102/1000
Average Training Loss: 0.6486
Average Test Loss: 0.5363
Early stopping patience: 12/50

Epoch 103/1000
Average Training Loss: 0.6100
Average Test Loss: 0.5191
Early stopping patience: 13/50

Epoch 104/1000
Average Training Loss: 0.6026
Average Test Loss: 0.5192
Early stopping patience: 14/50

Epoch 105/1000
Average Training Loss: 0.5978
Average Test Loss: 0.5167
Early stopping patience: 15/50

Epoch 106/1000
Average Training Loss: 0.6327
Average Test Loss: 0.5150
Early stopping patience: 16/50

Epoch 107/1000
Average Training Loss: 0.5912
Average Test Loss: 0.5097
Early stopping patience: 17/50

Epoch 108/1000
Average Training Loss: 0.6045
Average Test Loss: 0.5028
Early stopping patience: 18/50

Epoch 109/1000
Average Training Loss: 0.6206
Average Test Loss: 0.5024
Early stopping patience: 19/50

Epoch 110/1000
Average Training Loss: 0.6067
Average Test Loss: 0.5063
Early stopping patience: 20/50

Epoch 111/1000
Average Training Loss: 0.6175
Average Test Loss: 0.5065
Early stopping patience: 21/50

Epoch 112/1000
Average Training Loss: 0.5912
Average Test Loss: 0.5105
Early stopping patience: 22/50

Epoch 113/1000
Average Training Loss: 0.6131
Average Test Loss: 0.5032
Early stopping patience: 23/50

Epoch 114/1000
Average Training Loss: 0.6119
Average Test Loss: 0.5040
Early stopping patience: 24/50

Epoch 115/1000
Average Training Loss: 0.6321
Average Test Loss: 0.5076
Early stopping patience: 25/50

Epoch 116/1000
Average Training Loss: 0.6267
Average Test Loss: 0.5057
Early stopping patience: 26/50

Epoch 117/1000
Average Training Loss: 0.5998
Average Test Loss: 0.5124
Early stopping patience: 27/50

Epoch 118/1000
Average Training Loss: 0.6246
Average Test Loss: 0.5063
Early stopping patience: 28/50

Epoch 119/1000
Average Training Loss: 0.6027
Average Test Loss: 0.5038
Early stopping patience: 29/50

Epoch 120/1000
Average Training Loss: 0.5967
Average Test Loss: 0.5089
Early stopping patience: 30/50

Epoch 121/1000
Average Training Loss: 0.6078
Average Test Loss: 0.5055
Early stopping patience: 31/50

Epoch 122/1000
Average Training Loss: 0.6082
Average Test Loss: 0.5062
Early stopping patience: 32/50

Epoch 123/1000
Average Training Loss: 0.5895
Average Test Loss: 0.5122
Early stopping patience: 33/50

Epoch 124/1000
Average Training Loss: 0.6112
Average Test Loss: 0.5146
Early stopping patience: 34/50

Epoch 125/1000
Average Training Loss: 0.5930
Average Test Loss: 0.5203
Early stopping patience: 35/50

Epoch 126/1000
Average Training Loss: 0.6140
Average Test Loss: 0.5101
Early stopping patience: 36/50

Epoch 127/1000
Average Training Loss: 0.5903
Average Test Loss: 0.5112
Early stopping patience: 37/50

Epoch 128/1000
Average Training Loss: 0.6155
Average Test Loss: 0.5204
Early stopping patience: 38/50

Epoch 129/1000
Average Training Loss: 0.5955
Average Test Loss: 0.5393
Early stopping patience: 39/50

Epoch 130/1000
Average Training Loss: 0.6435
Average Test Loss: 0.5101
Early stopping patience: 40/50

Epoch 131/1000
Average Training Loss: 0.5895
Average Test Loss: 0.5070
Early stopping patience: 41/50

Epoch 132/1000
Average Training Loss: 0.6233
Average Test Loss: 0.5051
Early stopping patience: 42/50

Epoch 133/1000
Average Training Loss: 0.6089
Average Test Loss: 0.5040
Early stopping patience: 43/50

Epoch 134/1000
Average Training Loss: 0.6236
Average Test Loss: 0.5054
Early stopping patience: 44/50

Epoch 135/1000
Average Training Loss: 0.6027
Average Test Loss: 0.5186
Early stopping patience: 45/50

Epoch 136/1000
Average Training Loss: 0.6102
Average Test Loss: 0.5131
Early stopping patience: 46/50

Epoch 137/1000
Average Training Loss: 0.6145
Average Test Loss: 0.5138
Early stopping patience: 47/50

Epoch 138/1000
Average Training Loss: 0.5991
Average Test Loss: 0.5086
Early stopping patience: 48/50

Epoch 139/1000
Average Training Loss: 0.6229
Average Test Loss: 0.5025
Early stopping patience: 49/50

Epoch 140/1000
Average Training Loss: 0.5946
Average Test Loss: 0.5045
Early stopping patience: 50/50
Early stopping triggered: best epoch 90, best test loss 0.5017

--- Training Complete ---
Best checkpoint restored before final evaluation: epoch 90
Model saved to /home/matheuscm/RNN_with_positional_encoding/reports_early_stop_ddp_bs1024/cenario_C_GRU_base_missing_0p3_model_weights.pth
Test predictions CSV saved to /home/matheuscm/RNN_with_positional_encoding/reports_early_stop_ddp_bs1024/cenario_C_GRU_base_missing_0p3_predictions.csv
Training history CSV saved to /home/matheuscm/RNN_with_positional_encoding/reports_early_stop_ddp_bs1024/cenario_C_GRU_base_missing_0p3_history.csv
Metrics JSON saved to /home/matheuscm/RNN_with_positional_encoding/reports_early_stop_ddp_bs1024/cenario_C_GRU_base_missing_0p3_metrics.json
Loss curve saved to /home/matheuscm/RNN_with_positional_encoding/reports_early_stop_ddp_bs1024/cenario_C_GRU_base_missing_0p3_loss_raw.png
Script finished.
