Command:
.venv/bin/python -m torch.distributed.run --standalone --nnodes 1 --nproc_per_node 4 /home/matheuscm/RNN_with_positional_encoding/PCS5024_EP_Time_Series.py --model_variant gru_base --data_removal_ratio 0.5 --run_name cenario_D_GRU_base_missing_0p5 --objective degradacao severa --output_dir /home/matheuscm/RNN_with_positional_encoding/reports_early_stop_ddp_bs1024 --predictions_csv cenario_D_GRU_base_missing_0p5_predictions.csv --history_csv cenario_D_GRU_base_missing_0p5_history.csv --metrics_json cenario_D_GRU_base_missing_0p5_metrics.json --loss_curve_png cenario_D_GRU_base_missing_0p5_loss_raw.png --model_weights_path cenario_D_GRU_base_missing_0p5_model_weights.pth --data_filename data/santos_ssh.csv --split_date 2020-06-01 00:00:00 --past_len 8000 --future_len 2000 --sliding_window_step 25 --batch_size 256 --num_workers 0 --torch_threads 0 --hidden_size 128 --num_epochs 1000 --learning_rate 0.0002 --weight_decay 1e-05 --early_stopping_patience 50 --early_stopping_min_delta 0.0 --pos_encoding_dim 128 --time_scale 1.0 --seed 100


*****************************************
Setting OMP_NUM_THREADS environment variable for each process to be 1 in default, to avoid your system being overloaded, please further tune the variable for optimal performance in your application as needed. 
*****************************************
Using device: cuda:0
CPU threads per process: 16
CUDA devices available: 4
Using DistributedDataParallel with 4 GPUs
Hyperparameters: model_variant=gru_base, data_removal_ratio=0.5, batch_size_per_process=256, effective_batch_size=1024, hidden_size=128, pos_encoding_dim=128, learning_rate=0.0002, weight_decay=1e-05, sliding_window_step=25, early_stopping_patience=50, early_stopping_min_delta=0.0
Train set size: 21293
Test set size: 4320
Scaling data using Train Mean: shape: (1, 1)
┌──────────┐
│ ssh      │
│ ---      │
│ f32      │
╞══════════╡
│ 0.840088 │
└──────────┘, Train Std: shape: (1, 1)
┌──────────┐
│ ssh      │
│ ---      │
│ f32      │
╞══════════╡
│ 0.386142 │
└──────────┘
Applied missing-data simulation: ratio=0.50, train_kept=10646/21293, test_kept=2160/4320
Creating sequences and dataloaders...
x_train shape: torch.Size([8204, 442, 1]), y_train shape: torch.Size([8204, 123, 1])
x_test shape: torch.Size([1326, 415, 1]), y_test shape: torch.Size([1326, 117, 1])

--- Starting Training ---

Epoch 1/1000
Average Training Loss: 1.0558
Average Test Loss: 0.7498
New best Test Loss: 0.7498 at epoch 1

Epoch 2/1000
Average Training Loss: 1.0249
Average Test Loss: 0.7551
Early stopping patience: 1/50

Epoch 3/1000
Average Training Loss: 1.0127
Average Test Loss: 0.7550
Early stopping patience: 2/50

Epoch 4/1000
Average Training Loss: 0.9975
Average Test Loss: 0.7507
Early stopping patience: 3/50

Epoch 5/1000
Average Training Loss: 0.9974
Average Test Loss: 0.7482
New best Test Loss: 0.7482 at epoch 5

Epoch 6/1000
Average Training Loss: 1.0189
Average Test Loss: 0.7453
New best Test Loss: 0.7453 at epoch 6

Epoch 7/1000
Average Training Loss: 1.0140
Average Test Loss: 0.7434
New best Test Loss: 0.7434 at epoch 7

Epoch 8/1000
Average Training Loss: 0.9965
Average Test Loss: 0.7399
New best Test Loss: 0.7399 at epoch 8

Epoch 9/1000
Average Training Loss: 1.0339
Average Test Loss: 0.7363
New best Test Loss: 0.7363 at epoch 9

Epoch 10/1000
Average Training Loss: 1.0064
Average Test Loss: 0.7356
New best Test Loss: 0.7356 at epoch 10

Epoch 11/1000
Average Training Loss: 1.0322
Average Test Loss: 0.7282
New best Test Loss: 0.7282 at epoch 11

Epoch 12/1000
Average Training Loss: 1.0057
Average Test Loss: 0.7200
New best Test Loss: 0.7200 at epoch 12

Epoch 13/1000
Average Training Loss: 0.9728
Average Test Loss: 0.7203
Early stopping patience: 1/50

Epoch 14/1000
Average Training Loss: 0.9637
Average Test Loss: 0.7174
New best Test Loss: 0.7174 at epoch 14

Epoch 15/1000
Average Training Loss: 1.0084
Average Test Loss: 0.7117
New best Test Loss: 0.7117 at epoch 15

Epoch 16/1000
Average Training Loss: 0.9575
Average Test Loss: 0.7118
Early stopping patience: 1/50

Epoch 17/1000
Average Training Loss: 0.9824
Average Test Loss: 0.7054
New best Test Loss: 0.7054 at epoch 17

Epoch 18/1000
Average Training Loss: 0.9635
Average Test Loss: 0.7024
New best Test Loss: 0.7024 at epoch 18

Epoch 19/1000
Average Training Loss: 0.9683
Average Test Loss: 0.6931
New best Test Loss: 0.6931 at epoch 19

Epoch 20/1000
Average Training Loss: 0.9254
Average Test Loss: 0.6815
New best Test Loss: 0.6815 at epoch 20

Epoch 21/1000
Average Training Loss: 0.8975
Average Test Loss: 0.6496
New best Test Loss: 0.6496 at epoch 21

Epoch 22/1000
Average Training Loss: 0.8479
Average Test Loss: 0.6308
New best Test Loss: 0.6308 at epoch 22

Epoch 23/1000
Average Training Loss: 0.8379
Average Test Loss: 0.6307
New best Test Loss: 0.6307 at epoch 23

Epoch 24/1000
Average Training Loss: 0.8366
Average Test Loss: 0.6211
New best Test Loss: 0.6211 at epoch 24

Epoch 25/1000
Average Training Loss: 0.8609
Average Test Loss: 0.6228
Early stopping patience: 1/50

Epoch 26/1000
Average Training Loss: 0.8373
Average Test Loss: 0.6280
Early stopping patience: 2/50

Epoch 27/1000
Average Training Loss: 0.7982
Average Test Loss: 0.6066
New best Test Loss: 0.6066 at epoch 27

Epoch 28/1000
Average Training Loss: 0.8161
Average Test Loss: 0.5991
New best Test Loss: 0.5991 at epoch 28

Epoch 29/1000
Average Training Loss: 0.8222
Average Test Loss: 0.6110
Early stopping patience: 1/50

Epoch 30/1000
Average Training Loss: 0.7726
Average Test Loss: 0.6115
Early stopping patience: 2/50

Epoch 31/1000
Average Training Loss: 0.7843
Average Test Loss: 0.5992
Early stopping patience: 3/50

Epoch 32/1000
Average Training Loss: 0.8279
Average Test Loss: 0.6002
Early stopping patience: 4/50

Epoch 33/1000
Average Training Loss: 0.8311
Average Test Loss: 0.6088
Early stopping patience: 5/50

Epoch 34/1000
Average Training Loss: 0.8052
Average Test Loss: 0.6106
Early stopping patience: 6/50

Epoch 35/1000
Average Training Loss: 0.7878
Average Test Loss: 0.5959
New best Test Loss: 0.5959 at epoch 35

Epoch 36/1000
Average Training Loss: 0.7932
Average Test Loss: 0.5935
New best Test Loss: 0.5935 at epoch 36

Epoch 37/1000
Average Training Loss: 0.7905
Average Test Loss: 0.6002
Early stopping patience: 1/50

Epoch 38/1000
Average Training Loss: 0.7865
Average Test Loss: 0.5956
Early stopping patience: 2/50

Epoch 39/1000
Average Training Loss: 0.7893
Average Test Loss: 0.5877
New best Test Loss: 0.5877 at epoch 39

Epoch 40/1000
Average Training Loss: 0.7577
Average Test Loss: 0.5863
New best Test Loss: 0.5863 at epoch 40

Epoch 41/1000
Average Training Loss: 0.7978
Average Test Loss: 0.5907
Early stopping patience: 1/50

Epoch 42/1000
Average Training Loss: 0.8086
Average Test Loss: 0.6015
Early stopping patience: 2/50

Epoch 43/1000
Average Training Loss: 0.7594
Average Test Loss: 0.5880
Early stopping patience: 3/50

Epoch 44/1000
Average Training Loss: 0.7978
Average Test Loss: 0.5826
New best Test Loss: 0.5826 at epoch 44

Epoch 45/1000
Average Training Loss: 0.7638
Average Test Loss: 0.5878
Early stopping patience: 1/50

Epoch 46/1000
Average Training Loss: 0.7712
Average Test Loss: 0.5696
New best Test Loss: 0.5696 at epoch 46

Epoch 47/1000
Average Training Loss: 0.8164
Average Test Loss: 0.5704
Early stopping patience: 1/50

Epoch 48/1000
Average Training Loss: 0.7561
Average Test Loss: 0.5722
Early stopping patience: 2/50

Epoch 49/1000
Average Training Loss: 0.7639
Average Test Loss: 0.5593
New best Test Loss: 0.5593 at epoch 49

Epoch 50/1000
Average Training Loss: 0.7431
Average Test Loss: 0.5611
Early stopping patience: 1/50

Epoch 51/1000
Average Training Loss: 0.7649
Average Test Loss: 0.5672
Early stopping patience: 2/50

Epoch 52/1000
Average Training Loss: 0.7526
Average Test Loss: 0.5657
Early stopping patience: 3/50

Epoch 53/1000
Average Training Loss: 0.7305
Average Test Loss: 0.5622
Early stopping patience: 4/50

Epoch 54/1000
Average Training Loss: 0.7425
Average Test Loss: 0.5660
Early stopping patience: 5/50

Epoch 55/1000
Average Training Loss: 0.7230
Average Test Loss: 0.5623
Early stopping patience: 6/50

Epoch 56/1000
Average Training Loss: 0.7679
Average Test Loss: 0.5591
New best Test Loss: 0.5591 at epoch 56

Epoch 57/1000
Average Training Loss: 0.7534
Average Test Loss: 0.5691
Early stopping patience: 1/50

Epoch 58/1000
Average Training Loss: 0.7180
Average Test Loss: 0.5600
Early stopping patience: 2/50

Epoch 59/1000
Average Training Loss: 0.7576
Average Test Loss: 0.5542
New best Test Loss: 0.5542 at epoch 59

Epoch 60/1000
Average Training Loss: 0.7315
Average Test Loss: 0.5790
Early stopping patience: 1/50

Epoch 61/1000
Average Training Loss: 0.7631
Average Test Loss: 0.5557
Early stopping patience: 2/50

Epoch 62/1000
Average Training Loss: 0.7397
Average Test Loss: 0.5643
Early stopping patience: 3/50

Epoch 63/1000
Average Training Loss: 0.7405
Average Test Loss: 0.5597
Early stopping patience: 4/50

Epoch 64/1000
Average Training Loss: 0.7761
Average Test Loss: 0.5552
Early stopping patience: 5/50

Epoch 65/1000
Average Training Loss: 0.7409
Average Test Loss: 0.5658
Early stopping patience: 6/50

Epoch 66/1000
Average Training Loss: 0.7316
Average Test Loss: 0.5625
Early stopping patience: 7/50

Epoch 67/1000
Average Training Loss: 0.7229
Average Test Loss: 0.5652
Early stopping patience: 8/50

Epoch 68/1000
Average Training Loss: 0.7444
Average Test Loss: 0.5647
Early stopping patience: 9/50

Epoch 69/1000
Average Training Loss: 0.7563
Average Test Loss: 0.5605
Early stopping patience: 10/50

Epoch 70/1000
Average Training Loss: 0.7568
Average Test Loss: 0.5577
Early stopping patience: 11/50

Epoch 71/1000
Average Training Loss: 0.7116
Average Test Loss: 0.5570
Early stopping patience: 12/50

Epoch 72/1000
Average Training Loss: 0.7370
Average Test Loss: 0.5571
Early stopping patience: 13/50

Epoch 73/1000
Average Training Loss: 0.7450
Average Test Loss: 0.5702
Early stopping patience: 14/50

Epoch 74/1000
Average Training Loss: 0.7372
Average Test Loss: 0.5715
Early stopping patience: 15/50

Epoch 75/1000
Average Training Loss: 0.7086
Average Test Loss: 0.5598
Early stopping patience: 16/50

Epoch 76/1000
Average Training Loss: 0.7100
Average Test Loss: 0.5574
Early stopping patience: 17/50

Epoch 77/1000
Average Training Loss: 0.7404
Average Test Loss: 0.5610
Early stopping patience: 18/50

Epoch 78/1000
Average Training Loss: 0.7389
Average Test Loss: 0.5676
Early stopping patience: 19/50

Epoch 79/1000
Average Training Loss: 0.7249
Average Test Loss: 0.5649
Early stopping patience: 20/50

Epoch 80/1000
Average Training Loss: 0.7414
Average Test Loss: 0.5611
Early stopping patience: 21/50

Epoch 81/1000
Average Training Loss: 0.7495
Average Test Loss: 0.5574
Early stopping patience: 22/50

Epoch 82/1000
Average Training Loss: 0.7276
Average Test Loss: 0.5665
Early stopping patience: 23/50

Epoch 83/1000
Average Training Loss: 0.7269
Average Test Loss: 0.5684
Early stopping patience: 24/50

Epoch 84/1000
Average Training Loss: 0.7352
Average Test Loss: 0.5727
Early stopping patience: 25/50

Epoch 85/1000
Average Training Loss: 0.7264
Average Test Loss: 0.5569
Early stopping patience: 26/50

Epoch 86/1000
Average Training Loss: 0.7246
Average Test Loss: 0.5619
Early stopping patience: 27/50

Epoch 87/1000
Average Training Loss: 0.7095
Average Test Loss: 0.5640
Early stopping patience: 28/50

Epoch 88/1000
Average Training Loss: 0.7617
Average Test Loss: 0.5842
Early stopping patience: 29/50

Epoch 89/1000
Average Training Loss: 0.7117
Average Test Loss: 0.5711
Early stopping patience: 30/50

Epoch 90/1000
Average Training Loss: 0.7351
Average Test Loss: 0.5624
Early stopping patience: 31/50

Epoch 91/1000
Average Training Loss: 0.7355
Average Test Loss: 0.5644
Early stopping patience: 32/50

Epoch 92/1000
Average Training Loss: 0.7221
Average Test Loss: 0.5556
Early stopping patience: 33/50

Epoch 93/1000
Average Training Loss: 0.7307
Average Test Loss: 0.5587
Early stopping patience: 34/50

Epoch 94/1000
Average Training Loss: 0.7304
Average Test Loss: 0.5702
Early stopping patience: 35/50

Epoch 95/1000
Average Training Loss: 0.7273
Average Test Loss: 0.5668
Early stopping patience: 36/50

Epoch 96/1000
Average Training Loss: 0.7354
Average Test Loss: 0.5547
Early stopping patience: 37/50

Epoch 97/1000
Average Training Loss: 0.7054
Average Test Loss: 0.5551
Early stopping patience: 38/50

Epoch 98/1000
Average Training Loss: 0.7153
Average Test Loss: 0.5629
Early stopping patience: 39/50

Epoch 99/1000
Average Training Loss: 0.7003
Average Test Loss: 0.5715
Early stopping patience: 40/50

Epoch 100/1000
Average Training Loss: 0.7089
Average Test Loss: 0.5549
Early stopping patience: 41/50

Epoch 101/1000
Average Training Loss: 0.7184
Average Test Loss: 0.5608
Early stopping patience: 42/50

Epoch 102/1000
Average Training Loss: 0.7586
Average Test Loss: 0.5586
Early stopping patience: 43/50

Epoch 103/1000
Average Training Loss: 0.7124
Average Test Loss: 0.5686
Early stopping patience: 44/50

Epoch 104/1000
Average Training Loss: 0.7162
Average Test Loss: 0.5632
Early stopping patience: 45/50

Epoch 105/1000
Average Training Loss: 0.6965
Average Test Loss: 0.5751
Early stopping patience: 46/50

Epoch 106/1000
Average Training Loss: 0.7477
Average Test Loss: 0.5660
Early stopping patience: 47/50

Epoch 107/1000
Average Training Loss: 0.7143
Average Test Loss: 0.5765
Early stopping patience: 48/50

Epoch 108/1000
Average Training Loss: 0.7253
Average Test Loss: 0.5616
Early stopping patience: 49/50

Epoch 109/1000
Average Training Loss: 0.7308
Average Test Loss: 0.5528
New best Test Loss: 0.5528 at epoch 109

Epoch 110/1000
Average Training Loss: 0.7106
Average Test Loss: 0.5735
Early stopping patience: 1/50

Epoch 111/1000
Average Training Loss: 0.7151
Average Test Loss: 0.5627
Early stopping patience: 2/50

Epoch 112/1000
Average Training Loss: 0.6829
Average Test Loss: 0.5711
Early stopping patience: 3/50

Epoch 113/1000
Average Training Loss: 0.7114
Average Test Loss: 0.5516
New best Test Loss: 0.5516 at epoch 113

Epoch 114/1000
Average Training Loss: 0.7140
Average Test Loss: 0.5826
Early stopping patience: 1/50

Epoch 115/1000
Average Training Loss: 0.7444
Average Test Loss: 0.5653
Early stopping patience: 2/50

Epoch 116/1000
Average Training Loss: 0.7245
Average Test Loss: 0.5666
Early stopping patience: 3/50

Epoch 117/1000
Average Training Loss: 0.7069
Average Test Loss: 0.5522
Early stopping patience: 4/50

Epoch 118/1000
Average Training Loss: 0.7268
Average Test Loss: 0.5663
Early stopping patience: 5/50

Epoch 119/1000
Average Training Loss: 0.7073
Average Test Loss: 0.5657
Early stopping patience: 6/50

Epoch 120/1000
Average Training Loss: 0.7096
Average Test Loss: 0.5678
Early stopping patience: 7/50

Epoch 121/1000
Average Training Loss: 0.7084
Average Test Loss: 0.5591
Early stopping patience: 8/50

Epoch 122/1000
Average Training Loss: 0.7165
Average Test Loss: 0.5674
Early stopping patience: 9/50

Epoch 123/1000
Average Training Loss: 0.6918
Average Test Loss: 0.5518
Early stopping patience: 10/50

Epoch 124/1000
Average Training Loss: 0.7262
Average Test Loss: 0.5539
Early stopping patience: 11/50

Epoch 125/1000
Average Training Loss: 0.7025
Average Test Loss: 0.5769
Early stopping patience: 12/50

Epoch 126/1000
Average Training Loss: 0.7046
Average Test Loss: 0.5677
Early stopping patience: 13/50

Epoch 127/1000
Average Training Loss: 0.6925
Average Test Loss: 0.5554
Early stopping patience: 14/50

Epoch 128/1000
Average Training Loss: 0.7539
Average Test Loss: 0.5567
Early stopping patience: 15/50

Epoch 129/1000
Average Training Loss: 0.6976
Average Test Loss: 0.5802
Early stopping patience: 16/50

Epoch 130/1000
Average Training Loss: 0.7252
Average Test Loss: 0.5650
Early stopping patience: 17/50

Epoch 131/1000
Average Training Loss: 0.6790
Average Test Loss: 0.5704
Early stopping patience: 18/50

Epoch 132/1000
Average Training Loss: 0.7263
Average Test Loss: 0.5496
New best Test Loss: 0.5496 at epoch 132

Epoch 133/1000
Average Training Loss: 0.7122
Average Test Loss: 0.5610
Early stopping patience: 1/50

Epoch 134/1000
Average Training Loss: 0.7080
Average Test Loss: 0.5602
Early stopping patience: 2/50

Epoch 135/1000
Average Training Loss: 0.6953
Average Test Loss: 0.5554
Early stopping patience: 3/50

Epoch 136/1000
Average Training Loss: 0.7006
Average Test Loss: 0.5618
Early stopping patience: 4/50

Epoch 137/1000
Average Training Loss: 0.7005
Average Test Loss: 0.5722
Early stopping patience: 5/50

Epoch 138/1000
Average Training Loss: 0.7035
Average Test Loss: 0.5590
Early stopping patience: 6/50

Epoch 139/1000
Average Training Loss: 0.7150
Average Test Loss: 0.5479
New best Test Loss: 0.5479 at epoch 139

Epoch 140/1000
Average Training Loss: 0.6966
Average Test Loss: 0.5604
Early stopping patience: 1/50

Epoch 141/1000
Average Training Loss: 0.7122
Average Test Loss: 0.5526
Early stopping patience: 2/50

Epoch 142/1000
Average Training Loss: 0.6940
Average Test Loss: 0.5630
Early stopping patience: 3/50

Epoch 143/1000
Average Training Loss: 0.7075
Average Test Loss: 0.5631
Early stopping patience: 4/50

Epoch 144/1000
Average Training Loss: 0.6997
Average Test Loss: 0.5594
Early stopping patience: 5/50

Epoch 145/1000
Average Training Loss: 0.6927
Average Test Loss: 0.5586
Early stopping patience: 6/50

Epoch 146/1000
Average Training Loss: 0.6928
Average Test Loss: 0.5565
Early stopping patience: 7/50

Epoch 147/1000
Average Training Loss: 0.6808
Average Test Loss: 0.5458
New best Test Loss: 0.5458 at epoch 147

Epoch 148/1000
Average Training Loss: 0.7232
Average Test Loss: 0.5537
Early stopping patience: 1/50

Epoch 149/1000
Average Training Loss: 0.6885
Average Test Loss: 0.5533
Early stopping patience: 2/50

Epoch 150/1000
Average Training Loss: 0.6930
Average Test Loss: 0.5618
Early stopping patience: 3/50

Epoch 151/1000
Average Training Loss: 0.7316
Average Test Loss: 0.5574
Early stopping patience: 4/50

Epoch 152/1000
Average Training Loss: 0.6862
Average Test Loss: 0.5539
Early stopping patience: 5/50

Epoch 153/1000
Average Training Loss: 0.6882
Average Test Loss: 0.5571
Early stopping patience: 6/50

Epoch 154/1000
Average Training Loss: 0.6958
Average Test Loss: 0.5548
Early stopping patience: 7/50

Epoch 155/1000
Average Training Loss: 0.7141
Average Test Loss: 0.5448
New best Test Loss: 0.5448 at epoch 155

Epoch 156/1000
Average Training Loss: 0.6929
Average Test Loss: 0.5589
Early stopping patience: 1/50

Epoch 157/1000
Average Training Loss: 0.6804
Average Test Loss: 0.5504
Early stopping patience: 2/50

Epoch 158/1000
Average Training Loss: 0.6786
Average Test Loss: 0.5475
Early stopping patience: 3/50

Epoch 159/1000
Average Training Loss: 0.6793
Average Test Loss: 0.5511
Early stopping patience: 4/50

Epoch 160/1000
Average Training Loss: 0.6863
Average Test Loss: 0.5504
Early stopping patience: 5/50

Epoch 161/1000
Average Training Loss: 0.6881
Average Test Loss: 0.5628
Early stopping patience: 6/50

Epoch 162/1000
Average Training Loss: 0.7006
Average Test Loss: 0.5417
New best Test Loss: 0.5417 at epoch 162

Epoch 163/1000
Average Training Loss: 0.6670
Average Test Loss: 0.5472
Early stopping patience: 1/50

Epoch 164/1000
Average Training Loss: 0.6750
Average Test Loss: 0.5447
Early stopping patience: 2/50

Epoch 165/1000
Average Training Loss: 0.6969
Average Test Loss: 0.5415
New best Test Loss: 0.5415 at epoch 165

Epoch 166/1000
Average Training Loss: 0.6683
Average Test Loss: 0.5451
Early stopping patience: 1/50

Epoch 167/1000
Average Training Loss: 0.6636
Average Test Loss: 0.5368
New best Test Loss: 0.5368 at epoch 167

Epoch 168/1000
Average Training Loss: 0.6927
Average Test Loss: 0.5388
Early stopping patience: 1/50

Epoch 169/1000
Average Training Loss: 0.6828
Average Test Loss: 0.5560
Early stopping patience: 2/50

Epoch 170/1000
Average Training Loss: 0.6920
Average Test Loss: 0.5402
Early stopping patience: 3/50

Epoch 171/1000
Average Training Loss: 0.6855
Average Test Loss: 0.5228
New best Test Loss: 0.5228 at epoch 171

Epoch 172/1000
Average Training Loss: 0.6418
Average Test Loss: 0.5614
Early stopping patience: 1/50

Epoch 173/1000
Average Training Loss: 0.6779
Average Test Loss: 0.5175
New best Test Loss: 0.5175 at epoch 173

Epoch 174/1000
Average Training Loss: 0.6426
Average Test Loss: 0.5057
New best Test Loss: 0.5057 at epoch 174

Epoch 175/1000
Average Training Loss: 0.6496
Average Test Loss: 0.5015
New best Test Loss: 0.5015 at epoch 175

Epoch 176/1000
Average Training Loss: 0.6367
Average Test Loss: 0.5209
Early stopping patience: 1/50

Epoch 177/1000
Average Training Loss: 0.6441
Average Test Loss: 0.5301
Early stopping patience: 2/50

Epoch 178/1000
Average Training Loss: 0.6536
Average Test Loss: 0.5082
Early stopping patience: 3/50

Epoch 179/1000
Average Training Loss: 0.6457
Average Test Loss: 0.5305
Early stopping patience: 4/50

Epoch 180/1000
Average Training Loss: 0.6486
Average Test Loss: 0.5020
Early stopping patience: 5/50

Epoch 181/1000
Average Training Loss: 0.6496
Average Test Loss: 0.4998
New best Test Loss: 0.4998 at epoch 181

Epoch 182/1000
Average Training Loss: 0.6770
Average Test Loss: 0.5318
Early stopping patience: 1/50

Epoch 183/1000
Average Training Loss: 0.6388
Average Test Loss: 0.5146
Early stopping patience: 2/50

Epoch 184/1000
Average Training Loss: 0.6561
Average Test Loss: 0.5180
Early stopping patience: 3/50

Epoch 185/1000
Average Training Loss: 0.6703
Average Test Loss: 0.5224
Early stopping patience: 4/50

Epoch 186/1000
Average Training Loss: 0.6403
Average Test Loss: 0.5051
Early stopping patience: 5/50

Epoch 187/1000
Average Training Loss: 0.6468
Average Test Loss: 0.5138
Early stopping patience: 6/50

Epoch 188/1000
Average Training Loss: 0.6399
Average Test Loss: 0.5051
Early stopping patience: 7/50

Epoch 189/1000
Average Training Loss: 0.6273
Average Test Loss: 0.4961
New best Test Loss: 0.4961 at epoch 189

Epoch 190/1000
Average Training Loss: 0.6387
Average Test Loss: 0.5148
Early stopping patience: 1/50

Epoch 191/1000
Average Training Loss: 0.6389
Average Test Loss: 0.5339
Early stopping patience: 2/50

Epoch 192/1000
Average Training Loss: 0.6506
Average Test Loss: 0.4945
New best Test Loss: 0.4945 at epoch 192

Epoch 193/1000
Average Training Loss: 0.6546
Average Test Loss: 0.5033
Early stopping patience: 1/50

Epoch 194/1000
Average Training Loss: 0.6236
Average Test Loss: 0.5148
Early stopping patience: 2/50

Epoch 195/1000
Average Training Loss: 0.6383
Average Test Loss: 0.5039
Early stopping patience: 3/50

Epoch 196/1000
Average Training Loss: 0.6553
Average Test Loss: 0.5017
Early stopping patience: 4/50

Epoch 197/1000
Average Training Loss: 0.6530
Average Test Loss: 0.5197
Early stopping patience: 5/50

Epoch 198/1000
Average Training Loss: 0.6373
Average Test Loss: 0.5034
Early stopping patience: 6/50

Epoch 199/1000
Average Training Loss: 0.6235
Average Test Loss: 0.4961
Early stopping patience: 7/50

Epoch 200/1000
Average Training Loss: 0.6200
Average Test Loss: 0.5266
Early stopping patience: 8/50

Epoch 201/1000
Average Training Loss: 0.6061
Average Test Loss: 0.5067
Early stopping patience: 9/50

Epoch 202/1000
Average Training Loss: 0.6027
Average Test Loss: 0.5044
Early stopping patience: 10/50

Epoch 203/1000
Average Training Loss: 0.6437
Average Test Loss: 0.5058
Early stopping patience: 11/50

Epoch 204/1000
Average Training Loss: 0.6414
Average Test Loss: 0.5102
Early stopping patience: 12/50

Epoch 205/1000
Average Training Loss: 0.6382
Average Test Loss: 0.5002
Early stopping patience: 13/50

Epoch 206/1000
Average Training Loss: 0.6656
Average Test Loss: 0.5258
Early stopping patience: 14/50

Epoch 207/1000
Average Training Loss: 0.6261
Average Test Loss: 0.5024
Early stopping patience: 15/50

Epoch 208/1000
Average Training Loss: 0.6304
Average Test Loss: 0.5092
Early stopping patience: 16/50

Epoch 209/1000
Average Training Loss: 0.6145
Average Test Loss: 0.5110
Early stopping patience: 17/50

Epoch 210/1000
Average Training Loss: 0.6177
Average Test Loss: 0.5083
Early stopping patience: 18/50

Epoch 211/1000
Average Training Loss: 0.6247
Average Test Loss: 0.5135
Early stopping patience: 19/50

Epoch 212/1000
Average Training Loss: 0.6382
Average Test Loss: 0.5245
Early stopping patience: 20/50

Epoch 213/1000
Average Training Loss: 0.6402
Average Test Loss: 0.4938
New best Test Loss: 0.4938 at epoch 213

Epoch 214/1000
Average Training Loss: 0.6348
Average Test Loss: 0.5368
Early stopping patience: 1/50

Epoch 215/1000
Average Training Loss: 0.6374
Average Test Loss: 0.4956
Early stopping patience: 2/50

Epoch 216/1000
Average Training Loss: 0.6332
Average Test Loss: 0.5320
Early stopping patience: 3/50

Epoch 217/1000
Average Training Loss: 0.6352
Average Test Loss: 0.4967
Early stopping patience: 4/50

Epoch 218/1000
Average Training Loss: 0.6476
Average Test Loss: 0.5113
Early stopping patience: 5/50

Epoch 219/1000
Average Training Loss: 0.6256
Average Test Loss: 0.5034
Early stopping patience: 6/50

Epoch 220/1000
Average Training Loss: 0.6496
Average Test Loss: 0.5201
Early stopping patience: 7/50

Epoch 221/1000
Average Training Loss: 0.6269
Average Test Loss: 0.4941
Early stopping patience: 8/50

Epoch 222/1000
Average Training Loss: 0.6044
Average Test Loss: 0.5091
Early stopping patience: 9/50

Epoch 223/1000
Average Training Loss: 0.6253
Average Test Loss: 0.5014
Early stopping patience: 10/50

Epoch 224/1000
Average Training Loss: 0.6226
Average Test Loss: 0.5138
Early stopping patience: 11/50

Epoch 225/1000
Average Training Loss: 0.6149
Average Test Loss: 0.5191
Early stopping patience: 12/50

Epoch 226/1000
Average Training Loss: 0.6414
Average Test Loss: 0.5026
Early stopping patience: 13/50

Epoch 227/1000
Average Training Loss: 0.6476
Average Test Loss: 0.5164
Early stopping patience: 14/50

Epoch 228/1000
Average Training Loss: 0.6144
Average Test Loss: 0.4946
Early stopping patience: 15/50

Epoch 229/1000
Average Training Loss: 0.6341
Average Test Loss: 0.5011
Early stopping patience: 16/50

Epoch 230/1000
Average Training Loss: 0.6422
Average Test Loss: 0.5097
Early stopping patience: 17/50

Epoch 231/1000
Average Training Loss: 0.6212
Average Test Loss: 0.5117
Early stopping patience: 18/50

Epoch 232/1000
Average Training Loss: 0.5997
Average Test Loss: 0.4943
Early stopping patience: 19/50

Epoch 233/1000
Average Training Loss: 0.6274
Average Test Loss: 0.4981
Early stopping patience: 20/50

Epoch 234/1000
Average Training Loss: 0.6276
Average Test Loss: 0.5034
Early stopping patience: 21/50

Epoch 235/1000
Average Training Loss: 0.6181
Average Test Loss: 0.4979
Early stopping patience: 22/50

Epoch 236/1000
Average Training Loss: 0.6403
Average Test Loss: 0.5042
Early stopping patience: 23/50

Epoch 237/1000
Average Training Loss: 0.6434
Average Test Loss: 0.5160
Early stopping patience: 24/50

Epoch 238/1000
Average Training Loss: 0.6018
Average Test Loss: 0.5122
Early stopping patience: 25/50

Epoch 239/1000
Average Training Loss: 0.6313
Average Test Loss: 0.4887
New best Test Loss: 0.4887 at epoch 239

Epoch 240/1000
Average Training Loss: 0.6194
Average Test Loss: 0.5168
Early stopping patience: 1/50

Epoch 241/1000
Average Training Loss: 0.6183
Average Test Loss: 0.4966
Early stopping patience: 2/50

Epoch 242/1000
Average Training Loss: 0.6061
Average Test Loss: 0.4939
Early stopping patience: 3/50

Epoch 243/1000
Average Training Loss: 0.6200
Average Test Loss: 0.5116
Early stopping patience: 4/50

Epoch 244/1000
Average Training Loss: 0.6042
Average Test Loss: 0.4879
New best Test Loss: 0.4879 at epoch 244

Epoch 245/1000
Average Training Loss: 0.6241
Average Test Loss: 0.5056
Early stopping patience: 1/50

Epoch 246/1000
Average Training Loss: 0.6447
Average Test Loss: 0.5046
Early stopping patience: 2/50

Epoch 247/1000
Average Training Loss: 0.6221
Average Test Loss: 0.5039
Early stopping patience: 3/50

Epoch 248/1000
Average Training Loss: 0.6039
Average Test Loss: 0.4946
Early stopping patience: 4/50

Epoch 249/1000
Average Training Loss: 0.5984
Average Test Loss: 0.5068
Early stopping patience: 5/50

Epoch 250/1000
Average Training Loss: 0.6115
Average Test Loss: 0.4921
Early stopping patience: 6/50

Epoch 251/1000
Average Training Loss: 0.6071
Average Test Loss: 0.4965
Early stopping patience: 7/50

Epoch 252/1000
Average Training Loss: 0.6154
Average Test Loss: 0.5134
Early stopping patience: 8/50

Epoch 253/1000
Average Training Loss: 0.5916
Average Test Loss: 0.4970
Early stopping patience: 9/50

Epoch 254/1000
Average Training Loss: 0.6347
Average Test Loss: 0.5294
Early stopping patience: 10/50

Epoch 255/1000
Average Training Loss: 0.6242
Average Test Loss: 0.4950
Early stopping patience: 11/50

Epoch 256/1000
Average Training Loss: 0.6041
Average Test Loss: 0.4929
Early stopping patience: 12/50

Epoch 257/1000
Average Training Loss: 0.6178
Average Test Loss: 0.5087
Early stopping patience: 13/50

Epoch 258/1000
Average Training Loss: 0.6316
Average Test Loss: 0.5042
Early stopping patience: 14/50

Epoch 259/1000
Average Training Loss: 0.5894
Average Test Loss: 0.5004
Early stopping patience: 15/50

Epoch 260/1000
Average Training Loss: 0.6022
Average Test Loss: 0.5116
Early stopping patience: 16/50

Epoch 261/1000
Average Training Loss: 0.6353
Average Test Loss: 0.5025
Early stopping patience: 17/50

Epoch 262/1000
Average Training Loss: 0.5894
Average Test Loss: 0.4920
Early stopping patience: 18/50

Epoch 263/1000
Average Training Loss: 0.6194
Average Test Loss: 0.5272
Early stopping patience: 19/50

Epoch 264/1000
Average Training Loss: 0.6005
Average Test Loss: 0.4870
New best Test Loss: 0.4870 at epoch 264

Epoch 265/1000
Average Training Loss: 0.5827
Average Test Loss: 0.5005
Early stopping patience: 1/50

Epoch 266/1000
Average Training Loss: 0.6116
Average Test Loss: 0.4982
Early stopping patience: 2/50

Epoch 267/1000
Average Training Loss: 0.6196
Average Test Loss: 0.4970
Early stopping patience: 3/50

Epoch 268/1000
Average Training Loss: 0.6089
Average Test Loss: 0.5256
Early stopping patience: 4/50

Epoch 269/1000
Average Training Loss: 0.6130
Average Test Loss: 0.5002
Early stopping patience: 5/50

Epoch 270/1000
Average Training Loss: 0.6075
Average Test Loss: 0.5100
Early stopping patience: 6/50

Epoch 271/1000
Average Training Loss: 0.5893
Average Test Loss: 0.4968
Early stopping patience: 7/50

Epoch 272/1000
Average Training Loss: 0.5990
Average Test Loss: 0.5026
Early stopping patience: 8/50

Epoch 273/1000
Average Training Loss: 0.6160
Average Test Loss: 0.5190
Early stopping patience: 9/50

Epoch 274/1000
Average Training Loss: 0.5974
Average Test Loss: 0.4908
Early stopping patience: 10/50

Epoch 275/1000
Average Training Loss: 0.6133
Average Test Loss: 0.5113
Early stopping patience: 11/50

Epoch 276/1000
Average Training Loss: 0.6174
Average Test Loss: 0.4806
New best Test Loss: 0.4806 at epoch 276

Epoch 277/1000
Average Training Loss: 0.6049
Average Test Loss: 0.4884
Early stopping patience: 1/50

Epoch 278/1000
Average Training Loss: 0.6043
Average Test Loss: 0.5010
Early stopping patience: 2/50

Epoch 279/1000
Average Training Loss: 0.5825
Average Test Loss: 0.5062
Early stopping patience: 3/50

Epoch 280/1000
Average Training Loss: 0.5821
Average Test Loss: 0.4976
Early stopping patience: 4/50

Epoch 281/1000
Average Training Loss: 0.6111
Average Test Loss: 0.4885
Early stopping patience: 5/50

Epoch 282/1000
Average Training Loss: 0.6254
Average Test Loss: 0.4964
Early stopping patience: 6/50

Epoch 283/1000
Average Training Loss: 0.5961
Average Test Loss: 0.5393
Early stopping patience: 7/50

Epoch 284/1000
Average Training Loss: 0.6240
Average Test Loss: 0.4769
New best Test Loss: 0.4769 at epoch 284

Epoch 285/1000
Average Training Loss: 0.6021
Average Test Loss: 0.4888
Early stopping patience: 1/50

Epoch 286/1000
Average Training Loss: 0.6077
Average Test Loss: 0.4932
Early stopping patience: 2/50

Epoch 287/1000
Average Training Loss: 0.6036
Average Test Loss: 0.4989
Early stopping patience: 3/50

Epoch 288/1000
Average Training Loss: 0.6020
Average Test Loss: 0.4944
Early stopping patience: 4/50

Epoch 289/1000
Average Training Loss: 0.5784
Average Test Loss: 0.5182
Early stopping patience: 5/50

Epoch 290/1000
Average Training Loss: 0.5938
Average Test Loss: 0.4858
Early stopping patience: 6/50

Epoch 291/1000
Average Training Loss: 0.5904
Average Test Loss: 0.5115
Early stopping patience: 7/50

Epoch 292/1000
Average Training Loss: 0.5856
Average Test Loss: 0.4940
Early stopping patience: 8/50

Epoch 293/1000
Average Training Loss: 0.6076
Average Test Loss: 0.5266
Early stopping patience: 9/50

Epoch 294/1000
Average Training Loss: 0.6191
Average Test Loss: 0.4845
Early stopping patience: 10/50

Epoch 295/1000
Average Training Loss: 0.5945
Average Test Loss: 0.4988
Early stopping patience: 11/50

Epoch 296/1000
Average Training Loss: 0.6222
Average Test Loss: 0.5113
Early stopping patience: 12/50

Epoch 297/1000
Average Training Loss: 0.6018
Average Test Loss: 0.4977
Early stopping patience: 13/50

Epoch 298/1000
Average Training Loss: 0.6125
Average Test Loss: 0.5071
Early stopping patience: 14/50

Epoch 299/1000
Average Training Loss: 0.6155
Average Test Loss: 0.4864
Early stopping patience: 15/50

Epoch 300/1000
Average Training Loss: 0.5858
Average Test Loss: 0.5015
Early stopping patience: 16/50

Epoch 301/1000
Average Training Loss: 0.5780
Average Test Loss: 0.5071
Early stopping patience: 17/50

Epoch 302/1000
Average Training Loss: 0.5967
Average Test Loss: 0.4875
Early stopping patience: 18/50

Epoch 303/1000
Average Training Loss: 0.5955
Average Test Loss: 0.5272
Early stopping patience: 19/50

Epoch 304/1000
Average Training Loss: 0.5824
Average Test Loss: 0.5099
Early stopping patience: 20/50

Epoch 305/1000
Average Training Loss: 0.5684
Average Test Loss: 0.4969
Early stopping patience: 21/50

Epoch 306/1000
Average Training Loss: 0.5829
Average Test Loss: 0.5174
Early stopping patience: 22/50

Epoch 307/1000
Average Training Loss: 0.5960
Average Test Loss: 0.5050
Early stopping patience: 23/50

Epoch 308/1000
Average Training Loss: 0.6037
Average Test Loss: 0.5107
Early stopping patience: 24/50

Epoch 309/1000
Average Training Loss: 0.5951
Average Test Loss: 0.4888
Early stopping patience: 25/50

Epoch 310/1000
Average Training Loss: 0.5894
Average Test Loss: 0.5240
Early stopping patience: 26/50

Epoch 311/1000
Average Training Loss: 0.5866
Average Test Loss: 0.5161
Early stopping patience: 27/50

Epoch 312/1000
Average Training Loss: 0.6124
Average Test Loss: 0.4988
Early stopping patience: 28/50

Epoch 313/1000
Average Training Loss: 0.6170
Average Test Loss: 0.4945
Early stopping patience: 29/50

Epoch 314/1000
Average Training Loss: 0.5786
Average Test Loss: 0.4887
Early stopping patience: 30/50

Epoch 315/1000
Average Training Loss: 0.5896
Average Test Loss: 0.5194
Early stopping patience: 31/50

Epoch 316/1000
Average Training Loss: 0.6416
Average Test Loss: 0.5121
Early stopping patience: 32/50

Epoch 317/1000
Average Training Loss: 0.5834
Average Test Loss: 0.5141
Early stopping patience: 33/50

Epoch 318/1000
Average Training Loss: 0.5831
Average Test Loss: 0.5016
Early stopping patience: 34/50

Epoch 319/1000
Average Training Loss: 0.5863
Average Test Loss: 0.5077
Early stopping patience: 35/50

Epoch 320/1000
Average Training Loss: 0.6232
Average Test Loss: 0.5151
Early stopping patience: 36/50

Epoch 321/1000
Average Training Loss: 0.5793
Average Test Loss: 0.5241
Early stopping patience: 37/50

Epoch 322/1000
Average Training Loss: 0.5903
Average Test Loss: 0.5189
Early stopping patience: 38/50

Epoch 323/1000
Average Training Loss: 0.5840
Average Test Loss: 0.5025
Early stopping patience: 39/50

Epoch 324/1000
Average Training Loss: 0.5943
Average Test Loss: 0.5464
Early stopping patience: 40/50

Epoch 325/1000
Average Training Loss: 0.5712
Average Test Loss: 0.4944
Early stopping patience: 41/50

Epoch 326/1000
Average Training Loss: 0.5819
Average Test Loss: 0.5340
Early stopping patience: 42/50

Epoch 327/1000
Average Training Loss: 0.6093
Average Test Loss: 0.5255
Early stopping patience: 43/50

Epoch 328/1000
Average Training Loss: 0.5766
Average Test Loss: 0.5097
Early stopping patience: 44/50

Epoch 329/1000
Average Training Loss: 0.5724
Average Test Loss: 0.5178
Early stopping patience: 45/50

Epoch 330/1000
Average Training Loss: 0.5869
Average Test Loss: 0.5330
Early stopping patience: 46/50

Epoch 331/1000
Average Training Loss: 0.5646
Average Test Loss: 0.4974
Early stopping patience: 47/50

Epoch 332/1000
Average Training Loss: 0.5799
Average Test Loss: 0.5196
Early stopping patience: 48/50

Epoch 333/1000
Average Training Loss: 0.6011
Average Test Loss: 0.5339
Early stopping patience: 49/50

Epoch 334/1000
Average Training Loss: 0.5783
Average Test Loss: 0.4930
Early stopping patience: 50/50
Early stopping triggered: best epoch 284, best test loss 0.4769

--- Training Complete ---
Best checkpoint restored before final evaluation: epoch 284
Model saved to /home/matheuscm/RNN_with_positional_encoding/reports_early_stop_ddp_bs1024/cenario_D_GRU_base_missing_0p5_model_weights.pth
Test predictions CSV saved to /home/matheuscm/RNN_with_positional_encoding/reports_early_stop_ddp_bs1024/cenario_D_GRU_base_missing_0p5_predictions.csv
Training history CSV saved to /home/matheuscm/RNN_with_positional_encoding/reports_early_stop_ddp_bs1024/cenario_D_GRU_base_missing_0p5_history.csv
Metrics JSON saved to /home/matheuscm/RNN_with_positional_encoding/reports_early_stop_ddp_bs1024/cenario_D_GRU_base_missing_0p5_metrics.json
Loss curve saved to /home/matheuscm/RNN_with_positional_encoding/reports_early_stop_ddp_bs1024/cenario_D_GRU_base_missing_0p5_loss_raw.png
Script finished.
