Command:
.venv/bin/python -m torch.distributed.run --standalone --nnodes 1 --nproc_per_node 4 /home/matheuscm/RNN_with_positional_encoding/PCS5024_EP_Time_Series.py --model_variant gru_temporal --data_removal_ratio 0.1 --run_name cenario_F_GRU_temporal_missing_0p1 --objective robustez --output_dir /home/matheuscm/RNN_with_positional_encoding/reports_early_stop_ddp_bs1024 --predictions_csv cenario_F_GRU_temporal_missing_0p1_predictions.csv --history_csv cenario_F_GRU_temporal_missing_0p1_history.csv --metrics_json cenario_F_GRU_temporal_missing_0p1_metrics.json --loss_curve_png cenario_F_GRU_temporal_missing_0p1_loss_raw.png --model_weights_path cenario_F_GRU_temporal_missing_0p1_model_weights.pth --data_filename data/santos_ssh.csv --split_date 2020-06-01 00:00:00 --past_len 8000 --future_len 2000 --sliding_window_step 25 --batch_size 256 --num_workers 0 --torch_threads 0 --hidden_size 128 --num_epochs 1000 --learning_rate 0.0002 --weight_decay 1e-05 --early_stopping_patience 50 --early_stopping_min_delta 0.0 --pos_encoding_dim 128 --time_scale 1.0 --seed 100


*****************************************
Setting OMP_NUM_THREADS environment variable for each process to be 1 in default, to avoid your system being overloaded, please further tune the variable for optimal performance in your application as needed. 
*****************************************
Using device: cuda:0
CPU threads per process: 16
CUDA devices available: 4
Using DistributedDataParallel with 4 GPUs
Hyperparameters: model_variant=gru_temporal, data_removal_ratio=0.1, batch_size_per_process=256, effective_batch_size=1024, hidden_size=128, pos_encoding_dim=128, learning_rate=0.0002, weight_decay=1e-05, sliding_window_step=25, early_stopping_patience=50, early_stopping_min_delta=0.0
Train set size: 21293
Test set size: 4320
Scaling data using Train Mean: shape: (1, 1)
┌──────────┐
│ ssh      │
│ ---      │
│ f32      │
╞══════════╡
│ 0.840088 │
└──────────┘, Train Std: shape: (1, 1)
┌──────────┐
│ ssh      │
│ ---      │
│ f32      │
╞══════════╡
│ 0.386142 │
└──────────┘
Applied missing-data simulation: ratio=0.10, train_kept=19164/21293, test_kept=3888/4320
Creating sequences and dataloaders...
x_train shape: torch.Size([8204, 749, 1]), y_train shape: torch.Size([8204, 194, 1])
x_test shape: torch.Size([1328, 733, 1]), y_test shape: torch.Size([1328, 186, 1])

--- Starting Training ---

Epoch 1/1000
Average Training Loss: 1.0666
Average Test Loss: 0.7893
New best Test Loss: 0.7893 at epoch 1

Epoch 2/1000
Average Training Loss: 1.0306
Average Test Loss: 0.7774
New best Test Loss: 0.7774 at epoch 2

Epoch 3/1000
Average Training Loss: 1.0130
Average Test Loss: 0.7794
Early stopping patience: 1/50

Epoch 4/1000
Average Training Loss: 0.9932
Average Test Loss: 0.7768
New best Test Loss: 0.7768 at epoch 4

Epoch 5/1000
Average Training Loss: 0.9915
Average Test Loss: 0.7779
Early stopping patience: 1/50

Epoch 6/1000
Average Training Loss: 1.0197
Average Test Loss: 0.7718
New best Test Loss: 0.7718 at epoch 6

Epoch 7/1000
Average Training Loss: 1.0100
Average Test Loss: 0.7732
Early stopping patience: 1/50

Epoch 8/1000
Average Training Loss: 0.9946
Average Test Loss: 0.7629
New best Test Loss: 0.7629 at epoch 8

Epoch 9/1000
Average Training Loss: 1.0310
Average Test Loss: 0.7635
Early stopping patience: 1/50

Epoch 10/1000
Average Training Loss: 0.9986
Average Test Loss: 0.7585
New best Test Loss: 0.7585 at epoch 10

Epoch 11/1000
Average Training Loss: 1.0275
Average Test Loss: 0.7501
New best Test Loss: 0.7501 at epoch 11

Epoch 12/1000
Average Training Loss: 1.0093
Average Test Loss: 0.7538
Early stopping patience: 1/50

Epoch 13/1000
Average Training Loss: 0.9768
Average Test Loss: 0.7491
New best Test Loss: 0.7491 at epoch 13

Epoch 14/1000
Average Training Loss: 0.9618
Average Test Loss: 0.7415
New best Test Loss: 0.7415 at epoch 14

Epoch 15/1000
Average Training Loss: 1.0104
Average Test Loss: 0.7384
New best Test Loss: 0.7384 at epoch 15

Epoch 16/1000
Average Training Loss: 0.9462
Average Test Loss: 0.7307
New best Test Loss: 0.7307 at epoch 16

Epoch 17/1000
Average Training Loss: 0.9754
Average Test Loss: 0.7299
New best Test Loss: 0.7299 at epoch 17

Epoch 18/1000
Average Training Loss: 0.9545
Average Test Loss: 0.7238
New best Test Loss: 0.7238 at epoch 18

Epoch 19/1000
Average Training Loss: 0.9654
Average Test Loss: 0.7249
Early stopping patience: 1/50

Epoch 20/1000
Average Training Loss: 0.9367
Average Test Loss: 0.7242
Early stopping patience: 2/50

Epoch 21/1000
Average Training Loss: 0.9367
Average Test Loss: 0.7179
New best Test Loss: 0.7179 at epoch 21

Epoch 22/1000
Average Training Loss: 0.9605
Average Test Loss: 0.7208
Early stopping patience: 1/50

Epoch 23/1000
Average Training Loss: 0.9369
Average Test Loss: 0.7163
New best Test Loss: 0.7163 at epoch 23

Epoch 24/1000
Average Training Loss: 0.9634
Average Test Loss: 0.7187
Early stopping patience: 1/50

Epoch 25/1000
Average Training Loss: 0.9922
Average Test Loss: 0.7198
Early stopping patience: 2/50

Epoch 26/1000
Average Training Loss: 0.9760
Average Test Loss: 0.7210
Early stopping patience: 3/50

Epoch 27/1000
Average Training Loss: 0.9297
Average Test Loss: 0.7103
New best Test Loss: 0.7103 at epoch 27

Epoch 28/1000
Average Training Loss: 0.9507
Average Test Loss: 0.7181
Early stopping patience: 1/50

Epoch 29/1000
Average Training Loss: 0.9554
Average Test Loss: 0.7129
Early stopping patience: 2/50

Epoch 30/1000
Average Training Loss: 0.9007
Average Test Loss: 0.7046
New best Test Loss: 0.7046 at epoch 30

Epoch 31/1000
Average Training Loss: 0.9136
Average Test Loss: 0.7072
Early stopping patience: 1/50

Epoch 32/1000
Average Training Loss: 0.9641
Average Test Loss: 0.7079
Early stopping patience: 2/50

Epoch 33/1000
Average Training Loss: 0.9365
Average Test Loss: 0.7096
Early stopping patience: 3/50

Epoch 34/1000
Average Training Loss: 0.9184
Average Test Loss: 0.7033
New best Test Loss: 0.7033 at epoch 34

Epoch 35/1000
Average Training Loss: 0.9021
Average Test Loss: 0.7007
New best Test Loss: 0.7007 at epoch 35

Epoch 36/1000
Average Training Loss: 0.9035
Average Test Loss: 0.6922
New best Test Loss: 0.6922 at epoch 36

Epoch 37/1000
Average Training Loss: 0.9129
Average Test Loss: 0.6900
New best Test Loss: 0.6900 at epoch 37

Epoch 38/1000
Average Training Loss: 0.8901
Average Test Loss: 0.6869
New best Test Loss: 0.6869 at epoch 38

Epoch 39/1000
Average Training Loss: 0.8716
Average Test Loss: 0.6826
New best Test Loss: 0.6826 at epoch 39

Epoch 40/1000
Average Training Loss: 0.8538
Average Test Loss: 0.6812
New best Test Loss: 0.6812 at epoch 40

Epoch 41/1000
Average Training Loss: 0.8952
Average Test Loss: 0.7087
Early stopping patience: 1/50

Epoch 42/1000
Average Training Loss: 0.9178
Average Test Loss: 0.6920
Early stopping patience: 2/50

Epoch 43/1000
Average Training Loss: 0.8630
Average Test Loss: 0.6765
New best Test Loss: 0.6765 at epoch 43

Epoch 44/1000
Average Training Loss: 0.8743
Average Test Loss: 0.6686
New best Test Loss: 0.6686 at epoch 44

Epoch 45/1000
Average Training Loss: 0.8424
Average Test Loss: 0.6520
New best Test Loss: 0.6520 at epoch 45

Epoch 46/1000
Average Training Loss: 0.8310
Average Test Loss: 0.6374
New best Test Loss: 0.6374 at epoch 46

Epoch 47/1000
Average Training Loss: 0.8252
Average Test Loss: 0.6296
New best Test Loss: 0.6296 at epoch 47

Epoch 48/1000
Average Training Loss: 0.7111
Average Test Loss: 0.5297
New best Test Loss: 0.5297 at epoch 48

Epoch 49/1000
Average Training Loss: 0.6169
Average Test Loss: 0.5191
New best Test Loss: 0.5191 at epoch 49

Epoch 50/1000
Average Training Loss: 0.5896
Average Test Loss: 0.4486
New best Test Loss: 0.4486 at epoch 50

Epoch 51/1000
Average Training Loss: 0.5569
Average Test Loss: 0.4490
Early stopping patience: 1/50

Epoch 52/1000
Average Training Loss: 0.5226
Average Test Loss: 0.4447
New best Test Loss: 0.4447 at epoch 52

Epoch 53/1000
Average Training Loss: 0.5171
Average Test Loss: 0.4554
Early stopping patience: 1/50

Epoch 54/1000
Average Training Loss: 0.5110
Average Test Loss: 0.4099
New best Test Loss: 0.4099 at epoch 54

Epoch 55/1000
Average Training Loss: 0.4699
Average Test Loss: 0.4433
Early stopping patience: 1/50

Epoch 56/1000
Average Training Loss: 0.4996
Average Test Loss: 0.4073
New best Test Loss: 0.4073 at epoch 56

Epoch 57/1000
Average Training Loss: 0.4807
Average Test Loss: 0.4013
New best Test Loss: 0.4013 at epoch 57

Epoch 58/1000
Average Training Loss: 0.4578
Average Test Loss: 0.3919
New best Test Loss: 0.3919 at epoch 58

Epoch 59/1000
Average Training Loss: 0.4559
Average Test Loss: 0.3995
Early stopping patience: 1/50

Epoch 60/1000
Average Training Loss: 0.4493
Average Test Loss: 0.3868
New best Test Loss: 0.3868 at epoch 60

Epoch 61/1000
Average Training Loss: 0.4531
Average Test Loss: 0.3662
New best Test Loss: 0.3662 at epoch 61

Epoch 62/1000
Average Training Loss: 0.4298
Average Test Loss: 0.3706
Early stopping patience: 1/50

Epoch 63/1000
Average Training Loss: 0.4250
Average Test Loss: 0.3768
Early stopping patience: 2/50

Epoch 64/1000
Average Training Loss: 0.4406
Average Test Loss: 0.3564
New best Test Loss: 0.3564 at epoch 64

Epoch 65/1000
Average Training Loss: 0.4368
Average Test Loss: 0.3736
Early stopping patience: 1/50

Epoch 66/1000
Average Training Loss: 0.4302
Average Test Loss: 0.3631
Early stopping patience: 2/50

Epoch 67/1000
Average Training Loss: 0.4079
Average Test Loss: 0.3418
New best Test Loss: 0.3418 at epoch 67

Epoch 68/1000
Average Training Loss: 0.4104
Average Test Loss: 0.3483
Early stopping patience: 1/50

Epoch 69/1000
Average Training Loss: 0.4214
Average Test Loss: 0.3474
Early stopping patience: 2/50

Epoch 70/1000
Average Training Loss: 0.4160
Average Test Loss: 0.3374
New best Test Loss: 0.3374 at epoch 70

Epoch 71/1000
Average Training Loss: 0.3940
Average Test Loss: 0.3354
New best Test Loss: 0.3354 at epoch 71

Epoch 72/1000
Average Training Loss: 0.3978
Average Test Loss: 0.3564
Early stopping patience: 1/50

Epoch 73/1000
Average Training Loss: 0.3988
Average Test Loss: 0.3479
Early stopping patience: 2/50

Epoch 74/1000
Average Training Loss: 0.3814
Average Test Loss: 0.3443
Early stopping patience: 3/50

Epoch 75/1000
Average Training Loss: 0.3985
Average Test Loss: 0.3362
Early stopping patience: 4/50

Epoch 76/1000
Average Training Loss: 0.3927
Average Test Loss: 0.3596
Early stopping patience: 5/50

Epoch 77/1000
Average Training Loss: 0.3946
Average Test Loss: 0.3364
Early stopping patience: 6/50

Epoch 78/1000
Average Training Loss: 0.3924
Average Test Loss: 0.3216
New best Test Loss: 0.3216 at epoch 78

Epoch 79/1000
Average Training Loss: 0.3886
Average Test Loss: 0.3359
Early stopping patience: 1/50

Epoch 80/1000
Average Training Loss: 0.3987
Average Test Loss: 0.3399
Early stopping patience: 2/50

Epoch 81/1000
Average Training Loss: 0.4086
Average Test Loss: 0.3367
Early stopping patience: 3/50

Epoch 82/1000
Average Training Loss: 0.3862
Average Test Loss: 0.3291
Early stopping patience: 4/50

Epoch 83/1000
Average Training Loss: 0.3935
Average Test Loss: 0.3348
Early stopping patience: 5/50

Epoch 84/1000
Average Training Loss: 0.3977
Average Test Loss: 0.3409
Early stopping patience: 6/50

Epoch 85/1000
Average Training Loss: 0.3869
Average Test Loss: 0.3169
New best Test Loss: 0.3169 at epoch 85

Epoch 86/1000
Average Training Loss: 0.3709
Average Test Loss: 0.3345
Early stopping patience: 1/50

Epoch 87/1000
Average Training Loss: 0.3680
Average Test Loss: 0.3249
Early stopping patience: 2/50

Epoch 88/1000
Average Training Loss: 0.3976
Average Test Loss: 0.3158
New best Test Loss: 0.3158 at epoch 88

Epoch 89/1000
Average Training Loss: 0.3750
Average Test Loss: 0.3256
Early stopping patience: 1/50

Epoch 90/1000
Average Training Loss: 0.3792
Average Test Loss: 0.3176
Early stopping patience: 2/50

Epoch 91/1000
Average Training Loss: 0.3837
Average Test Loss: 0.3374
Early stopping patience: 3/50

Epoch 92/1000
Average Training Loss: 0.3728
Average Test Loss: 0.3096
New best Test Loss: 0.3096 at epoch 92

Epoch 93/1000
Average Training Loss: 0.3783
Average Test Loss: 0.3142
Early stopping patience: 1/50

Epoch 94/1000
Average Training Loss: 0.3673
Average Test Loss: 0.3113
Early stopping patience: 2/50

Epoch 95/1000
Average Training Loss: 0.3692
Average Test Loss: 0.3140
Early stopping patience: 3/50

Epoch 96/1000
Average Training Loss: 0.3837
Average Test Loss: 0.3151
Early stopping patience: 4/50

Epoch 97/1000
Average Training Loss: 0.3818
Average Test Loss: 0.3224
Early stopping patience: 5/50

Epoch 98/1000
Average Training Loss: 0.3653
Average Test Loss: 0.3254
Early stopping patience: 6/50

Epoch 99/1000
Average Training Loss: 0.3537
Average Test Loss: 0.3161
Early stopping patience: 7/50

Epoch 100/1000
Average Training Loss: 0.3689
Average Test Loss: 0.3216
Early stopping patience: 8/50

Epoch 101/1000
Average Training Loss: 0.3659
Average Test Loss: 0.3090
New best Test Loss: 0.3090 at epoch 101

Epoch 102/1000
Average Training Loss: 0.3756
Average Test Loss: 0.3113
Early stopping patience: 1/50

Epoch 103/1000
Average Training Loss: 0.3562
Average Test Loss: 0.3077
New best Test Loss: 0.3077 at epoch 103

Epoch 104/1000
Average Training Loss: 0.3618
Average Test Loss: 0.3021
New best Test Loss: 0.3021 at epoch 104

Epoch 105/1000
Average Training Loss: 0.3532
Average Test Loss: 0.3198
Early stopping patience: 1/50

Epoch 106/1000
Average Training Loss: 0.3876
Average Test Loss: 0.3378
Early stopping patience: 2/50

Epoch 107/1000
Average Training Loss: 0.3652
Average Test Loss: 0.3067
Early stopping patience: 3/50

Epoch 108/1000
Average Training Loss: 0.3823
Average Test Loss: 0.3035
Early stopping patience: 4/50

Epoch 109/1000
Average Training Loss: 0.3575
Average Test Loss: 0.3276
Early stopping patience: 5/50

Epoch 110/1000
Average Training Loss: 0.3600
Average Test Loss: 0.2999
New best Test Loss: 0.2999 at epoch 110

Epoch 111/1000
Average Training Loss: 0.3689
Average Test Loss: 0.3226
Early stopping patience: 1/50

Epoch 112/1000
Average Training Loss: 0.3598
Average Test Loss: 0.3080
Early stopping patience: 2/50

Epoch 113/1000
Average Training Loss: 0.3614
Average Test Loss: 0.3106
Early stopping patience: 3/50

Epoch 114/1000
Average Training Loss: 0.3722
Average Test Loss: 0.3079
Early stopping patience: 4/50

Epoch 115/1000
Average Training Loss: 0.3774
Average Test Loss: 0.3103
Early stopping patience: 5/50

Epoch 116/1000
Average Training Loss: 0.3577
Average Test Loss: 0.3027
Early stopping patience: 6/50

Epoch 117/1000
Average Training Loss: 0.3631
Average Test Loss: 0.3190
Early stopping patience: 7/50

Epoch 118/1000
Average Training Loss: 0.3633
Average Test Loss: 0.3063
Early stopping patience: 8/50

Epoch 119/1000
Average Training Loss: 0.3522
Average Test Loss: 0.2956
New best Test Loss: 0.2956 at epoch 119

Epoch 120/1000
Average Training Loss: 0.3574
Average Test Loss: 0.3170
Early stopping patience: 1/50

Epoch 121/1000
Average Training Loss: 0.3629
Average Test Loss: 0.2919
New best Test Loss: 0.2919 at epoch 121

Epoch 122/1000
Average Training Loss: 0.3454
Average Test Loss: 0.2909
New best Test Loss: 0.2909 at epoch 122

Epoch 123/1000
Average Training Loss: 0.3487
Average Test Loss: 0.3197
Early stopping patience: 1/50

Epoch 124/1000
Average Training Loss: 0.3471
Average Test Loss: 0.3033
Early stopping patience: 2/50

Epoch 125/1000
Average Training Loss: 0.3448
Average Test Loss: 0.2977
Early stopping patience: 3/50

Epoch 126/1000
Average Training Loss: 0.3536
Average Test Loss: 0.3007
Early stopping patience: 4/50

Epoch 127/1000
Average Training Loss: 0.3493
Average Test Loss: 0.2952
Early stopping patience: 5/50

Epoch 128/1000
Average Training Loss: 0.3549
Average Test Loss: 0.2981
Early stopping patience: 6/50

Epoch 129/1000
Average Training Loss: 0.3455
Average Test Loss: 0.3032
Early stopping patience: 7/50

Epoch 130/1000
Average Training Loss: 0.3562
Average Test Loss: 0.3044
Early stopping patience: 8/50

Epoch 131/1000
Average Training Loss: 0.3453
Average Test Loss: 0.2928
Early stopping patience: 9/50

Epoch 132/1000
Average Training Loss: 0.3428
Average Test Loss: 0.3001
Early stopping patience: 10/50

Epoch 133/1000
Average Training Loss: 0.3438
Average Test Loss: 0.2970
Early stopping patience: 11/50

Epoch 134/1000
Average Training Loss: 0.3494
Average Test Loss: 0.2886
New best Test Loss: 0.2886 at epoch 134

Epoch 135/1000
Average Training Loss: 0.3433
Average Test Loss: 0.2880
New best Test Loss: 0.2880 at epoch 135

Epoch 136/1000
Average Training Loss: 0.3409
Average Test Loss: 0.2859
New best Test Loss: 0.2859 at epoch 136

Epoch 137/1000
Average Training Loss: 0.3700
Average Test Loss: 0.3106
Early stopping patience: 1/50

Epoch 138/1000
Average Training Loss: 0.3379
Average Test Loss: 0.2883
Early stopping patience: 2/50

Epoch 139/1000
Average Training Loss: 0.3415
Average Test Loss: 0.2947
Early stopping patience: 3/50

Epoch 140/1000
Average Training Loss: 0.3449
Average Test Loss: 0.3044
Early stopping patience: 4/50

Epoch 141/1000
Average Training Loss: 0.3659
Average Test Loss: 0.2849
New best Test Loss: 0.2849 at epoch 141

Epoch 142/1000
Average Training Loss: 0.3401
Average Test Loss: 0.2873
Early stopping patience: 1/50

Epoch 143/1000
Average Training Loss: 0.3562
Average Test Loss: 0.3084
Early stopping patience: 2/50

Epoch 144/1000
Average Training Loss: 0.3567
Average Test Loss: 0.3006
Early stopping patience: 3/50

Epoch 145/1000
Average Training Loss: 0.3370
Average Test Loss: 0.3055
Early stopping patience: 4/50

Epoch 146/1000
Average Training Loss: 0.3457
Average Test Loss: 0.3002
Early stopping patience: 5/50

Epoch 147/1000
Average Training Loss: 0.3479
Average Test Loss: 0.3146
Early stopping patience: 6/50

Epoch 148/1000
Average Training Loss: 0.3425
Average Test Loss: 0.2943
Early stopping patience: 7/50

Epoch 149/1000
Average Training Loss: 0.3315
Average Test Loss: 0.2983
Early stopping patience: 8/50

Epoch 150/1000
Average Training Loss: 0.3348
Average Test Loss: 0.2961
Early stopping patience: 9/50

Epoch 151/1000
Average Training Loss: 0.3409
Average Test Loss: 0.2835
New best Test Loss: 0.2835 at epoch 151

Epoch 152/1000
Average Training Loss: 0.3347
Average Test Loss: 0.2848
Early stopping patience: 1/50

Epoch 153/1000
Average Training Loss: 0.3257
Average Test Loss: 0.2917
Early stopping patience: 2/50

Epoch 154/1000
Average Training Loss: 0.3472
Average Test Loss: 0.2881
Early stopping patience: 3/50

Epoch 155/1000
Average Training Loss: 0.3500
Average Test Loss: 0.2840
Early stopping patience: 4/50

Epoch 156/1000
Average Training Loss: 0.3456
Average Test Loss: 0.2977
Early stopping patience: 5/50

Epoch 157/1000
Average Training Loss: 0.3288
Average Test Loss: 0.2838
Early stopping patience: 6/50

Epoch 158/1000
Average Training Loss: 0.3238
Average Test Loss: 0.2828
New best Test Loss: 0.2828 at epoch 158

Epoch 159/1000
Average Training Loss: 0.3389
Average Test Loss: 0.2927
Early stopping patience: 1/50

Epoch 160/1000
Average Training Loss: 0.3400
Average Test Loss: 0.2914
Early stopping patience: 2/50

Epoch 161/1000
Average Training Loss: 0.3508
Average Test Loss: 0.2925
Early stopping patience: 3/50

Epoch 162/1000
Average Training Loss: 0.3471
Average Test Loss: 0.2852
Early stopping patience: 4/50

Epoch 163/1000
Average Training Loss: 0.3347
Average Test Loss: 0.2809
New best Test Loss: 0.2809 at epoch 163

Epoch 164/1000
Average Training Loss: 0.3277
Average Test Loss: 0.2913
Early stopping patience: 1/50

Epoch 165/1000
Average Training Loss: 0.3390
Average Test Loss: 0.2952
Early stopping patience: 2/50

Epoch 166/1000
Average Training Loss: 0.3369
Average Test Loss: 0.2796
New best Test Loss: 0.2796 at epoch 166

Epoch 167/1000
Average Training Loss: 0.3433
Average Test Loss: 0.2898
Early stopping patience: 1/50

Epoch 168/1000
Average Training Loss: 0.3376
Average Test Loss: 0.2888
Early stopping patience: 2/50

Epoch 169/1000
Average Training Loss: 0.3360
Average Test Loss: 0.2856
Early stopping patience: 3/50

Epoch 170/1000
Average Training Loss: 0.3300
Average Test Loss: 0.2783
New best Test Loss: 0.2783 at epoch 170

Epoch 171/1000
Average Training Loss: 0.3364
Average Test Loss: 0.3126
Early stopping patience: 1/50

Epoch 172/1000
Average Training Loss: 0.3433
Average Test Loss: 0.2882
Early stopping patience: 2/50

Epoch 173/1000
Average Training Loss: 0.3443
Average Test Loss: 0.2834
Early stopping patience: 3/50

Epoch 174/1000
Average Training Loss: 0.3353
Average Test Loss: 0.2885
Early stopping patience: 4/50

Epoch 175/1000
Average Training Loss: 0.3453
Average Test Loss: 0.2990
Early stopping patience: 5/50

Epoch 176/1000
Average Training Loss: 0.3237
Average Test Loss: 0.2916
Early stopping patience: 6/50

Epoch 177/1000
Average Training Loss: 0.3318
Average Test Loss: 0.2928
Early stopping patience: 7/50

Epoch 178/1000
Average Training Loss: 0.3417
Average Test Loss: 0.2857
Early stopping patience: 8/50

Epoch 179/1000
Average Training Loss: 0.3306
Average Test Loss: 0.2835
Early stopping patience: 9/50

Epoch 180/1000
Average Training Loss: 0.3209
Average Test Loss: 0.2861
Early stopping patience: 10/50

Epoch 181/1000
Average Training Loss: 0.3180
Average Test Loss: 0.2796
Early stopping patience: 11/50

Epoch 182/1000
Average Training Loss: 0.3487
Average Test Loss: 0.3009
Early stopping patience: 12/50

Epoch 183/1000
Average Training Loss: 0.3347
Average Test Loss: 0.2836
Early stopping patience: 13/50

Epoch 184/1000
Average Training Loss: 0.3366
Average Test Loss: 0.2886
Early stopping patience: 14/50

Epoch 185/1000
Average Training Loss: 0.3576
Average Test Loss: 0.2888
Early stopping patience: 15/50

Epoch 186/1000
Average Training Loss: 0.3417
Average Test Loss: 0.2971
Early stopping patience: 16/50

Epoch 187/1000
Average Training Loss: 0.3335
Average Test Loss: 0.2889
Early stopping patience: 17/50

Epoch 188/1000
Average Training Loss: 0.3390
Average Test Loss: 0.2892
Early stopping patience: 18/50

Epoch 189/1000
Average Training Loss: 0.3315
Average Test Loss: 0.2820
Early stopping patience: 19/50

Epoch 190/1000
Average Training Loss: 0.3218
Average Test Loss: 0.2792
Early stopping patience: 20/50

Epoch 191/1000
Average Training Loss: 0.3468
Average Test Loss: 0.3100
Early stopping patience: 21/50

Epoch 192/1000
Average Training Loss: 0.3375
Average Test Loss: 0.2923
Early stopping patience: 22/50

Epoch 193/1000
Average Training Loss: 0.3499
Average Test Loss: 0.2844
Early stopping patience: 23/50

Epoch 194/1000
Average Training Loss: 0.3295
Average Test Loss: 0.2942
Early stopping patience: 24/50

Epoch 195/1000
Average Training Loss: 0.3380
Average Test Loss: 0.2978
Early stopping patience: 25/50

Epoch 196/1000
Average Training Loss: 0.3416
Average Test Loss: 0.2810
Early stopping patience: 26/50

Epoch 197/1000
Average Training Loss: 0.3467
Average Test Loss: 0.2919
Early stopping patience: 27/50

Epoch 198/1000
Average Training Loss: 0.3405
Average Test Loss: 0.2849
Early stopping patience: 28/50

Epoch 199/1000
Average Training Loss: 0.3406
Average Test Loss: 0.2786
Early stopping patience: 29/50

Epoch 200/1000
Average Training Loss: 0.3246
Average Test Loss: 0.2902
Early stopping patience: 30/50

Epoch 201/1000
Average Training Loss: 0.3144
Average Test Loss: 0.2759
New best Test Loss: 0.2759 at epoch 201

Epoch 202/1000
Average Training Loss: 0.3253
Average Test Loss: 0.2712
New best Test Loss: 0.2712 at epoch 202

Epoch 203/1000
Average Training Loss: 0.3332
Average Test Loss: 0.2994
Early stopping patience: 1/50

Epoch 204/1000
Average Training Loss: 0.3376
Average Test Loss: 0.3048
Early stopping patience: 2/50

Epoch 205/1000
Average Training Loss: 0.3388
Average Test Loss: 0.2752
Early stopping patience: 3/50

Epoch 206/1000
Average Training Loss: 0.3478
Average Test Loss: 0.2893
Early stopping patience: 4/50

Epoch 207/1000
Average Training Loss: 0.3201
Average Test Loss: 0.2787
Early stopping patience: 5/50

Epoch 208/1000
Average Training Loss: 0.3181
Average Test Loss: 0.2783
Early stopping patience: 6/50

Epoch 209/1000
Average Training Loss: 0.3230
Average Test Loss: 0.2825
Early stopping patience: 7/50

Epoch 210/1000
Average Training Loss: 0.3173
Average Test Loss: 0.2702
New best Test Loss: 0.2702 at epoch 210

Epoch 211/1000
Average Training Loss: 0.3179
Average Test Loss: 0.2814
Early stopping patience: 1/50

Epoch 212/1000
Average Training Loss: 0.3346
Average Test Loss: 0.2816
Early stopping patience: 2/50

Epoch 213/1000
Average Training Loss: 0.3404
Average Test Loss: 0.2732
Early stopping patience: 3/50

Epoch 214/1000
Average Training Loss: 0.3288
Average Test Loss: 0.2893
Early stopping patience: 4/50

Epoch 215/1000
Average Training Loss: 0.3173
Average Test Loss: 0.2760
Early stopping patience: 5/50

Epoch 216/1000
Average Training Loss: 0.3368
Average Test Loss: 0.2843
Early stopping patience: 6/50

Epoch 217/1000
Average Training Loss: 0.3288
Average Test Loss: 0.2812
Early stopping patience: 7/50

Epoch 218/1000
Average Training Loss: 0.3525
Average Test Loss: 0.2856
Early stopping patience: 8/50

Epoch 219/1000
Average Training Loss: 0.3236
Average Test Loss: 0.2814
Early stopping patience: 9/50

Epoch 220/1000
Average Training Loss: 0.3308
Average Test Loss: 0.2760
Early stopping patience: 10/50

Epoch 221/1000
Average Training Loss: 0.3219
Average Test Loss: 0.2847
Early stopping patience: 11/50

Epoch 222/1000
Average Training Loss: 0.3197
Average Test Loss: 0.2877
Early stopping patience: 12/50

Epoch 223/1000
Average Training Loss: 0.3192
Average Test Loss: 0.2723
Early stopping patience: 13/50

Epoch 224/1000
Average Training Loss: 0.3186
Average Test Loss: 0.2745
Early stopping patience: 14/50

Epoch 225/1000
Average Training Loss: 0.3147
Average Test Loss: 0.2785
Early stopping patience: 15/50

Epoch 226/1000
Average Training Loss: 0.3206
Average Test Loss: 0.2928
Early stopping patience: 16/50

Epoch 227/1000
Average Training Loss: 0.3308
Average Test Loss: 0.2851
Early stopping patience: 17/50

Epoch 228/1000
Average Training Loss: 0.3156
Average Test Loss: 0.2858
Early stopping patience: 18/50

Epoch 229/1000
Average Training Loss: 0.3302
Average Test Loss: 0.2869
Early stopping patience: 19/50

Epoch 230/1000
Average Training Loss: 0.3157
Average Test Loss: 0.2904
Early stopping patience: 20/50

Epoch 231/1000
Average Training Loss: 0.3177
Average Test Loss: 0.2877
Early stopping patience: 21/50

Epoch 232/1000
Average Training Loss: 0.3129
Average Test Loss: 0.2713
Early stopping patience: 22/50

Epoch 233/1000
Average Training Loss: 0.3134
Average Test Loss: 0.2732
Early stopping patience: 23/50

Epoch 234/1000
Average Training Loss: 0.3345
Average Test Loss: 0.2854
Early stopping patience: 24/50

Epoch 235/1000
Average Training Loss: 0.3182
Average Test Loss: 0.2812
Early stopping patience: 25/50

Epoch 236/1000
Average Training Loss: 0.3318
Average Test Loss: 0.2838
Early stopping patience: 26/50

Epoch 237/1000
Average Training Loss: 0.3338
Average Test Loss: 0.2802
Early stopping patience: 27/50

Epoch 238/1000
Average Training Loss: 0.3169
Average Test Loss: 0.2993
Early stopping patience: 28/50

Epoch 239/1000
Average Training Loss: 0.3207
Average Test Loss: 0.2734
Early stopping patience: 29/50

Epoch 240/1000
Average Training Loss: 0.3114
Average Test Loss: 0.2863
Early stopping patience: 30/50

Epoch 241/1000
Average Training Loss: 0.3281
Average Test Loss: 0.2830
Early stopping patience: 31/50

Epoch 242/1000
Average Training Loss: 0.3179
Average Test Loss: 0.2689
New best Test Loss: 0.2689 at epoch 242

Epoch 243/1000
Average Training Loss: 0.3113
Average Test Loss: 0.2810
Early stopping patience: 1/50

Epoch 244/1000
Average Training Loss: 0.3114
Average Test Loss: 0.2734
Early stopping patience: 2/50

Epoch 245/1000
Average Training Loss: 0.3195
Average Test Loss: 0.2704
Early stopping patience: 3/50

Epoch 246/1000
Average Training Loss: 0.3275
Average Test Loss: 0.3028
Early stopping patience: 4/50

Epoch 247/1000
Average Training Loss: 0.3224
Average Test Loss: 0.2801
Early stopping patience: 5/50

Epoch 248/1000
Average Training Loss: 0.3170
Average Test Loss: 0.2714
Early stopping patience: 6/50

Epoch 249/1000
Average Training Loss: 0.3045
Average Test Loss: 0.2730
Early stopping patience: 7/50

Epoch 250/1000
Average Training Loss: 0.3093
Average Test Loss: 0.2693
Early stopping patience: 8/50

Epoch 251/1000
Average Training Loss: 0.3187
Average Test Loss: 0.2768
Early stopping patience: 9/50

Epoch 252/1000
Average Training Loss: 0.3211
Average Test Loss: 0.2850
Early stopping patience: 10/50

Epoch 253/1000
Average Training Loss: 0.3045
Average Test Loss: 0.2687
New best Test Loss: 0.2687 at epoch 253

Epoch 254/1000
Average Training Loss: 0.3197
Average Test Loss: 0.2849
Early stopping patience: 1/50

Epoch 255/1000
Average Training Loss: 0.3256
Average Test Loss: 0.2977
Early stopping patience: 2/50

Epoch 256/1000
Average Training Loss: 0.3149
Average Test Loss: 0.2812
Early stopping patience: 3/50

Epoch 257/1000
Average Training Loss: 0.3258
Average Test Loss: 0.2846
Early stopping patience: 4/50

Epoch 258/1000
Average Training Loss: 0.3115
Average Test Loss: 0.2728
Early stopping patience: 5/50

Epoch 259/1000
Average Training Loss: 0.3076
Average Test Loss: 0.2662
New best Test Loss: 0.2662 at epoch 259

Epoch 260/1000
Average Training Loss: 0.3020
Average Test Loss: 0.2709
Early stopping patience: 1/50

Epoch 261/1000
Average Training Loss: 0.3295
Average Test Loss: 0.2803
Early stopping patience: 2/50

Epoch 262/1000
Average Training Loss: 0.3053
Average Test Loss: 0.2773
Early stopping patience: 3/50

Epoch 263/1000
Average Training Loss: 0.3308
Average Test Loss: 0.2810
Early stopping patience: 4/50

Epoch 264/1000
Average Training Loss: 0.3033
Average Test Loss: 0.2708
Early stopping patience: 5/50

Epoch 265/1000
Average Training Loss: 0.3012
Average Test Loss: 0.2762
Early stopping patience: 6/50

Epoch 266/1000
Average Training Loss: 0.3051
Average Test Loss: 0.2684
Early stopping patience: 7/50

Epoch 267/1000
Average Training Loss: 0.3068
Average Test Loss: 0.2751
Early stopping patience: 8/50

Epoch 268/1000
Average Training Loss: 0.3079
Average Test Loss: 0.2856
Early stopping patience: 9/50

Epoch 269/1000
Average Training Loss: 0.3091
Average Test Loss: 0.2693
Early stopping patience: 10/50

Epoch 270/1000
Average Training Loss: 0.3091
Average Test Loss: 0.2802
Early stopping patience: 11/50

Epoch 271/1000
Average Training Loss: 0.2946
Average Test Loss: 0.2689
Early stopping patience: 12/50

Epoch 272/1000
Average Training Loss: 0.2925
Average Test Loss: 0.2711
Early stopping patience: 13/50

Epoch 273/1000
Average Training Loss: 0.3064
Average Test Loss: 0.2756
Early stopping patience: 14/50

Epoch 274/1000
Average Training Loss: 0.2982
Average Test Loss: 0.2801
Early stopping patience: 15/50

Epoch 275/1000
Average Training Loss: 0.3125
Average Test Loss: 0.2747
Early stopping patience: 16/50

Epoch 276/1000
Average Training Loss: 0.3006
Average Test Loss: 0.2669
Early stopping patience: 17/50

Epoch 277/1000
Average Training Loss: 0.3041
Average Test Loss: 0.2685
Early stopping patience: 18/50

Epoch 278/1000
Average Training Loss: 0.2962
Average Test Loss: 0.2677
Early stopping patience: 19/50

Epoch 279/1000
Average Training Loss: 0.2931
Average Test Loss: 0.2676
Early stopping patience: 20/50

Epoch 280/1000
Average Training Loss: 0.2961
Average Test Loss: 0.2674
Early stopping patience: 21/50

Epoch 281/1000
Average Training Loss: 0.3032
Average Test Loss: 0.2666
Early stopping patience: 22/50

Epoch 282/1000
Average Training Loss: 0.2968
Average Test Loss: 0.2750
Early stopping patience: 23/50

Epoch 283/1000
Average Training Loss: 0.3074
Average Test Loss: 0.2751
Early stopping patience: 24/50

Epoch 284/1000
Average Training Loss: 0.3039
Average Test Loss: 0.2716
Early stopping patience: 25/50

Epoch 285/1000
Average Training Loss: 0.3052
Average Test Loss: 0.2646
New best Test Loss: 0.2646 at epoch 285

Epoch 286/1000
Average Training Loss: 0.2993
Average Test Loss: 0.2652
Early stopping patience: 1/50

Epoch 287/1000
Average Training Loss: 0.2991
Average Test Loss: 0.2683
Early stopping patience: 2/50

Epoch 288/1000
Average Training Loss: 0.3049
Average Test Loss: 0.2677
Early stopping patience: 3/50

Epoch 289/1000
Average Training Loss: 0.2964
Average Test Loss: 0.2715
Early stopping patience: 4/50

Epoch 290/1000
Average Training Loss: 0.2949
Average Test Loss: 0.2695
Early stopping patience: 5/50

Epoch 291/1000
Average Training Loss: 0.3058
Average Test Loss: 0.2621
New best Test Loss: 0.2621 at epoch 291

Epoch 292/1000
Average Training Loss: 0.2982
Average Test Loss: 0.2593
New best Test Loss: 0.2593 at epoch 292

Epoch 293/1000
Average Training Loss: 0.3325
Average Test Loss: 0.2747
Early stopping patience: 1/50

Epoch 294/1000
Average Training Loss: 0.3074
Average Test Loss: 0.2631
Early stopping patience: 2/50

Epoch 295/1000
Average Training Loss: 0.2973
Average Test Loss: 0.2599
Early stopping patience: 3/50

Epoch 296/1000
Average Training Loss: 0.3124
Average Test Loss: 0.2662
Early stopping patience: 4/50

Epoch 297/1000
Average Training Loss: 0.2916
Average Test Loss: 0.2618
Early stopping patience: 5/50

Epoch 298/1000
Average Training Loss: 0.2993
Average Test Loss: 0.2732
Early stopping patience: 6/50

Epoch 299/1000
Average Training Loss: 0.2966
Average Test Loss: 0.2590
New best Test Loss: 0.2590 at epoch 299

Epoch 300/1000
Average Training Loss: 0.2967
Average Test Loss: 0.2942
Early stopping patience: 1/50

Epoch 301/1000
Average Training Loss: 0.3091
Average Test Loss: 0.2749
Early stopping patience: 2/50

Epoch 302/1000
Average Training Loss: 0.3109
Average Test Loss: 0.2643
Early stopping patience: 3/50

Epoch 303/1000
Average Training Loss: 0.3044
Average Test Loss: 0.2668
Early stopping patience: 4/50

Epoch 304/1000
Average Training Loss: 0.3001
Average Test Loss: 0.2687
Early stopping patience: 5/50

Epoch 305/1000
Average Training Loss: 0.2947
Average Test Loss: 0.2609
Early stopping patience: 6/50

Epoch 306/1000
Average Training Loss: 0.2976
Average Test Loss: 0.2724
Early stopping patience: 7/50

Epoch 307/1000
Average Training Loss: 0.3016
Average Test Loss: 0.2774
Early stopping patience: 8/50

Epoch 308/1000
Average Training Loss: 0.3097
Average Test Loss: 0.2588
New best Test Loss: 0.2588 at epoch 308

Epoch 309/1000
Average Training Loss: 0.3058
Average Test Loss: 0.2552
New best Test Loss: 0.2552 at epoch 309

Epoch 310/1000
Average Training Loss: 0.3020
Average Test Loss: 0.2573
Early stopping patience: 1/50

Epoch 311/1000
Average Training Loss: 0.2898
Average Test Loss: 0.2599
Early stopping patience: 2/50

Epoch 312/1000
Average Training Loss: 0.2957
Average Test Loss: 0.2547
New best Test Loss: 0.2547 at epoch 312

Epoch 313/1000
Average Training Loss: 0.3046
Average Test Loss: 0.2727
Early stopping patience: 1/50

Epoch 314/1000
Average Training Loss: 0.2944
Average Test Loss: 0.2522
New best Test Loss: 0.2522 at epoch 314

Epoch 315/1000
Average Training Loss: 0.2968
Average Test Loss: 0.2554
Early stopping patience: 1/50

Epoch 316/1000
Average Training Loss: 0.3129
Average Test Loss: 0.2833
Early stopping patience: 2/50

Epoch 317/1000
Average Training Loss: 0.2987
Average Test Loss: 0.2666
Early stopping patience: 3/50

Epoch 318/1000
Average Training Loss: 0.2913
Average Test Loss: 0.2576
Early stopping patience: 4/50

Epoch 319/1000
Average Training Loss: 0.2962
Average Test Loss: 0.2531
Early stopping patience: 5/50

Epoch 320/1000
Average Training Loss: 0.2908
Average Test Loss: 0.2551
Early stopping patience: 6/50

Epoch 321/1000
Average Training Loss: 0.2850
Average Test Loss: 0.2641
Early stopping patience: 7/50

Epoch 322/1000
Average Training Loss: 0.2953
Average Test Loss: 0.2550
Early stopping patience: 8/50

Epoch 323/1000
Average Training Loss: 0.2893
Average Test Loss: 0.2561
Early stopping patience: 9/50

Epoch 324/1000
Average Training Loss: 0.2827
Average Test Loss: 0.2561
Early stopping patience: 10/50

Epoch 325/1000
Average Training Loss: 0.2828
Average Test Loss: 0.2601
Early stopping patience: 11/50

Epoch 326/1000
Average Training Loss: 0.2894
Average Test Loss: 0.2522
Early stopping patience: 12/50

Epoch 327/1000
Average Training Loss: 0.3076
Average Test Loss: 0.2871
Early stopping patience: 13/50

Epoch 328/1000
Average Training Loss: 0.2876
Average Test Loss: 0.2634
Early stopping patience: 14/50

Epoch 329/1000
Average Training Loss: 0.2924
Average Test Loss: 0.2503
New best Test Loss: 0.2503 at epoch 329

Epoch 330/1000
Average Training Loss: 0.2965
Average Test Loss: 0.2500
New best Test Loss: 0.2500 at epoch 330

Epoch 331/1000
Average Training Loss: 0.2758
Average Test Loss: 0.2517
Early stopping patience: 1/50

Epoch 332/1000
Average Training Loss: 0.2795
Average Test Loss: 0.2600
Early stopping patience: 2/50

Epoch 333/1000
Average Training Loss: 0.3024
Average Test Loss: 0.2552
Early stopping patience: 3/50

Epoch 334/1000
Average Training Loss: 0.2744
Average Test Loss: 0.2453
New best Test Loss: 0.2453 at epoch 334

Epoch 335/1000
Average Training Loss: 0.2730
Average Test Loss: 0.2554
Early stopping patience: 1/50

Epoch 336/1000
Average Training Loss: 0.2890
Average Test Loss: 0.2526
Early stopping patience: 2/50

Epoch 337/1000
Average Training Loss: 0.2879
Average Test Loss: 0.2593
Early stopping patience: 3/50

Epoch 338/1000
Average Training Loss: 0.2746
Average Test Loss: 0.2502
Early stopping patience: 4/50

Epoch 339/1000
Average Training Loss: 0.2745
Average Test Loss: 0.2447
New best Test Loss: 0.2447 at epoch 339

Epoch 340/1000
Average Training Loss: 0.2910
Average Test Loss: 0.2570
Early stopping patience: 1/50

Epoch 341/1000
Average Training Loss: 0.2831
Average Test Loss: 0.2541
Early stopping patience: 2/50

Epoch 342/1000
Average Training Loss: 0.2710
Average Test Loss: 0.2514
Early stopping patience: 3/50

Epoch 343/1000
Average Training Loss: 0.2783
Average Test Loss: 0.2461
Early stopping patience: 4/50

Epoch 344/1000
Average Training Loss: 0.2653
Average Test Loss: 0.2413
New best Test Loss: 0.2413 at epoch 344

Epoch 345/1000
Average Training Loss: 0.2804
Average Test Loss: 0.2566
Early stopping patience: 1/50

Epoch 346/1000
Average Training Loss: 0.2756
Average Test Loss: 0.2587
Early stopping patience: 2/50

Epoch 347/1000
Average Training Loss: 0.2659
Average Test Loss: 0.2438
Early stopping patience: 3/50

Epoch 348/1000
Average Training Loss: 0.2807
Average Test Loss: 0.2650
Early stopping patience: 4/50

Epoch 349/1000
Average Training Loss: 0.2706
Average Test Loss: 0.2562
Early stopping patience: 5/50

Epoch 350/1000
Average Training Loss: 0.2652
Average Test Loss: 0.2483
Early stopping patience: 6/50

Epoch 351/1000
Average Training Loss: 0.2695
Average Test Loss: 0.2495
Early stopping patience: 7/50

Epoch 352/1000
Average Training Loss: 0.2612
Average Test Loss: 0.2396
New best Test Loss: 0.2396 at epoch 352

Epoch 353/1000
Average Training Loss: 0.2630
Average Test Loss: 0.2472
Early stopping patience: 1/50

Epoch 354/1000
Average Training Loss: 0.2625
Average Test Loss: 0.2409
Early stopping patience: 2/50

Epoch 355/1000
Average Training Loss: 0.2682
Average Test Loss: 0.2446
Early stopping patience: 3/50

Epoch 356/1000
Average Training Loss: 0.2670
Average Test Loss: 0.2391
New best Test Loss: 0.2391 at epoch 356

Epoch 357/1000
Average Training Loss: 0.2654
Average Test Loss: 0.2565
Early stopping patience: 1/50

Epoch 358/1000
Average Training Loss: 0.2688
Average Test Loss: 0.2474
Early stopping patience: 2/50

Epoch 359/1000
Average Training Loss: 0.2745
Average Test Loss: 0.2717
Early stopping patience: 3/50

Epoch 360/1000
Average Training Loss: 0.2714
Average Test Loss: 0.2448
Early stopping patience: 4/50

Epoch 361/1000
Average Training Loss: 0.2617
Average Test Loss: 0.2547
Early stopping patience: 5/50

Epoch 362/1000
Average Training Loss: 0.2643
Average Test Loss: 0.2401
Early stopping patience: 6/50

Epoch 363/1000
Average Training Loss: 0.2581
Average Test Loss: 0.2451
Early stopping patience: 7/50

Epoch 364/1000
Average Training Loss: 0.2555
Average Test Loss: 0.2427
Early stopping patience: 8/50

Epoch 365/1000
Average Training Loss: 0.2604
Average Test Loss: 0.2519
Early stopping patience: 9/50

Epoch 366/1000
Average Training Loss: 0.2670
Average Test Loss: 0.2511
Early stopping patience: 10/50

Epoch 367/1000
Average Training Loss: 0.2543
Average Test Loss: 0.2566
Early stopping patience: 11/50

Epoch 368/1000
Average Training Loss: 0.2593
Average Test Loss: 0.2694
Early stopping patience: 12/50

Epoch 369/1000
Average Training Loss: 0.2586
Average Test Loss: 0.2549
Early stopping patience: 13/50

Epoch 370/1000
Average Training Loss: 0.2702
Average Test Loss: 0.2530
Early stopping patience: 14/50

Epoch 371/1000
Average Training Loss: 0.2539
Average Test Loss: 0.2489
Early stopping patience: 15/50

Epoch 372/1000
Average Training Loss: 0.2534
Average Test Loss: 0.2447
Early stopping patience: 16/50

Epoch 373/1000
Average Training Loss: 0.2476
Average Test Loss: 0.2360
New best Test Loss: 0.2360 at epoch 373

Epoch 374/1000
Average Training Loss: 0.2538
Average Test Loss: 0.2353
New best Test Loss: 0.2353 at epoch 374

Epoch 375/1000
Average Training Loss: 0.2746
Average Test Loss: 0.2851
Early stopping patience: 1/50

Epoch 376/1000
Average Training Loss: 0.2654
Average Test Loss: 0.2567
Early stopping patience: 2/50

Epoch 377/1000
Average Training Loss: 0.2510
Average Test Loss: 0.2364
Early stopping patience: 3/50

Epoch 378/1000
Average Training Loss: 0.2468
Average Test Loss: 0.2379
Early stopping patience: 4/50

Epoch 379/1000
Average Training Loss: 0.2544
Average Test Loss: 0.2586
Early stopping patience: 5/50

Epoch 380/1000
Average Training Loss: 0.2545
Average Test Loss: 0.2494
Early stopping patience: 6/50

Epoch 381/1000
Average Training Loss: 0.2416
Average Test Loss: 0.2394
Early stopping patience: 7/50

Epoch 382/1000
Average Training Loss: 0.2767
Average Test Loss: 0.2735
Early stopping patience: 8/50

Epoch 383/1000
Average Training Loss: 0.2607
Average Test Loss: 0.2398
Early stopping patience: 9/50

Epoch 384/1000
Average Training Loss: 0.2592
Average Test Loss: 0.2432
Early stopping patience: 10/50

Epoch 385/1000
Average Training Loss: 0.2481
Average Test Loss: 0.2454
Early stopping patience: 11/50

Epoch 386/1000
Average Training Loss: 0.2531
Average Test Loss: 0.2395
Early stopping patience: 12/50

Epoch 387/1000
Average Training Loss: 0.2400
Average Test Loss: 0.2386
Early stopping patience: 13/50

Epoch 388/1000
Average Training Loss: 0.2416
Average Test Loss: 0.2278
New best Test Loss: 0.2278 at epoch 388

Epoch 389/1000
Average Training Loss: 0.2399
Average Test Loss: 0.2277
New best Test Loss: 0.2277 at epoch 389

Epoch 390/1000
Average Training Loss: 0.2383
Average Test Loss: 0.2528
Early stopping patience: 1/50

Epoch 391/1000
Average Training Loss: 0.2486
Average Test Loss: 0.2483
Early stopping patience: 2/50

Epoch 392/1000
Average Training Loss: 0.2418
Average Test Loss: 0.2500
Early stopping patience: 3/50

Epoch 393/1000
Average Training Loss: 0.2470
Average Test Loss: 0.2390
Early stopping patience: 4/50

Epoch 394/1000
Average Training Loss: 0.2477
Average Test Loss: 0.2527
Early stopping patience: 5/50

Epoch 395/1000
Average Training Loss: 0.2471
Average Test Loss: 0.2285
Early stopping patience: 6/50

Epoch 396/1000
Average Training Loss: 0.2514
Average Test Loss: 0.2317
Early stopping patience: 7/50

Epoch 397/1000
Average Training Loss: 0.2436
Average Test Loss: 0.2545
Early stopping patience: 8/50

Epoch 398/1000
Average Training Loss: 0.2349
Average Test Loss: 0.2277
Early stopping patience: 9/50

Epoch 399/1000
Average Training Loss: 0.2526
Average Test Loss: 0.2683
Early stopping patience: 10/50

Epoch 400/1000
Average Training Loss: 0.2593
Average Test Loss: 0.2542
Early stopping patience: 11/50

Epoch 401/1000
Average Training Loss: 0.2405
Average Test Loss: 0.2330
Early stopping patience: 12/50

Epoch 402/1000
Average Training Loss: 0.2497
Average Test Loss: 0.2404
Early stopping patience: 13/50

Epoch 403/1000
Average Training Loss: 0.2479
Average Test Loss: 0.2886
Early stopping patience: 14/50

Epoch 404/1000
Average Training Loss: 0.2651
Average Test Loss: 0.2660
Early stopping patience: 15/50

Epoch 405/1000
Average Training Loss: 0.2457
Average Test Loss: 0.2292
Early stopping patience: 16/50

Epoch 406/1000
Average Training Loss: 0.2338
Average Test Loss: 0.2286
Early stopping patience: 17/50

Epoch 407/1000
Average Training Loss: 0.2537
Average Test Loss: 0.2265
New best Test Loss: 0.2265 at epoch 407

Epoch 408/1000
Average Training Loss: 0.2323
Average Test Loss: 0.2481
Early stopping patience: 1/50

Epoch 409/1000
Average Training Loss: 0.2340
Average Test Loss: 0.2400
Early stopping patience: 2/50

Epoch 410/1000
Average Training Loss: 0.2378
Average Test Loss: 0.2416
Early stopping patience: 3/50

Epoch 411/1000
Average Training Loss: 0.2526
Average Test Loss: 0.2350
Early stopping patience: 4/50

Epoch 412/1000
Average Training Loss: 0.2531
Average Test Loss: 0.2498
Early stopping patience: 5/50

Epoch 413/1000
Average Training Loss: 0.2330
Average Test Loss: 0.2351
Early stopping patience: 6/50

Epoch 414/1000
Average Training Loss: 0.2376
Average Test Loss: 0.2590
Early stopping patience: 7/50

Epoch 415/1000
Average Training Loss: 0.2374
Average Test Loss: 0.2420
Early stopping patience: 8/50

Epoch 416/1000
Average Training Loss: 0.2301
Average Test Loss: 0.2432
Early stopping patience: 9/50

Epoch 417/1000
Average Training Loss: 0.2477
Average Test Loss: 0.2265
New best Test Loss: 0.2265 at epoch 417

Epoch 418/1000
Average Training Loss: 0.2340
Average Test Loss: 0.2797
Early stopping patience: 1/50

Epoch 419/1000
Average Training Loss: 0.2382
Average Test Loss: 0.2637
Early stopping patience: 2/50

Epoch 420/1000
Average Training Loss: 0.2274
Average Test Loss: 0.2381
Early stopping patience: 3/50

Epoch 421/1000
Average Training Loss: 0.2292
Average Test Loss: 0.2220
New best Test Loss: 0.2220 at epoch 421

Epoch 422/1000
Average Training Loss: 0.2386
Average Test Loss: 0.2317
Early stopping patience: 1/50

Epoch 423/1000
Average Training Loss: 0.2257
Average Test Loss: 0.2222
Early stopping patience: 2/50

Epoch 424/1000
Average Training Loss: 0.2368
Average Test Loss: 0.2298
Early stopping patience: 3/50

Epoch 425/1000
Average Training Loss: 0.2329
Average Test Loss: 0.2403
Early stopping patience: 4/50

Epoch 426/1000
Average Training Loss: 0.2324
Average Test Loss: 0.2339
Early stopping patience: 5/50

Epoch 427/1000
Average Training Loss: 0.2264
Average Test Loss: 0.2591
Early stopping patience: 6/50

Epoch 428/1000
Average Training Loss: 0.2277
Average Test Loss: 0.2308
Early stopping patience: 7/50

Epoch 429/1000
Average Training Loss: 0.2301
Average Test Loss: 0.2234
Early stopping patience: 8/50

Epoch 430/1000
Average Training Loss: 0.2251
Average Test Loss: 0.2199
New best Test Loss: 0.2199 at epoch 430

Epoch 431/1000
Average Training Loss: 0.2243
Average Test Loss: 0.2336
Early stopping patience: 1/50

Epoch 432/1000
Average Training Loss: 0.2237
Average Test Loss: 0.2496
Early stopping patience: 2/50

Epoch 433/1000
Average Training Loss: 0.2236
Average Test Loss: 0.2366
Early stopping patience: 3/50

Epoch 434/1000
Average Training Loss: 0.2265
Average Test Loss: 0.2293
Early stopping patience: 4/50

Epoch 435/1000
Average Training Loss: 0.2237
Average Test Loss: 0.2311
Early stopping patience: 5/50

Epoch 436/1000
Average Training Loss: 0.2268
Average Test Loss: 0.2211
Early stopping patience: 6/50

Epoch 437/1000
Average Training Loss: 0.2284
Average Test Loss: 0.2260
Early stopping patience: 7/50

Epoch 438/1000
Average Training Loss: 0.2164
Average Test Loss: 0.2357
Early stopping patience: 8/50

Epoch 439/1000
Average Training Loss: 0.2265
Average Test Loss: 0.2196
New best Test Loss: 0.2196 at epoch 439

Epoch 440/1000
Average Training Loss: 0.2179
Average Test Loss: 0.2190
New best Test Loss: 0.2190 at epoch 440

Epoch 441/1000
Average Training Loss: 0.2309
Average Test Loss: 0.2246
Early stopping patience: 1/50

Epoch 442/1000
Average Training Loss: 0.2116
Average Test Loss: 0.2208
Early stopping patience: 2/50

Epoch 443/1000
Average Training Loss: 0.2282
Average Test Loss: 0.2572
Early stopping patience: 3/50

Epoch 444/1000
Average Training Loss: 0.2472
Average Test Loss: 0.2191
Early stopping patience: 4/50

Epoch 445/1000
Average Training Loss: 0.2231
Average Test Loss: 0.2293
Early stopping patience: 5/50

Epoch 446/1000
Average Training Loss: 0.2245
Average Test Loss: 0.2490
Early stopping patience: 6/50

Epoch 447/1000
Average Training Loss: 0.2194
Average Test Loss: 0.2268
Early stopping patience: 7/50

Epoch 448/1000
Average Training Loss: 0.2203
Average Test Loss: 0.2228
Early stopping patience: 8/50

Epoch 449/1000
Average Training Loss: 0.2292
Average Test Loss: 0.2262
Early stopping patience: 9/50

Epoch 450/1000
Average Training Loss: 0.2226
Average Test Loss: 0.2441
Early stopping patience: 10/50

Epoch 451/1000
Average Training Loss: 0.2323
Average Test Loss: 0.2331
Early stopping patience: 11/50

Epoch 452/1000
Average Training Loss: 0.2150
Average Test Loss: 0.2297
Early stopping patience: 12/50

Epoch 453/1000
Average Training Loss: 0.2383
Average Test Loss: 0.2512
Early stopping patience: 13/50

Epoch 454/1000
Average Training Loss: 0.2293
Average Test Loss: 0.2787
Early stopping patience: 14/50

Epoch 455/1000
Average Training Loss: 0.2209
Average Test Loss: 0.2176
New best Test Loss: 0.2176 at epoch 455

Epoch 456/1000
Average Training Loss: 0.2263
Average Test Loss: 0.2222
Early stopping patience: 1/50

Epoch 457/1000
Average Training Loss: 0.2161
Average Test Loss: 0.2242
Early stopping patience: 2/50

Epoch 458/1000
Average Training Loss: 0.2125
Average Test Loss: 0.2205
Early stopping patience: 3/50

Epoch 459/1000
Average Training Loss: 0.2089
Average Test Loss: 0.2218
Early stopping patience: 4/50

Epoch 460/1000
Average Training Loss: 0.2175
Average Test Loss: 0.2533
Early stopping patience: 5/50

Epoch 461/1000
Average Training Loss: 0.2187
Average Test Loss: 0.2120
New best Test Loss: 0.2120 at epoch 461

Epoch 462/1000
Average Training Loss: 0.2273
Average Test Loss: 0.2328
Early stopping patience: 1/50

Epoch 463/1000
Average Training Loss: 0.2203
Average Test Loss: 0.2414
Early stopping patience: 2/50

Epoch 464/1000
Average Training Loss: 0.2248
Average Test Loss: 0.2254
Early stopping patience: 3/50

Epoch 465/1000
Average Training Loss: 0.2258
Average Test Loss: 0.2144
Early stopping patience: 4/50

Epoch 466/1000
Average Training Loss: 0.2120
Average Test Loss: 0.2218
Early stopping patience: 5/50

Epoch 467/1000
Average Training Loss: 0.2081
Average Test Loss: 0.2240
Early stopping patience: 6/50

Epoch 468/1000
Average Training Loss: 0.2165
Average Test Loss: 0.2403
Early stopping patience: 7/50

Epoch 469/1000
Average Training Loss: 0.2188
Average Test Loss: 0.2136
Early stopping patience: 8/50

Epoch 470/1000
Average Training Loss: 0.2192
Average Test Loss: 0.2239
Early stopping patience: 9/50

Epoch 471/1000
Average Training Loss: 0.2067
Average Test Loss: 0.2172
Early stopping patience: 10/50

Epoch 472/1000
Average Training Loss: 0.2111
Average Test Loss: 0.2150
Early stopping patience: 11/50

Epoch 473/1000
Average Training Loss: 0.2226
Average Test Loss: 0.2470
Early stopping patience: 12/50

Epoch 474/1000
Average Training Loss: 0.2149
Average Test Loss: 0.2169
Early stopping patience: 13/50

Epoch 475/1000
Average Training Loss: 0.2252
Average Test Loss: 0.3034
Early stopping patience: 14/50

Epoch 476/1000
Average Training Loss: 0.2274
Average Test Loss: 0.2354
Early stopping patience: 15/50

Epoch 477/1000
Average Training Loss: 0.2201
Average Test Loss: 0.2577
Early stopping patience: 16/50

Epoch 478/1000
Average Training Loss: 0.2298
Average Test Loss: 0.2207
Early stopping patience: 17/50

Epoch 479/1000
Average Training Loss: 0.2130
Average Test Loss: 0.2196
Early stopping patience: 18/50

Epoch 480/1000
Average Training Loss: 0.2076
Average Test Loss: 0.2431
Early stopping patience: 19/50

Epoch 481/1000
Average Training Loss: 0.2114
Average Test Loss: 0.2247
Early stopping patience: 20/50

Epoch 482/1000
Average Training Loss: 0.2104
Average Test Loss: 0.2254
Early stopping patience: 21/50

Epoch 483/1000
Average Training Loss: 0.2107
Average Test Loss: 0.2174
Early stopping patience: 22/50

Epoch 484/1000
Average Training Loss: 0.2015
Average Test Loss: 0.2238
Early stopping patience: 23/50

Epoch 485/1000
Average Training Loss: 0.2049
Average Test Loss: 0.2377
Early stopping patience: 24/50

Epoch 486/1000
Average Training Loss: 0.2034
Average Test Loss: 0.2180
Early stopping patience: 25/50

Epoch 487/1000
Average Training Loss: 0.2039
Average Test Loss: 0.2369
Early stopping patience: 26/50

Epoch 488/1000
Average Training Loss: 0.2221
Average Test Loss: 0.2267
Early stopping patience: 27/50

Epoch 489/1000
Average Training Loss: 0.2069
Average Test Loss: 0.2302
Early stopping patience: 28/50

Epoch 490/1000
Average Training Loss: 0.2022
Average Test Loss: 0.2205
Early stopping patience: 29/50

Epoch 491/1000
Average Training Loss: 0.2072
Average Test Loss: 0.2154
Early stopping patience: 30/50

Epoch 492/1000
Average Training Loss: 0.2113
Average Test Loss: 0.2129
Early stopping patience: 31/50

Epoch 493/1000
Average Training Loss: 0.2083
Average Test Loss: 0.2259
Early stopping patience: 32/50

Epoch 494/1000
Average Training Loss: 0.2066
Average Test Loss: 0.2302
Early stopping patience: 33/50

Epoch 495/1000
Average Training Loss: 0.2104
Average Test Loss: 0.2220
Early stopping patience: 34/50

Epoch 496/1000
Average Training Loss: 0.2167
Average Test Loss: 0.2608
Early stopping patience: 35/50

Epoch 497/1000
Average Training Loss: 0.2430
Average Test Loss: 0.3236
Early stopping patience: 36/50

Epoch 498/1000
Average Training Loss: 0.2414
Average Test Loss: 0.2108
New best Test Loss: 0.2108 at epoch 498

Epoch 499/1000
Average Training Loss: 0.2101
Average Test Loss: 0.2217
Early stopping patience: 1/50

Epoch 500/1000
Average Training Loss: 0.2134
Average Test Loss: 0.2222
Early stopping patience: 2/50

Epoch 501/1000
Average Training Loss: 0.2040
Average Test Loss: 0.2250
Early stopping patience: 3/50

Epoch 502/1000
Average Training Loss: 0.2070
Average Test Loss: 0.2078
New best Test Loss: 0.2078 at epoch 502

Epoch 503/1000
Average Training Loss: 0.2177
Average Test Loss: 0.2306
Early stopping patience: 1/50

Epoch 504/1000
Average Training Loss: 0.2215
Average Test Loss: 0.2742
Early stopping patience: 2/50

Epoch 505/1000
Average Training Loss: 0.2209
Average Test Loss: 0.2263
Early stopping patience: 3/50

Epoch 506/1000
Average Training Loss: 0.2133
Average Test Loss: 0.2110
Early stopping patience: 4/50

Epoch 507/1000
Average Training Loss: 0.1997
Average Test Loss: 0.2175
Early stopping patience: 5/50

Epoch 508/1000
Average Training Loss: 0.1970
Average Test Loss: 0.2141
Early stopping patience: 6/50

Epoch 509/1000
Average Training Loss: 0.2086
Average Test Loss: 0.2101
Early stopping patience: 7/50

Epoch 510/1000
Average Training Loss: 0.2021
Average Test Loss: 0.2178
Early stopping patience: 8/50

Epoch 511/1000
Average Training Loss: 0.2058
Average Test Loss: 0.2294
Early stopping patience: 9/50

Epoch 512/1000
Average Training Loss: 0.2047
Average Test Loss: 0.2240
Early stopping patience: 10/50

Epoch 513/1000
Average Training Loss: 0.1994
Average Test Loss: 0.2117
Early stopping patience: 11/50

Epoch 514/1000
Average Training Loss: 0.2010
Average Test Loss: 0.2137
Early stopping patience: 12/50

Epoch 515/1000
Average Training Loss: 0.1997
Average Test Loss: 0.2083
Early stopping patience: 13/50

Epoch 516/1000
Average Training Loss: 0.2004
Average Test Loss: 0.2203
Early stopping patience: 14/50

Epoch 517/1000
Average Training Loss: 0.1970
Average Test Loss: 0.2213
Early stopping patience: 15/50

Epoch 518/1000
Average Training Loss: 0.2061
Average Test Loss: 0.2286
Early stopping patience: 16/50

Epoch 519/1000
Average Training Loss: 0.1991
Average Test Loss: 0.2233
Early stopping patience: 17/50

Epoch 520/1000
Average Training Loss: 0.2061
Average Test Loss: 0.2304
Early stopping patience: 18/50

Epoch 521/1000
Average Training Loss: 0.2112
Average Test Loss: 0.2556
Early stopping patience: 19/50

Epoch 522/1000
Average Training Loss: 0.2139
Average Test Loss: 0.2197
Early stopping patience: 20/50

Epoch 523/1000
Average Training Loss: 0.2028
Average Test Loss: 0.2127
Early stopping patience: 21/50

Epoch 524/1000
Average Training Loss: 0.1967
Average Test Loss: 0.2224
Early stopping patience: 22/50

Epoch 525/1000
Average Training Loss: 0.2129
Average Test Loss: 0.2124
Early stopping patience: 23/50

Epoch 526/1000
Average Training Loss: 0.2013
Average Test Loss: 0.3104
Early stopping patience: 24/50

Epoch 527/1000
Average Training Loss: 0.2251
Average Test Loss: 0.2131
Early stopping patience: 25/50

Epoch 528/1000
Average Training Loss: 0.2089
Average Test Loss: 0.2283
Early stopping patience: 26/50

Epoch 529/1000
Average Training Loss: 0.2015
Average Test Loss: 0.2284
Early stopping patience: 27/50

Epoch 530/1000
Average Training Loss: 0.2137
Average Test Loss: 0.2069
New best Test Loss: 0.2069 at epoch 530

Epoch 531/1000
Average Training Loss: 0.2169
Average Test Loss: 0.2282
Early stopping patience: 1/50

Epoch 532/1000
Average Training Loss: 0.2176
Average Test Loss: 0.2050
New best Test Loss: 0.2050 at epoch 532

Epoch 533/1000
Average Training Loss: 0.2116
Average Test Loss: 0.2284
Early stopping patience: 1/50

Epoch 534/1000
Average Training Loss: 0.2108
Average Test Loss: 0.2225
Early stopping patience: 2/50

Epoch 535/1000
Average Training Loss: 0.2060
Average Test Loss: 0.2192
Early stopping patience: 3/50

Epoch 536/1000
Average Training Loss: 0.2026
Average Test Loss: 0.2181
Early stopping patience: 4/50

Epoch 537/1000
Average Training Loss: 0.1926
Average Test Loss: 0.2107
Early stopping patience: 5/50

Epoch 538/1000
Average Training Loss: 0.1971
Average Test Loss: 0.2237
Early stopping patience: 6/50

Epoch 539/1000
Average Training Loss: 0.1952
Average Test Loss: 0.2252
Early stopping patience: 7/50

Epoch 540/1000
Average Training Loss: 0.2017
Average Test Loss: 0.2186
Early stopping patience: 8/50

Epoch 541/1000
Average Training Loss: 0.1995
Average Test Loss: 0.2380
Early stopping patience: 9/50

Epoch 542/1000
Average Training Loss: 0.1935
Average Test Loss: 0.2078
Early stopping patience: 10/50

Epoch 543/1000
Average Training Loss: 0.1979
Average Test Loss: 0.2158
Early stopping patience: 11/50

Epoch 544/1000
Average Training Loss: 0.2007
Average Test Loss: 0.2149
Early stopping patience: 12/50

Epoch 545/1000
Average Training Loss: 0.1923
Average Test Loss: 0.2215
Early stopping patience: 13/50

Epoch 546/1000
Average Training Loss: 0.1977
Average Test Loss: 0.2324
Early stopping patience: 14/50

Epoch 547/1000
Average Training Loss: 0.2034
Average Test Loss: 0.2187
Early stopping patience: 15/50

Epoch 548/1000
Average Training Loss: 0.1943
Average Test Loss: 0.2180
Early stopping patience: 16/50

Epoch 549/1000
Average Training Loss: 0.1955
Average Test Loss: 0.2387
Early stopping patience: 17/50

Epoch 550/1000
Average Training Loss: 0.1868
Average Test Loss: 0.2217
Early stopping patience: 18/50

Epoch 551/1000
Average Training Loss: 0.1827
Average Test Loss: 0.2159
Early stopping patience: 19/50

Epoch 552/1000
Average Training Loss: 0.1827
Average Test Loss: 0.2661
Early stopping patience: 20/50

Epoch 553/1000
Average Training Loss: 0.1976
Average Test Loss: 0.2118
Early stopping patience: 21/50

Epoch 554/1000
Average Training Loss: 0.1948
Average Test Loss: 0.2241
Early stopping patience: 22/50

Epoch 555/1000
Average Training Loss: 0.1917
Average Test Loss: 0.2224
Early stopping patience: 23/50

Epoch 556/1000
Average Training Loss: 0.1839
Average Test Loss: 0.2121
Early stopping patience: 24/50

Epoch 557/1000
Average Training Loss: 0.1812
Average Test Loss: 0.2126
Early stopping patience: 25/50

Epoch 558/1000
Average Training Loss: 0.1917
Average Test Loss: 0.2457
Early stopping patience: 26/50

Epoch 559/1000
Average Training Loss: 0.1901
Average Test Loss: 0.2122
Early stopping patience: 27/50

Epoch 560/1000
Average Training Loss: 0.2039
Average Test Loss: 0.2350
Early stopping patience: 28/50

Epoch 561/1000
Average Training Loss: 0.2013
Average Test Loss: 0.2124
Early stopping patience: 29/50

Epoch 562/1000
Average Training Loss: 0.1979
Average Test Loss: 0.2154
Early stopping patience: 30/50

Epoch 563/1000
Average Training Loss: 0.1958
Average Test Loss: 0.2205
Early stopping patience: 31/50

Epoch 564/1000
Average Training Loss: 0.1874
Average Test Loss: 0.2058
Early stopping patience: 32/50

Epoch 565/1000
Average Training Loss: 0.1883
Average Test Loss: 0.2197
Early stopping patience: 33/50

Epoch 566/1000
Average Training Loss: 0.1839
Average Test Loss: 0.2204
Early stopping patience: 34/50

Epoch 567/1000
Average Training Loss: 0.1915
Average Test Loss: 0.2052
Early stopping patience: 35/50

Epoch 568/1000
Average Training Loss: 0.1922
Average Test Loss: 0.2446
Early stopping patience: 36/50

Epoch 569/1000
Average Training Loss: 0.1972
Average Test Loss: 0.2172
Early stopping patience: 37/50

Epoch 570/1000
Average Training Loss: 0.1903
Average Test Loss: 0.2438
Early stopping patience: 38/50

Epoch 571/1000
Average Training Loss: 0.1883
Average Test Loss: 0.2104
Early stopping patience: 39/50

Epoch 572/1000
Average Training Loss: 0.1927
Average Test Loss: 0.2082
Early stopping patience: 40/50

Epoch 573/1000
Average Training Loss: 0.1991
Average Test Loss: 0.2401
Early stopping patience: 41/50

Epoch 574/1000
Average Training Loss: 0.1851
Average Test Loss: 0.2028
New best Test Loss: 0.2028 at epoch 574

Epoch 575/1000
Average Training Loss: 0.1860
Average Test Loss: 0.2307
Early stopping patience: 1/50

Epoch 576/1000
Average Training Loss: 0.1906
Average Test Loss: 0.2100
Early stopping patience: 2/50

Epoch 577/1000
Average Training Loss: 0.1933
Average Test Loss: 0.2720
Early stopping patience: 3/50

Epoch 578/1000
Average Training Loss: 0.2110
Average Test Loss: 0.2108
Early stopping patience: 4/50

Epoch 579/1000
Average Training Loss: 0.1993
Average Test Loss: 0.2415
Early stopping patience: 5/50

Epoch 580/1000
Average Training Loss: 0.1852
Average Test Loss: 0.2212
Early stopping patience: 6/50

Epoch 581/1000
Average Training Loss: 0.1881
Average Test Loss: 0.2260
Early stopping patience: 7/50

Epoch 582/1000
Average Training Loss: 0.1847
Average Test Loss: 0.2464
Early stopping patience: 8/50

Epoch 583/1000
Average Training Loss: 0.1869
Average Test Loss: 0.2037
Early stopping patience: 9/50

Epoch 584/1000
Average Training Loss: 0.1941
Average Test Loss: 0.2006
New best Test Loss: 0.2006 at epoch 584

Epoch 585/1000
Average Training Loss: 0.1835
Average Test Loss: 0.2310
Early stopping patience: 1/50

Epoch 586/1000
Average Training Loss: 0.1871
Average Test Loss: 0.2093
Early stopping patience: 2/50

Epoch 587/1000
Average Training Loss: 0.1765
Average Test Loss: 0.2158
Early stopping patience: 3/50

Epoch 588/1000
Average Training Loss: 0.1832
Average Test Loss: 0.2440
Early stopping patience: 4/50

Epoch 589/1000
Average Training Loss: 0.1835
Average Test Loss: 0.2169
Early stopping patience: 5/50

Epoch 590/1000
Average Training Loss: 0.1813
Average Test Loss: 0.2100
Early stopping patience: 6/50

Epoch 591/1000
Average Training Loss: 0.1851
Average Test Loss: 0.2304
Early stopping patience: 7/50

Epoch 592/1000
Average Training Loss: 0.1929
Average Test Loss: 0.2267
Early stopping patience: 8/50

Epoch 593/1000
Average Training Loss: 0.1788
Average Test Loss: 0.2084
Early stopping patience: 9/50

Epoch 594/1000
Average Training Loss: 0.1769
Average Test Loss: 0.2200
Early stopping patience: 10/50

Epoch 595/1000
Average Training Loss: 0.1813
Average Test Loss: 0.2114
Early stopping patience: 11/50

Epoch 596/1000
Average Training Loss: 0.1824
Average Test Loss: 0.2168
Early stopping patience: 12/50

Epoch 597/1000
Average Training Loss: 0.1814
Average Test Loss: 0.2028
Early stopping patience: 13/50

Epoch 598/1000
Average Training Loss: 0.1847
Average Test Loss: 0.2269
Early stopping patience: 14/50

Epoch 599/1000
Average Training Loss: 0.1784
Average Test Loss: 0.2092
Early stopping patience: 15/50

Epoch 600/1000
Average Training Loss: 0.1833
Average Test Loss: 0.2116
Early stopping patience: 16/50

Epoch 601/1000
Average Training Loss: 0.1795
Average Test Loss: 0.2379
Early stopping patience: 17/50

Epoch 602/1000
Average Training Loss: 0.1777
Average Test Loss: 0.2018
Early stopping patience: 18/50

Epoch 603/1000
Average Training Loss: 0.1891
Average Test Loss: 0.2388
Early stopping patience: 19/50

Epoch 604/1000
Average Training Loss: 0.1818
Average Test Loss: 0.2223
Early stopping patience: 20/50

Epoch 605/1000
Average Training Loss: 0.1792
Average Test Loss: 0.2205
Early stopping patience: 21/50

Epoch 606/1000
Average Training Loss: 0.1756
Average Test Loss: 0.2219
Early stopping patience: 22/50

Epoch 607/1000
Average Training Loss: 0.1743
Average Test Loss: 0.2089
Early stopping patience: 23/50

Epoch 608/1000
Average Training Loss: 0.1930
Average Test Loss: 0.2169
Early stopping patience: 24/50

Epoch 609/1000
Average Training Loss: 0.1776
Average Test Loss: 0.2123
Early stopping patience: 25/50

Epoch 610/1000
Average Training Loss: 0.1722
Average Test Loss: 0.2040
Early stopping patience: 26/50

Epoch 611/1000
Average Training Loss: 0.1827
Average Test Loss: 0.2106
Early stopping patience: 27/50

Epoch 612/1000
Average Training Loss: 0.1837
Average Test Loss: 0.2182
Early stopping patience: 28/50

Epoch 613/1000
Average Training Loss: 0.1803
Average Test Loss: 0.2113
Early stopping patience: 29/50

Epoch 614/1000
Average Training Loss: 0.1789
Average Test Loss: 0.1977
New best Test Loss: 0.1977 at epoch 614

Epoch 615/1000
Average Training Loss: 0.1916
Average Test Loss: 0.2190
Early stopping patience: 1/50

Epoch 616/1000
Average Training Loss: 0.1769
Average Test Loss: 0.2329
Early stopping patience: 2/50

Epoch 617/1000
Average Training Loss: 0.1782
Average Test Loss: 0.1958
New best Test Loss: 0.1958 at epoch 617

Epoch 618/1000
Average Training Loss: 0.1770
Average Test Loss: 0.2017
Early stopping patience: 1/50

Epoch 619/1000
Average Training Loss: 0.1705
Average Test Loss: 0.2406
Early stopping patience: 2/50

Epoch 620/1000
Average Training Loss: 0.1842
Average Test Loss: 0.2157
Early stopping patience: 3/50

Epoch 621/1000
Average Training Loss: 0.1799
Average Test Loss: 0.2215
Early stopping patience: 4/50

Epoch 622/1000
Average Training Loss: 0.1710
Average Test Loss: 0.2139
Early stopping patience: 5/50

Epoch 623/1000
Average Training Loss: 0.1702
Average Test Loss: 0.2107
Early stopping patience: 6/50

Epoch 624/1000
Average Training Loss: 0.1688
Average Test Loss: 0.2223
Early stopping patience: 7/50

Epoch 625/1000
Average Training Loss: 0.1696
Average Test Loss: 0.2246
Early stopping patience: 8/50

Epoch 626/1000
Average Training Loss: 0.1721
Average Test Loss: 0.2312
Early stopping patience: 9/50

Epoch 627/1000
Average Training Loss: 0.1714
Average Test Loss: 0.2116
Early stopping patience: 10/50

Epoch 628/1000
Average Training Loss: 0.1716
Average Test Loss: 0.2261
Early stopping patience: 11/50

Epoch 629/1000
Average Training Loss: 0.1764
Average Test Loss: 0.2040
Early stopping patience: 12/50

Epoch 630/1000
Average Training Loss: 0.1772
Average Test Loss: 0.2104
Early stopping patience: 13/50

Epoch 631/1000
Average Training Loss: 0.1789
Average Test Loss: 0.2328
Early stopping patience: 14/50

Epoch 632/1000
Average Training Loss: 0.1920
Average Test Loss: 0.2209
Early stopping patience: 15/50

Epoch 633/1000
Average Training Loss: 0.1938
Average Test Loss: 0.2056
Early stopping patience: 16/50

Epoch 634/1000
Average Training Loss: 0.1778
Average Test Loss: 0.2289
Early stopping patience: 17/50

Epoch 635/1000
Average Training Loss: 0.1725
Average Test Loss: 0.2055
Early stopping patience: 18/50

Epoch 636/1000
Average Training Loss: 0.1750
Average Test Loss: 0.1978
Early stopping patience: 19/50

Epoch 637/1000
Average Training Loss: 0.1742
Average Test Loss: 0.2061
Early stopping patience: 20/50

Epoch 638/1000
Average Training Loss: 0.1638
Average Test Loss: 0.2133
Early stopping patience: 21/50

Epoch 639/1000
Average Training Loss: 0.1660
Average Test Loss: 0.2179
Early stopping patience: 22/50

Epoch 640/1000
Average Training Loss: 0.1806
Average Test Loss: 0.2080
Early stopping patience: 23/50

Epoch 641/1000
Average Training Loss: 0.1761
Average Test Loss: 0.2131
Early stopping patience: 24/50

Epoch 642/1000
Average Training Loss: 0.1715
Average Test Loss: 0.2077
Early stopping patience: 25/50

Epoch 643/1000
Average Training Loss: 0.1832
Average Test Loss: 0.2141
Early stopping patience: 26/50

Epoch 644/1000
Average Training Loss: 0.1680
Average Test Loss: 0.1964
Early stopping patience: 27/50

Epoch 645/1000
Average Training Loss: 0.1658
Average Test Loss: 0.2256
Early stopping patience: 28/50

Epoch 646/1000
Average Training Loss: 0.1656
Average Test Loss: 0.2061
Early stopping patience: 29/50

Epoch 647/1000
Average Training Loss: 0.1707
Average Test Loss: 0.2254
Early stopping patience: 30/50

Epoch 648/1000
Average Training Loss: 0.1729
Average Test Loss: 0.2038
Early stopping patience: 31/50

Epoch 649/1000
Average Training Loss: 0.1840
Average Test Loss: 0.2378
Early stopping patience: 32/50

Epoch 650/1000
Average Training Loss: 0.1764
Average Test Loss: 0.1943
New best Test Loss: 0.1943 at epoch 650

Epoch 651/1000
Average Training Loss: 0.1767
Average Test Loss: 0.2648
Early stopping patience: 1/50

Epoch 652/1000
Average Training Loss: 0.1777
Average Test Loss: 0.2146
Early stopping patience: 2/50

Epoch 653/1000
Average Training Loss: 0.1709
Average Test Loss: 0.1984
Early stopping patience: 3/50

Epoch 654/1000
Average Training Loss: 0.1698
Average Test Loss: 0.2052
Early stopping patience: 4/50

Epoch 655/1000
Average Training Loss: 0.1896
Average Test Loss: 0.2614
Early stopping patience: 5/50

Epoch 656/1000
Average Training Loss: 0.1844
Average Test Loss: 0.2233
Early stopping patience: 6/50

Epoch 657/1000
Average Training Loss: 0.1667
Average Test Loss: 0.2315
Early stopping patience: 7/50

Epoch 658/1000
Average Training Loss: 0.1731
Average Test Loss: 0.2139
Early stopping patience: 8/50

Epoch 659/1000
Average Training Loss: 0.1693
Average Test Loss: 0.2243
Early stopping patience: 9/50

Epoch 660/1000
Average Training Loss: 0.1857
Average Test Loss: 0.2059
Early stopping patience: 10/50

Epoch 661/1000
Average Training Loss: 0.1797
Average Test Loss: 0.2303
Early stopping patience: 11/50

Epoch 662/1000
Average Training Loss: 0.1794
Average Test Loss: 0.1997
Early stopping patience: 12/50

Epoch 663/1000
Average Training Loss: 0.1729
Average Test Loss: 0.1962
Early stopping patience: 13/50

Epoch 664/1000
Average Training Loss: 0.1826
Average Test Loss: 0.2241
Early stopping patience: 14/50

Epoch 665/1000
Average Training Loss: 0.1796
Average Test Loss: 0.2313
Early stopping patience: 15/50

Epoch 666/1000
Average Training Loss: 0.1803
Average Test Loss: 0.2072
Early stopping patience: 16/50

Epoch 667/1000
Average Training Loss: 0.1773
Average Test Loss: 0.2301
Early stopping patience: 17/50

Epoch 668/1000
Average Training Loss: 0.1756
Average Test Loss: 0.2168
Early stopping patience: 18/50

Epoch 669/1000
Average Training Loss: 0.1643
Average Test Loss: 0.2060
Early stopping patience: 19/50

Epoch 670/1000
Average Training Loss: 0.1644
Average Test Loss: 0.2081
Early stopping patience: 20/50

Epoch 671/1000
Average Training Loss: 0.1634
Average Test Loss: 0.2158
Early stopping patience: 21/50

Epoch 672/1000
Average Training Loss: 0.1608
Average Test Loss: 0.2087
Early stopping patience: 22/50

Epoch 673/1000
Average Training Loss: 0.1691
Average Test Loss: 0.2030
Early stopping patience: 23/50

Epoch 674/1000
Average Training Loss: 0.1688
Average Test Loss: 0.2255
Early stopping patience: 24/50

Epoch 675/1000
Average Training Loss: 0.1658
Average Test Loss: 0.1972
Early stopping patience: 25/50

Epoch 676/1000
Average Training Loss: 0.1672
Average Test Loss: 0.2254
Early stopping patience: 26/50

Epoch 677/1000
Average Training Loss: 0.1655
Average Test Loss: 0.2101
Early stopping patience: 27/50

Epoch 678/1000
Average Training Loss: 0.1595
Average Test Loss: 0.2229
Early stopping patience: 28/50

Epoch 679/1000
Average Training Loss: 0.1598
Average Test Loss: 0.2028
Early stopping patience: 29/50

Epoch 680/1000
Average Training Loss: 0.1716
Average Test Loss: 0.2571
Early stopping patience: 30/50

Epoch 681/1000
Average Training Loss: 0.1742
Average Test Loss: 0.2026
Early stopping patience: 31/50

Epoch 682/1000
Average Training Loss: 0.1645
Average Test Loss: 0.2260
Early stopping patience: 32/50

Epoch 683/1000
Average Training Loss: 0.1640
Average Test Loss: 0.1996
Early stopping patience: 33/50

Epoch 684/1000
Average Training Loss: 0.1665
Average Test Loss: 0.2430
Early stopping patience: 34/50

Epoch 685/1000
Average Training Loss: 0.1748
Average Test Loss: 0.2310
Early stopping patience: 35/50

Epoch 686/1000
Average Training Loss: 0.1715
Average Test Loss: 0.2513
Early stopping patience: 36/50

Epoch 687/1000
Average Training Loss: 0.1742
Average Test Loss: 0.2189
Early stopping patience: 37/50

Epoch 688/1000
Average Training Loss: 0.1645
Average Test Loss: 0.2247
Early stopping patience: 38/50

Epoch 689/1000
Average Training Loss: 0.1628
Average Test Loss: 0.2047
Early stopping patience: 39/50

Epoch 690/1000
Average Training Loss: 0.1687
Average Test Loss: 0.2196
Early stopping patience: 40/50

Epoch 691/1000
Average Training Loss: 0.1672
Average Test Loss: 0.1929
New best Test Loss: 0.1929 at epoch 691

Epoch 692/1000
Average Training Loss: 0.1725
Average Test Loss: 0.2059
Early stopping patience: 1/50

Epoch 693/1000
Average Training Loss: 0.1732
Average Test Loss: 0.2460
Early stopping patience: 2/50

Epoch 694/1000
Average Training Loss: 0.1784
Average Test Loss: 0.2144
Early stopping patience: 3/50

Epoch 695/1000
Average Training Loss: 0.1594
Average Test Loss: 0.2018
Early stopping patience: 4/50

Epoch 696/1000
Average Training Loss: 0.1644
Average Test Loss: 0.1942
Early stopping patience: 5/50

Epoch 697/1000
Average Training Loss: 0.1630
Average Test Loss: 0.2149
Early stopping patience: 6/50

Epoch 698/1000
Average Training Loss: 0.1627
Average Test Loss: 0.2009
Early stopping patience: 7/50

Epoch 699/1000
Average Training Loss: 0.1622
Average Test Loss: 0.2056
Early stopping patience: 8/50

Epoch 700/1000
Average Training Loss: 0.1620
Average Test Loss: 0.2479
Early stopping patience: 9/50

Epoch 701/1000
Average Training Loss: 0.1820
Average Test Loss: 0.2006
Early stopping patience: 10/50

Epoch 702/1000
Average Training Loss: 0.1941
Average Test Loss: 0.2678
Early stopping patience: 11/50

Epoch 703/1000
Average Training Loss: 0.1931
Average Test Loss: 0.2590
Early stopping patience: 12/50

Epoch 704/1000
Average Training Loss: 0.1820
Average Test Loss: 0.2102
Early stopping patience: 13/50

Epoch 705/1000
Average Training Loss: 0.1707
Average Test Loss: 0.2103
Early stopping patience: 14/50

Epoch 706/1000
Average Training Loss: 0.1730
Average Test Loss: 0.1902
New best Test Loss: 0.1902 at epoch 706

Epoch 707/1000
Average Training Loss: 0.1681
Average Test Loss: 0.2199
Early stopping patience: 1/50

Epoch 708/1000
Average Training Loss: 0.1673
Average Test Loss: 0.1946
Early stopping patience: 2/50

Epoch 709/1000
Average Training Loss: 0.1647
Average Test Loss: 0.2035
Early stopping patience: 3/50

Epoch 710/1000
Average Training Loss: 0.1683
Average Test Loss: 0.2113
Early stopping patience: 4/50

Epoch 711/1000
Average Training Loss: 0.1608
Average Test Loss: 0.2191
Early stopping patience: 5/50

Epoch 712/1000
Average Training Loss: 0.1615
Average Test Loss: 0.1978
Early stopping patience: 6/50

Epoch 713/1000
Average Training Loss: 0.1722
Average Test Loss: 0.2459
Early stopping patience: 7/50

Epoch 714/1000
Average Training Loss: 0.1635
Average Test Loss: 0.2001
Early stopping patience: 8/50

Epoch 715/1000
Average Training Loss: 0.1599
Average Test Loss: 0.2107
Early stopping patience: 9/50

Epoch 716/1000
Average Training Loss: 0.1591
Average Test Loss: 0.2144
Early stopping patience: 10/50

Epoch 717/1000
Average Training Loss: 0.1615
Average Test Loss: 0.2021
Early stopping patience: 11/50

Epoch 718/1000
Average Training Loss: 0.1697
Average Test Loss: 0.2064
Early stopping patience: 12/50

Epoch 719/1000
Average Training Loss: 0.1718
Average Test Loss: 0.2050
Early stopping patience: 13/50

Epoch 720/1000
Average Training Loss: 0.1604
Average Test Loss: 0.2010
Early stopping patience: 14/50

Epoch 721/1000
Average Training Loss: 0.1674
Average Test Loss: 0.2173
Early stopping patience: 15/50

Epoch 722/1000
Average Training Loss: 0.1583
Average Test Loss: 0.1963
Early stopping patience: 16/50

Epoch 723/1000
Average Training Loss: 0.1616
Average Test Loss: 0.2648
Early stopping patience: 17/50

Epoch 724/1000
Average Training Loss: 0.1628
Average Test Loss: 0.1933
Early stopping patience: 18/50

Epoch 725/1000
Average Training Loss: 0.1631
Average Test Loss: 0.1974
Early stopping patience: 19/50

Epoch 726/1000
Average Training Loss: 0.1647
Average Test Loss: 0.2261
Early stopping patience: 20/50

Epoch 727/1000
Average Training Loss: 0.1696
Average Test Loss: 0.2181
Early stopping patience: 21/50

Epoch 728/1000
Average Training Loss: 0.1575
Average Test Loss: 0.2003
Early stopping patience: 22/50

Epoch 729/1000
Average Training Loss: 0.1554
Average Test Loss: 0.2265
Early stopping patience: 23/50

Epoch 730/1000
Average Training Loss: 0.1681
Average Test Loss: 0.2425
Early stopping patience: 24/50

Epoch 731/1000
Average Training Loss: 0.1581
Average Test Loss: 0.2036
Early stopping patience: 25/50

Epoch 732/1000
Average Training Loss: 0.1651
Average Test Loss: 0.1987
Early stopping patience: 26/50

Epoch 733/1000
Average Training Loss: 0.1602
Average Test Loss: 0.2196
Early stopping patience: 27/50

Epoch 734/1000
Average Training Loss: 0.1488
Average Test Loss: 0.2095
Early stopping patience: 28/50

Epoch 735/1000
Average Training Loss: 0.1574
Average Test Loss: 0.2072
Early stopping patience: 29/50

Epoch 736/1000
Average Training Loss: 0.1538
Average Test Loss: 0.1998
Early stopping patience: 30/50

Epoch 737/1000
Average Training Loss: 0.1582
Average Test Loss: 0.2513
Early stopping patience: 31/50

Epoch 738/1000
Average Training Loss: 0.1636
Average Test Loss: 0.2015
Early stopping patience: 32/50

Epoch 739/1000
Average Training Loss: 0.1644
Average Test Loss: 0.2150
Early stopping patience: 33/50

Epoch 740/1000
Average Training Loss: 0.1624
Average Test Loss: 0.2399
Early stopping patience: 34/50

Epoch 741/1000
Average Training Loss: 0.1552
Average Test Loss: 0.2084
Early stopping patience: 35/50

Epoch 742/1000
Average Training Loss: 0.1550
Average Test Loss: 0.2110
Early stopping patience: 36/50

Epoch 743/1000
Average Training Loss: 0.1559
Average Test Loss: 0.1967
Early stopping patience: 37/50

Epoch 744/1000
Average Training Loss: 0.1586
Average Test Loss: 0.2192
Early stopping patience: 38/50

Epoch 745/1000
Average Training Loss: 0.1687
Average Test Loss: 0.2314
Early stopping patience: 39/50

Epoch 746/1000
Average Training Loss: 0.1741
Average Test Loss: 0.2051
Early stopping patience: 40/50

Epoch 747/1000
Average Training Loss: 0.1698
Average Test Loss: 0.2535
Early stopping patience: 41/50

Epoch 748/1000
Average Training Loss: 0.1603
Average Test Loss: 0.2005
Early stopping patience: 42/50

Epoch 749/1000
Average Training Loss: 0.1605
Average Test Loss: 0.2528
Early stopping patience: 43/50

Epoch 750/1000
Average Training Loss: 0.1626
Average Test Loss: 0.2068
Early stopping patience: 44/50

Epoch 751/1000
Average Training Loss: 0.1580
Average Test Loss: 0.2243
Early stopping patience: 45/50

Epoch 752/1000
Average Training Loss: 0.1533
Average Test Loss: 0.2077
Early stopping patience: 46/50

Epoch 753/1000
Average Training Loss: 0.1521
Average Test Loss: 0.2062
Early stopping patience: 47/50

Epoch 754/1000
Average Training Loss: 0.1529
Average Test Loss: 0.2577
Early stopping patience: 48/50

Epoch 755/1000
Average Training Loss: 0.1498
Average Test Loss: 0.1952
Early stopping patience: 49/50

Epoch 756/1000
Average Training Loss: 0.1677
Average Test Loss: 0.2544
Early stopping patience: 50/50
Early stopping triggered: best epoch 706, best test loss 0.1902

--- Training Complete ---
Best checkpoint restored before final evaluation: epoch 706
Model saved to /home/matheuscm/RNN_with_positional_encoding/reports_early_stop_ddp_bs1024/cenario_F_GRU_temporal_missing_0p1_model_weights.pth
Test predictions CSV saved to /home/matheuscm/RNN_with_positional_encoding/reports_early_stop_ddp_bs1024/cenario_F_GRU_temporal_missing_0p1_predictions.csv
Training history CSV saved to /home/matheuscm/RNN_with_positional_encoding/reports_early_stop_ddp_bs1024/cenario_F_GRU_temporal_missing_0p1_history.csv
Metrics JSON saved to /home/matheuscm/RNN_with_positional_encoding/reports_early_stop_ddp_bs1024/cenario_F_GRU_temporal_missing_0p1_metrics.json
Loss curve saved to /home/matheuscm/RNN_with_positional_encoding/reports_early_stop_ddp_bs1024/cenario_F_GRU_temporal_missing_0p1_loss_raw.png
Script finished.
