Command:
.venv/bin/python -m torch.distributed.run --standalone --nnodes 1 --nproc_per_node 4 /home/matheuscm/RNN_with_positional_encoding/PCS5024_EP_Time_Series.py --model_variant gru_temporal --data_removal_ratio 0.5 --run_name cenario_H_GRU_temporal_missing_0p5 --objective robustez severa --output_dir /home/matheuscm/RNN_with_positional_encoding/reports_early_stop_ddp_bs1024 --predictions_csv cenario_H_GRU_temporal_missing_0p5_predictions.csv --history_csv cenario_H_GRU_temporal_missing_0p5_history.csv --metrics_json cenario_H_GRU_temporal_missing_0p5_metrics.json --loss_curve_png cenario_H_GRU_temporal_missing_0p5_loss_raw.png --model_weights_path cenario_H_GRU_temporal_missing_0p5_model_weights.pth --data_filename data/santos_ssh.csv --split_date 2020-06-01 00:00:00 --past_len 8000 --future_len 2000 --sliding_window_step 25 --batch_size 256 --num_workers 0 --torch_threads 0 --hidden_size 128 --num_epochs 1000 --learning_rate 0.0002 --weight_decay 1e-05 --early_stopping_patience 50 --early_stopping_min_delta 0.0 --pos_encoding_dim 128 --time_scale 1.0 --seed 100


*****************************************
Setting OMP_NUM_THREADS environment variable for each process to be 1 in default, to avoid your system being overloaded, please further tune the variable for optimal performance in your application as needed. 
*****************************************
Using device: cuda:0
CPU threads per process: 16
CUDA devices available: 4
Using DistributedDataParallel with 4 GPUs
Hyperparameters: model_variant=gru_temporal, data_removal_ratio=0.5, batch_size_per_process=256, effective_batch_size=1024, hidden_size=128, pos_encoding_dim=128, learning_rate=0.0002, weight_decay=1e-05, sliding_window_step=25, early_stopping_patience=50, early_stopping_min_delta=0.0
Train set size: 21293
Test set size: 4320
Scaling data using Train Mean: shape: (1, 1)
┌──────────┐
│ ssh      │
│ ---      │
│ f32      │
╞══════════╡
│ 0.840088 │
└──────────┘, Train Std: shape: (1, 1)
┌──────────┐
│ ssh      │
│ ---      │
│ f32      │
╞══════════╡
│ 0.386142 │
└──────────┘
Applied missing-data simulation: ratio=0.50, train_kept=10646/21293, test_kept=2160/4320
Creating sequences and dataloaders...
x_train shape: torch.Size([8204, 442, 1]), y_train shape: torch.Size([8204, 123, 1])
x_test shape: torch.Size([1326, 415, 1]), y_test shape: torch.Size([1326, 117, 1])

--- Starting Training ---

Epoch 1/1000
Average Training Loss: 1.0647
Average Test Loss: 0.7662
New best Test Loss: 0.7662 at epoch 1

Epoch 2/1000
Average Training Loss: 1.0296
Average Test Loss: 0.7534
New best Test Loss: 0.7534 at epoch 2

Epoch 3/1000
Average Training Loss: 1.0150
Average Test Loss: 0.7548
Early stopping patience: 1/50

Epoch 4/1000
Average Training Loss: 0.9984
Average Test Loss: 0.7517
New best Test Loss: 0.7517 at epoch 4

Epoch 5/1000
Average Training Loss: 0.9983
Average Test Loss: 0.7521
Early stopping patience: 1/50

Epoch 6/1000
Average Training Loss: 1.0198
Average Test Loss: 0.7474
New best Test Loss: 0.7474 at epoch 6

Epoch 7/1000
Average Training Loss: 1.0149
Average Test Loss: 0.7495
Early stopping patience: 1/50

Epoch 8/1000
Average Training Loss: 0.9992
Average Test Loss: 0.7394
New best Test Loss: 0.7394 at epoch 8

Epoch 9/1000
Average Training Loss: 1.0344
Average Test Loss: 0.7410
Early stopping patience: 1/50

Epoch 10/1000
Average Training Loss: 1.0082
Average Test Loss: 0.7369
New best Test Loss: 0.7369 at epoch 10

Epoch 11/1000
Average Training Loss: 1.0362
Average Test Loss: 0.7294
New best Test Loss: 0.7294 at epoch 11

Epoch 12/1000
Average Training Loss: 1.0145
Average Test Loss: 0.7323
Early stopping patience: 1/50

Epoch 13/1000
Average Training Loss: 0.9821
Average Test Loss: 0.7301
Early stopping patience: 2/50

Epoch 14/1000
Average Training Loss: 0.9692
Average Test Loss: 0.7222
New best Test Loss: 0.7222 at epoch 14

Epoch 15/1000
Average Training Loss: 1.0140
Average Test Loss: 0.7195
New best Test Loss: 0.7195 at epoch 15

Epoch 16/1000
Average Training Loss: 0.9606
Average Test Loss: 0.7147
New best Test Loss: 0.7147 at epoch 16

Epoch 17/1000
Average Training Loss: 0.9894
Average Test Loss: 0.7142
New best Test Loss: 0.7142 at epoch 17

Epoch 18/1000
Average Training Loss: 0.9714
Average Test Loss: 0.7107
New best Test Loss: 0.7107 at epoch 18

Epoch 19/1000
Average Training Loss: 0.9799
Average Test Loss: 0.7090
New best Test Loss: 0.7090 at epoch 19

Epoch 20/1000
Average Training Loss: 0.9486
Average Test Loss: 0.7112
Early stopping patience: 1/50

Epoch 21/1000
Average Training Loss: 0.9557
Average Test Loss: 0.7027
New best Test Loss: 0.7027 at epoch 21

Epoch 22/1000
Average Training Loss: 0.9813
Average Test Loss: 0.7067
Early stopping patience: 1/50

Epoch 23/1000
Average Training Loss: 0.9583
Average Test Loss: 0.7024
New best Test Loss: 0.7024 at epoch 23

Epoch 24/1000
Average Training Loss: 0.9806
Average Test Loss: 0.7051
Early stopping patience: 1/50

Epoch 25/1000
Average Training Loss: 1.0112
Average Test Loss: 0.7082
Early stopping patience: 2/50

Epoch 26/1000
Average Training Loss: 0.9975
Average Test Loss: 0.7093
Early stopping patience: 3/50

Epoch 27/1000
Average Training Loss: 0.9467
Average Test Loss: 0.7051
Early stopping patience: 4/50

Epoch 28/1000
Average Training Loss: 0.9712
Average Test Loss: 0.6998
New best Test Loss: 0.6998 at epoch 28

Epoch 29/1000
Average Training Loss: 0.9726
Average Test Loss: 0.7007
Early stopping patience: 1/50

Epoch 30/1000
Average Training Loss: 0.9133
Average Test Loss: 0.6890
New best Test Loss: 0.6890 at epoch 30

Epoch 31/1000
Average Training Loss: 0.9246
Average Test Loss: 0.6915
Early stopping patience: 1/50

Epoch 32/1000
Average Training Loss: 0.9734
Average Test Loss: 0.6891
Early stopping patience: 2/50

Epoch 33/1000
Average Training Loss: 0.9491
Average Test Loss: 0.6904
Early stopping patience: 3/50

Epoch 34/1000
Average Training Loss: 0.9246
Average Test Loss: 0.6799
New best Test Loss: 0.6799 at epoch 34

Epoch 35/1000
Average Training Loss: 0.9025
Average Test Loss: 0.6712
New best Test Loss: 0.6712 at epoch 35

Epoch 36/1000
Average Training Loss: 0.8961
Average Test Loss: 0.6669
New best Test Loss: 0.6669 at epoch 36

Epoch 37/1000
Average Training Loss: 0.8807
Average Test Loss: 0.6433
New best Test Loss: 0.6433 at epoch 37

Epoch 38/1000
Average Training Loss: 0.8204
Average Test Loss: 0.6081
New best Test Loss: 0.6081 at epoch 38

Epoch 39/1000
Average Training Loss: 0.7501
Average Test Loss: 0.5785
New best Test Loss: 0.5785 at epoch 39

Epoch 40/1000
Average Training Loss: 0.7058
Average Test Loss: 0.5355
New best Test Loss: 0.5355 at epoch 40

Epoch 41/1000
Average Training Loss: 0.7255
Average Test Loss: 0.5571
Early stopping patience: 1/50

Epoch 42/1000
Average Training Loss: 0.7249
Average Test Loss: 0.5303
New best Test Loss: 0.5303 at epoch 42

Epoch 43/1000
Average Training Loss: 0.6665
Average Test Loss: 0.5442
Early stopping patience: 1/50

Epoch 44/1000
Average Training Loss: 0.6847
Average Test Loss: 0.5223
New best Test Loss: 0.5223 at epoch 44

Epoch 45/1000
Average Training Loss: 0.6432
Average Test Loss: 0.5015
New best Test Loss: 0.5015 at epoch 45

Epoch 46/1000
Average Training Loss: 0.6497
Average Test Loss: 0.4881
New best Test Loss: 0.4881 at epoch 46

Epoch 47/1000
Average Training Loss: 0.6627
Average Test Loss: 0.4987
Early stopping patience: 1/50

Epoch 48/1000
Average Training Loss: 0.6135
Average Test Loss: 0.4897
Early stopping patience: 2/50

Epoch 49/1000
Average Training Loss: 0.6301
Average Test Loss: 0.4770
New best Test Loss: 0.4770 at epoch 49

Epoch 50/1000
Average Training Loss: 0.5971
Average Test Loss: 0.4664
New best Test Loss: 0.4664 at epoch 50

Epoch 51/1000
Average Training Loss: 0.5866
Average Test Loss: 0.4629
New best Test Loss: 0.4629 at epoch 51

Epoch 52/1000
Average Training Loss: 0.5806
Average Test Loss: 0.4586
New best Test Loss: 0.4586 at epoch 52

Epoch 53/1000
Average Training Loss: 0.5600
Average Test Loss: 0.4491
New best Test Loss: 0.4491 at epoch 53

Epoch 54/1000
Average Training Loss: 0.5683
Average Test Loss: 0.4598
Early stopping patience: 1/50

Epoch 55/1000
Average Training Loss: 0.5445
Average Test Loss: 0.4404
New best Test Loss: 0.4404 at epoch 55

Epoch 56/1000
Average Training Loss: 0.5602
Average Test Loss: 0.4464
Early stopping patience: 1/50

Epoch 57/1000
Average Training Loss: 0.5637
Average Test Loss: 0.4669
Early stopping patience: 2/50

Epoch 58/1000
Average Training Loss: 0.5426
Average Test Loss: 0.4512
Early stopping patience: 3/50

Epoch 59/1000
Average Training Loss: 0.5733
Average Test Loss: 0.4263
New best Test Loss: 0.4263 at epoch 59

Epoch 60/1000
Average Training Loss: 0.5361
Average Test Loss: 0.4568
Early stopping patience: 1/50

Epoch 61/1000
Average Training Loss: 0.5558
Average Test Loss: 0.4337
Early stopping patience: 2/50

Epoch 62/1000
Average Training Loss: 0.5409
Average Test Loss: 0.4456
Early stopping patience: 3/50

Epoch 63/1000
Average Training Loss: 0.5578
Average Test Loss: 0.4479
Early stopping patience: 4/50

Epoch 64/1000
Average Training Loss: 0.5810
Average Test Loss: 0.4263
New best Test Loss: 0.4263 at epoch 64

Epoch 65/1000
Average Training Loss: 0.5321
Average Test Loss: 0.4321
Early stopping patience: 1/50

Epoch 66/1000
Average Training Loss: 0.5306
Average Test Loss: 0.4167
New best Test Loss: 0.4167 at epoch 66

Epoch 67/1000
Average Training Loss: 0.5049
Average Test Loss: 0.4027
New best Test Loss: 0.4027 at epoch 67

Epoch 68/1000
Average Training Loss: 0.5260
Average Test Loss: 0.4026
New best Test Loss: 0.4026 at epoch 68

Epoch 69/1000
Average Training Loss: 0.5235
Average Test Loss: 0.4107
Early stopping patience: 1/50

Epoch 70/1000
Average Training Loss: 0.5288
Average Test Loss: 0.4068
Early stopping patience: 2/50

Epoch 71/1000
Average Training Loss: 0.4998
Average Test Loss: 0.3947
New best Test Loss: 0.3947 at epoch 71

Epoch 72/1000
Average Training Loss: 0.5020
Average Test Loss: 0.3986
Early stopping patience: 1/50

Epoch 73/1000
Average Training Loss: 0.5043
Average Test Loss: 0.4001
Early stopping patience: 2/50

Epoch 74/1000
Average Training Loss: 0.4861
Average Test Loss: 0.3880
New best Test Loss: 0.3880 at epoch 74

Epoch 75/1000
Average Training Loss: 0.4861
Average Test Loss: 0.3869
New best Test Loss: 0.3869 at epoch 75

Epoch 76/1000
Average Training Loss: 0.4839
Average Test Loss: 0.3947
Early stopping patience: 1/50

Epoch 77/1000
Average Training Loss: 0.4947
Average Test Loss: 0.3816
New best Test Loss: 0.3816 at epoch 77

Epoch 78/1000
Average Training Loss: 0.4901
Average Test Loss: 0.3773
New best Test Loss: 0.3773 at epoch 78

Epoch 79/1000
Average Training Loss: 0.4840
Average Test Loss: 0.3885
Early stopping patience: 1/50

Epoch 80/1000
Average Training Loss: 0.4918
Average Test Loss: 0.3841
Early stopping patience: 2/50

Epoch 81/1000
Average Training Loss: 0.5037
Average Test Loss: 0.3808
Early stopping patience: 3/50

Epoch 82/1000
Average Training Loss: 0.4712
Average Test Loss: 0.3813
Early stopping patience: 4/50

Epoch 83/1000
Average Training Loss: 0.4872
Average Test Loss: 0.3807
Early stopping patience: 5/50

Epoch 84/1000
Average Training Loss: 0.4787
Average Test Loss: 0.4111
Early stopping patience: 6/50

Epoch 85/1000
Average Training Loss: 0.4812
Average Test Loss: 0.3788
Early stopping patience: 7/50

Epoch 86/1000
Average Training Loss: 0.4617
Average Test Loss: 0.3764
New best Test Loss: 0.3764 at epoch 86

Epoch 87/1000
Average Training Loss: 0.4486
Average Test Loss: 0.3587
New best Test Loss: 0.3587 at epoch 87

Epoch 88/1000
Average Training Loss: 0.4772
Average Test Loss: 0.3761
Early stopping patience: 1/50

Epoch 89/1000
Average Training Loss: 0.4615
Average Test Loss: 0.3785
Early stopping patience: 2/50

Epoch 90/1000
Average Training Loss: 0.4620
Average Test Loss: 0.3615
Early stopping patience: 3/50

Epoch 91/1000
Average Training Loss: 0.4623
Average Test Loss: 0.3782
Early stopping patience: 4/50

Epoch 92/1000
Average Training Loss: 0.4490
Average Test Loss: 0.3525
New best Test Loss: 0.3525 at epoch 92

Epoch 93/1000
Average Training Loss: 0.4490
Average Test Loss: 0.3533
Early stopping patience: 1/50

Epoch 94/1000
Average Training Loss: 0.4504
Average Test Loss: 0.3482
New best Test Loss: 0.3482 at epoch 94

Epoch 95/1000
Average Training Loss: 0.4462
Average Test Loss: 0.3596
Early stopping patience: 1/50

Epoch 96/1000
Average Training Loss: 0.4588
Average Test Loss: 0.3530
Early stopping patience: 2/50

Epoch 97/1000
Average Training Loss: 0.4454
Average Test Loss: 0.3450
New best Test Loss: 0.3450 at epoch 97

Epoch 98/1000
Average Training Loss: 0.4301
Average Test Loss: 0.3603
Early stopping patience: 1/50

Epoch 99/1000
Average Training Loss: 0.4224
Average Test Loss: 0.3420
New best Test Loss: 0.3420 at epoch 99

Epoch 100/1000
Average Training Loss: 0.4345
Average Test Loss: 0.3528
Early stopping patience: 1/50

Epoch 101/1000
Average Training Loss: 0.4314
Average Test Loss: 0.3435
Early stopping patience: 2/50

Epoch 102/1000
Average Training Loss: 0.4491
Average Test Loss: 0.3466
Early stopping patience: 3/50

Epoch 103/1000
Average Training Loss: 0.4241
Average Test Loss: 0.3452
Early stopping patience: 4/50

Epoch 104/1000
Average Training Loss: 0.4354
Average Test Loss: 0.3506
Early stopping patience: 5/50

Epoch 105/1000
Average Training Loss: 0.4202
Average Test Loss: 0.3512
Early stopping patience: 6/50

Epoch 106/1000
Average Training Loss: 0.4431
Average Test Loss: 0.3533
Early stopping patience: 7/50

Epoch 107/1000
Average Training Loss: 0.4173
Average Test Loss: 0.3416
New best Test Loss: 0.3416 at epoch 107

Epoch 108/1000
Average Training Loss: 0.4342
Average Test Loss: 0.3423
Early stopping patience: 1/50

Epoch 109/1000
Average Training Loss: 0.4173
Average Test Loss: 0.3459
Early stopping patience: 2/50

Epoch 110/1000
Average Training Loss: 0.4213
Average Test Loss: 0.3418
Early stopping patience: 3/50

Epoch 111/1000
Average Training Loss: 0.4225
Average Test Loss: 0.3443
Early stopping patience: 4/50

Epoch 112/1000
Average Training Loss: 0.4039
Average Test Loss: 0.3327
New best Test Loss: 0.3327 at epoch 112

Epoch 113/1000
Average Training Loss: 0.4124
Average Test Loss: 0.3343
Early stopping patience: 1/50

Epoch 114/1000
Average Training Loss: 0.4196
Average Test Loss: 0.3412
Early stopping patience: 2/50

Epoch 115/1000
Average Training Loss: 0.4228
Average Test Loss: 0.3318
New best Test Loss: 0.3318 at epoch 115

Epoch 116/1000
Average Training Loss: 0.4137
Average Test Loss: 0.3361
Early stopping patience: 1/50

Epoch 117/1000
Average Training Loss: 0.4193
Average Test Loss: 0.3405
Early stopping patience: 2/50

Epoch 118/1000
Average Training Loss: 0.4221
Average Test Loss: 0.3286
New best Test Loss: 0.3286 at epoch 118

Epoch 119/1000
Average Training Loss: 0.4097
Average Test Loss: 0.3429
Early stopping patience: 1/50

Epoch 120/1000
Average Training Loss: 0.4149
Average Test Loss: 0.3712
Early stopping patience: 2/50

Epoch 121/1000
Average Training Loss: 0.4273
Average Test Loss: 0.3256
New best Test Loss: 0.3256 at epoch 121

Epoch 122/1000
Average Training Loss: 0.4032
Average Test Loss: 0.3241
New best Test Loss: 0.3241 at epoch 122

Epoch 123/1000
Average Training Loss: 0.3965
Average Test Loss: 0.3454
Early stopping patience: 1/50

Epoch 124/1000
Average Training Loss: 0.3977
Average Test Loss: 0.3318
Early stopping patience: 2/50

Epoch 125/1000
Average Training Loss: 0.3921
Average Test Loss: 0.3321
Early stopping patience: 3/50

Epoch 126/1000
Average Training Loss: 0.4002
Average Test Loss: 0.3398
Early stopping patience: 4/50

Epoch 127/1000
Average Training Loss: 0.3964
Average Test Loss: 0.3434
Early stopping patience: 5/50

Epoch 128/1000
Average Training Loss: 0.4111
Average Test Loss: 0.3313
Early stopping patience: 6/50

Epoch 129/1000
Average Training Loss: 0.3930
Average Test Loss: 0.3262
Early stopping patience: 7/50

Epoch 130/1000
Average Training Loss: 0.4075
Average Test Loss: 0.3336
Early stopping patience: 8/50

Epoch 131/1000
Average Training Loss: 0.3893
Average Test Loss: 0.3170
New best Test Loss: 0.3170 at epoch 131

Epoch 132/1000
Average Training Loss: 0.3893
Average Test Loss: 0.3344
Early stopping patience: 1/50

Epoch 133/1000
Average Training Loss: 0.3845
Average Test Loss: 0.3159
New best Test Loss: 0.3159 at epoch 133

Epoch 134/1000
Average Training Loss: 0.3926
Average Test Loss: 0.3156
New best Test Loss: 0.3156 at epoch 134

Epoch 135/1000
Average Training Loss: 0.3806
Average Test Loss: 0.3330
Early stopping patience: 1/50

Epoch 136/1000
Average Training Loss: 0.3888
Average Test Loss: 0.3152
New best Test Loss: 0.3152 at epoch 136

Epoch 137/1000
Average Training Loss: 0.4095
Average Test Loss: 0.3418
Early stopping patience: 1/50

Epoch 138/1000
Average Training Loss: 0.3848
Average Test Loss: 0.3457
Early stopping patience: 2/50

Epoch 139/1000
Average Training Loss: 0.3991
Average Test Loss: 0.3199
Early stopping patience: 3/50

Epoch 140/1000
Average Training Loss: 0.3820
Average Test Loss: 0.3421
Early stopping patience: 4/50

Epoch 141/1000
Average Training Loss: 0.4111
Average Test Loss: 0.3226
Early stopping patience: 5/50

Epoch 142/1000
Average Training Loss: 0.3862
Average Test Loss: 0.3141
New best Test Loss: 0.3141 at epoch 142

Epoch 143/1000
Average Training Loss: 0.3903
Average Test Loss: 0.3235
Early stopping patience: 1/50

Epoch 144/1000
Average Training Loss: 0.3830
Average Test Loss: 0.3256
Early stopping patience: 2/50

Epoch 145/1000
Average Training Loss: 0.3680
Average Test Loss: 0.3167
Early stopping patience: 3/50

Epoch 146/1000
Average Training Loss: 0.3883
Average Test Loss: 0.3378
Early stopping patience: 4/50

Epoch 147/1000
Average Training Loss: 0.3896
Average Test Loss: 0.3343
Early stopping patience: 5/50

Epoch 148/1000
Average Training Loss: 0.3842
Average Test Loss: 0.3171
Early stopping patience: 6/50

Epoch 149/1000
Average Training Loss: 0.3686
Average Test Loss: 0.3147
Early stopping patience: 7/50

Epoch 150/1000
Average Training Loss: 0.3723
Average Test Loss: 0.3159
Early stopping patience: 8/50

Epoch 151/1000
Average Training Loss: 0.3790
Average Test Loss: 0.3149
Early stopping patience: 9/50

Epoch 152/1000
Average Training Loss: 0.3751
Average Test Loss: 0.3129
New best Test Loss: 0.3129 at epoch 152

Epoch 153/1000
Average Training Loss: 0.3630
Average Test Loss: 0.3179
Early stopping patience: 1/50

Epoch 154/1000
Average Training Loss: 0.3714
Average Test Loss: 0.3144
Early stopping patience: 2/50

Epoch 155/1000
Average Training Loss: 0.3838
Average Test Loss: 0.3133
Early stopping patience: 3/50

Epoch 156/1000
Average Training Loss: 0.3769
Average Test Loss: 0.3153
Early stopping patience: 4/50

Epoch 157/1000
Average Training Loss: 0.3633
Average Test Loss: 0.3130
Early stopping patience: 5/50

Epoch 158/1000
Average Training Loss: 0.3592
Average Test Loss: 0.3134
Early stopping patience: 6/50

Epoch 159/1000
Average Training Loss: 0.3771
Average Test Loss: 0.3218
Early stopping patience: 7/50

Epoch 160/1000
Average Training Loss: 0.3736
Average Test Loss: 0.3251
Early stopping patience: 8/50

Epoch 161/1000
Average Training Loss: 0.3839
Average Test Loss: 0.3126
New best Test Loss: 0.3126 at epoch 161

Epoch 162/1000
Average Training Loss: 0.3831
Average Test Loss: 0.3163
Early stopping patience: 1/50

Epoch 163/1000
Average Training Loss: 0.3698
Average Test Loss: 0.3069
New best Test Loss: 0.3069 at epoch 163

Epoch 164/1000
Average Training Loss: 0.3602
Average Test Loss: 0.3145
Early stopping patience: 1/50

Epoch 165/1000
Average Training Loss: 0.3717
Average Test Loss: 0.3111
Early stopping patience: 2/50

Epoch 166/1000
Average Training Loss: 0.3705
Average Test Loss: 0.3042
New best Test Loss: 0.3042 at epoch 166

Epoch 167/1000
Average Training Loss: 0.3651
Average Test Loss: 0.3125
Early stopping patience: 1/50

Epoch 168/1000
Average Training Loss: 0.3740
Average Test Loss: 0.3096
Early stopping patience: 2/50

Epoch 169/1000
Average Training Loss: 0.3654
Average Test Loss: 0.3060
Early stopping patience: 3/50

Epoch 170/1000
Average Training Loss: 0.3603
Average Test Loss: 0.3100
Early stopping patience: 4/50

Epoch 171/1000
Average Training Loss: 0.3618
Average Test Loss: 0.3302
Early stopping patience: 5/50

Epoch 172/1000
Average Training Loss: 0.3633
Average Test Loss: 0.3218
Early stopping patience: 6/50

Epoch 173/1000
Average Training Loss: 0.3842
Average Test Loss: 0.3215
Early stopping patience: 7/50

Epoch 174/1000
Average Training Loss: 0.3722
Average Test Loss: 0.3130
Early stopping patience: 8/50

Epoch 175/1000
Average Training Loss: 0.3900
Average Test Loss: 0.3061
Early stopping patience: 9/50

Epoch 176/1000
Average Training Loss: 0.3538
Average Test Loss: 0.3076
Early stopping patience: 10/50

Epoch 177/1000
Average Training Loss: 0.3573
Average Test Loss: 0.3171
Early stopping patience: 11/50

Epoch 178/1000
Average Training Loss: 0.3673
Average Test Loss: 0.3017
New best Test Loss: 0.3017 at epoch 178

Epoch 179/1000
Average Training Loss: 0.3537
Average Test Loss: 0.3001
New best Test Loss: 0.3001 at epoch 179

Epoch 180/1000
Average Training Loss: 0.3470
Average Test Loss: 0.3044
Early stopping patience: 1/50

Epoch 181/1000
Average Training Loss: 0.3504
Average Test Loss: 0.3016
Early stopping patience: 2/50

Epoch 182/1000
Average Training Loss: 0.3658
Average Test Loss: 0.3103
Early stopping patience: 3/50

Epoch 183/1000
Average Training Loss: 0.3552
Average Test Loss: 0.3017
Early stopping patience: 4/50

Epoch 184/1000
Average Training Loss: 0.3603
Average Test Loss: 0.3194
Early stopping patience: 5/50

Epoch 185/1000
Average Training Loss: 0.3980
Average Test Loss: 0.3186
Early stopping patience: 6/50

Epoch 186/1000
Average Training Loss: 0.3675
Average Test Loss: 0.3051
Early stopping patience: 7/50

Epoch 187/1000
Average Training Loss: 0.3533
Average Test Loss: 0.3097
Early stopping patience: 8/50

Epoch 188/1000
Average Training Loss: 0.3627
Average Test Loss: 0.3046
Early stopping patience: 9/50

Epoch 189/1000
Average Training Loss: 0.3489
Average Test Loss: 0.3008
Early stopping patience: 10/50

Epoch 190/1000
Average Training Loss: 0.3451
Average Test Loss: 0.3002
Early stopping patience: 11/50

Epoch 191/1000
Average Training Loss: 0.3606
Average Test Loss: 0.3247
Early stopping patience: 12/50

Epoch 192/1000
Average Training Loss: 0.3575
Average Test Loss: 0.2967
New best Test Loss: 0.2967 at epoch 192

Epoch 193/1000
Average Training Loss: 0.3664
Average Test Loss: 0.3064
Early stopping patience: 1/50

Epoch 194/1000
Average Training Loss: 0.3462
Average Test Loss: 0.3171
Early stopping patience: 2/50

Epoch 195/1000
Average Training Loss: 0.3528
Average Test Loss: 0.3107
Early stopping patience: 3/50

Epoch 196/1000
Average Training Loss: 0.3570
Average Test Loss: 0.2972
Early stopping patience: 4/50

Epoch 197/1000
Average Training Loss: 0.3589
Average Test Loss: 0.2983
Early stopping patience: 5/50

Epoch 198/1000
Average Training Loss: 0.3484
Average Test Loss: 0.3054
Early stopping patience: 6/50

Epoch 199/1000
Average Training Loss: 0.3500
Average Test Loss: 0.2975
Early stopping patience: 7/50

Epoch 200/1000
Average Training Loss: 0.3400
Average Test Loss: 0.3059
Early stopping patience: 8/50

Epoch 201/1000
Average Training Loss: 0.3309
Average Test Loss: 0.3001
Early stopping patience: 9/50

Epoch 202/1000
Average Training Loss: 0.3426
Average Test Loss: 0.2978
Early stopping patience: 10/50

Epoch 203/1000
Average Training Loss: 0.3525
Average Test Loss: 0.3004
Early stopping patience: 11/50

Epoch 204/1000
Average Training Loss: 0.3508
Average Test Loss: 0.3132
Early stopping patience: 12/50

Epoch 205/1000
Average Training Loss: 0.3527
Average Test Loss: 0.2978
Early stopping patience: 13/50

Epoch 206/1000
Average Training Loss: 0.3663
Average Test Loss: 0.2993
Early stopping patience: 14/50

Epoch 207/1000
Average Training Loss: 0.3321
Average Test Loss: 0.3001
Early stopping patience: 15/50

Epoch 208/1000
Average Training Loss: 0.3381
Average Test Loss: 0.2993
Early stopping patience: 16/50

Epoch 209/1000
Average Training Loss: 0.3337
Average Test Loss: 0.2980
Early stopping patience: 17/50

Epoch 210/1000
Average Training Loss: 0.3353
Average Test Loss: 0.2941
New best Test Loss: 0.2941 at epoch 210

Epoch 211/1000
Average Training Loss: 0.3298
Average Test Loss: 0.3030
Early stopping patience: 1/50

Epoch 212/1000
Average Training Loss: 0.3497
Average Test Loss: 0.3004
Early stopping patience: 2/50

Epoch 213/1000
Average Training Loss: 0.3457
Average Test Loss: 0.2966
Early stopping patience: 3/50

Epoch 214/1000
Average Training Loss: 0.3451
Average Test Loss: 0.3138
Early stopping patience: 4/50

Epoch 215/1000
Average Training Loss: 0.3376
Average Test Loss: 0.3077
Early stopping patience: 5/50

Epoch 216/1000
Average Training Loss: 0.3486
Average Test Loss: 0.3144
Early stopping patience: 6/50

Epoch 217/1000
Average Training Loss: 0.3434
Average Test Loss: 0.3234
Early stopping patience: 7/50

Epoch 218/1000
Average Training Loss: 0.3769
Average Test Loss: 0.3329
Early stopping patience: 8/50

Epoch 219/1000
Average Training Loss: 0.3695
Average Test Loss: 0.3093
Early stopping patience: 9/50

Epoch 220/1000
Average Training Loss: 0.3497
Average Test Loss: 0.3057
Early stopping patience: 10/50

Epoch 221/1000
Average Training Loss: 0.3369
Average Test Loss: 0.3067
Early stopping patience: 11/50

Epoch 222/1000
Average Training Loss: 0.3324
Average Test Loss: 0.2934
New best Test Loss: 0.2934 at epoch 222

Epoch 223/1000
Average Training Loss: 0.3307
Average Test Loss: 0.2902
New best Test Loss: 0.2902 at epoch 223

Epoch 224/1000
Average Training Loss: 0.3405
Average Test Loss: 0.2918
Early stopping patience: 1/50

Epoch 225/1000
Average Training Loss: 0.3314
Average Test Loss: 0.3131
Early stopping patience: 2/50

Epoch 226/1000
Average Training Loss: 0.3381
Average Test Loss: 0.3057
Early stopping patience: 3/50

Epoch 227/1000
Average Training Loss: 0.3439
Average Test Loss: 0.3051
Early stopping patience: 4/50

Epoch 228/1000
Average Training Loss: 0.3261
Average Test Loss: 0.3156
Early stopping patience: 5/50

Epoch 229/1000
Average Training Loss: 0.3453
Average Test Loss: 0.3013
Early stopping patience: 6/50

Epoch 230/1000
Average Training Loss: 0.3373
Average Test Loss: 0.2948
Early stopping patience: 7/50

Epoch 231/1000
Average Training Loss: 0.3291
Average Test Loss: 0.2951
Early stopping patience: 8/50

Epoch 232/1000
Average Training Loss: 0.3263
Average Test Loss: 0.3118
Early stopping patience: 9/50

Epoch 233/1000
Average Training Loss: 0.3351
Average Test Loss: 0.2976
Early stopping patience: 10/50

Epoch 234/1000
Average Training Loss: 0.3392
Average Test Loss: 0.2975
Early stopping patience: 11/50

Epoch 235/1000
Average Training Loss: 0.3358
Average Test Loss: 0.3096
Early stopping patience: 12/50

Epoch 236/1000
Average Training Loss: 0.3499
Average Test Loss: 0.3176
Early stopping patience: 13/50

Epoch 237/1000
Average Training Loss: 0.3569
Average Test Loss: 0.3062
Early stopping patience: 14/50

Epoch 238/1000
Average Training Loss: 0.3313
Average Test Loss: 0.3125
Early stopping patience: 15/50

Epoch 239/1000
Average Training Loss: 0.3342
Average Test Loss: 0.2896
New best Test Loss: 0.2896 at epoch 239

Epoch 240/1000
Average Training Loss: 0.3216
Average Test Loss: 0.2960
Early stopping patience: 1/50

Epoch 241/1000
Average Training Loss: 0.3377
Average Test Loss: 0.3023
Early stopping patience: 2/50

Epoch 242/1000
Average Training Loss: 0.3281
Average Test Loss: 0.2929
Early stopping patience: 3/50

Epoch 243/1000
Average Training Loss: 0.3193
Average Test Loss: 0.2913
Early stopping patience: 4/50

Epoch 244/1000
Average Training Loss: 0.3239
Average Test Loss: 0.2909
Early stopping patience: 5/50

Epoch 245/1000
Average Training Loss: 0.3316
Average Test Loss: 0.2943
Early stopping patience: 6/50

Epoch 246/1000
Average Training Loss: 0.3387
Average Test Loss: 0.3032
Early stopping patience: 7/50

Epoch 247/1000
Average Training Loss: 0.3278
Average Test Loss: 0.3004
Early stopping patience: 8/50

Epoch 248/1000
Average Training Loss: 0.3281
Average Test Loss: 0.3028
Early stopping patience: 9/50

Epoch 249/1000
Average Training Loss: 0.3144
Average Test Loss: 0.2879
New best Test Loss: 0.2879 at epoch 249

Epoch 250/1000
Average Training Loss: 0.3204
Average Test Loss: 0.2944
Early stopping patience: 1/50

Epoch 251/1000
Average Training Loss: 0.3365
Average Test Loss: 0.3088
Early stopping patience: 2/50

Epoch 252/1000
Average Training Loss: 0.3315
Average Test Loss: 0.3086
Early stopping patience: 3/50

Epoch 253/1000
Average Training Loss: 0.3154
Average Test Loss: 0.2922
Early stopping patience: 4/50

Epoch 254/1000
Average Training Loss: 0.3255
Average Test Loss: 0.2987
Early stopping patience: 5/50

Epoch 255/1000
Average Training Loss: 0.3323
Average Test Loss: 0.2981
Early stopping patience: 6/50

Epoch 256/1000
Average Training Loss: 0.3149
Average Test Loss: 0.2922
Early stopping patience: 7/50

Epoch 257/1000
Average Training Loss: 0.3218
Average Test Loss: 0.2958
Early stopping patience: 8/50

Epoch 258/1000
Average Training Loss: 0.3221
Average Test Loss: 0.2979
Early stopping patience: 9/50

Epoch 259/1000
Average Training Loss: 0.3143
Average Test Loss: 0.2968
Early stopping patience: 10/50

Epoch 260/1000
Average Training Loss: 0.3090
Average Test Loss: 0.3065
Early stopping patience: 11/50

Epoch 261/1000
Average Training Loss: 0.3326
Average Test Loss: 0.2880
Early stopping patience: 12/50

Epoch 262/1000
Average Training Loss: 0.3121
Average Test Loss: 0.2879
New best Test Loss: 0.2879 at epoch 262

Epoch 263/1000
Average Training Loss: 0.3384
Average Test Loss: 0.3110
Early stopping patience: 1/50

Epoch 264/1000
Average Training Loss: 0.3152
Average Test Loss: 0.2950
Early stopping patience: 2/50

Epoch 265/1000
Average Training Loss: 0.3047
Average Test Loss: 0.2934
Early stopping patience: 3/50

Epoch 266/1000
Average Training Loss: 0.3093
Average Test Loss: 0.2885
Early stopping patience: 4/50

Epoch 267/1000
Average Training Loss: 0.3115
Average Test Loss: 0.3093
Early stopping patience: 5/50

Epoch 268/1000
Average Training Loss: 0.3175
Average Test Loss: 0.2902
Early stopping patience: 6/50

Epoch 269/1000
Average Training Loss: 0.3126
Average Test Loss: 0.2946
Early stopping patience: 7/50

Epoch 270/1000
Average Training Loss: 0.3139
Average Test Loss: 0.3075
Early stopping patience: 8/50

Epoch 271/1000
Average Training Loss: 0.3032
Average Test Loss: 0.2901
Early stopping patience: 9/50

Epoch 272/1000
Average Training Loss: 0.3007
Average Test Loss: 0.2900
Early stopping patience: 10/50

Epoch 273/1000
Average Training Loss: 0.3170
Average Test Loss: 0.2950
Early stopping patience: 11/50

Epoch 274/1000
Average Training Loss: 0.3030
Average Test Loss: 0.2950
Early stopping patience: 12/50

Epoch 275/1000
Average Training Loss: 0.3125
Average Test Loss: 0.2888
Early stopping patience: 13/50

Epoch 276/1000
Average Training Loss: 0.3040
Average Test Loss: 0.2938
Early stopping patience: 14/50

Epoch 277/1000
Average Training Loss: 0.3056
Average Test Loss: 0.2993
Early stopping patience: 15/50

Epoch 278/1000
Average Training Loss: 0.2987
Average Test Loss: 0.2960
Early stopping patience: 16/50

Epoch 279/1000
Average Training Loss: 0.2991
Average Test Loss: 0.2929
Early stopping patience: 17/50

Epoch 280/1000
Average Training Loss: 0.2969
Average Test Loss: 0.2919
Early stopping patience: 18/50

Epoch 281/1000
Average Training Loss: 0.3021
Average Test Loss: 0.2877
New best Test Loss: 0.2877 at epoch 281

Epoch 282/1000
Average Training Loss: 0.3023
Average Test Loss: 0.2856
New best Test Loss: 0.2856 at epoch 282

Epoch 283/1000
Average Training Loss: 0.3095
Average Test Loss: 0.3121
Early stopping patience: 1/50

Epoch 284/1000
Average Training Loss: 0.3068
Average Test Loss: 0.2905
Early stopping patience: 2/50

Epoch 285/1000
Average Training Loss: 0.3025
Average Test Loss: 0.2891
Early stopping patience: 3/50

Epoch 286/1000
Average Training Loss: 0.3028
Average Test Loss: 0.2904
Early stopping patience: 4/50

Epoch 287/1000
Average Training Loss: 0.2978
Average Test Loss: 0.2984
Early stopping patience: 5/50

Epoch 288/1000
Average Training Loss: 0.3058
Average Test Loss: 0.2854
New best Test Loss: 0.2854 at epoch 288

Epoch 289/1000
Average Training Loss: 0.2927
Average Test Loss: 0.2955
Early stopping patience: 1/50

Epoch 290/1000
Average Training Loss: 0.2953
Average Test Loss: 0.2847
New best Test Loss: 0.2847 at epoch 290

Epoch 291/1000
Average Training Loss: 0.3014
Average Test Loss: 0.2972
Early stopping patience: 1/50

Epoch 292/1000
Average Training Loss: 0.2948
Average Test Loss: 0.2890
Early stopping patience: 2/50

Epoch 293/1000
Average Training Loss: 0.3341
Average Test Loss: 0.2964
Early stopping patience: 3/50

Epoch 294/1000
Average Training Loss: 0.3152
Average Test Loss: 0.2992
Early stopping patience: 4/50

Epoch 295/1000
Average Training Loss: 0.2999
Average Test Loss: 0.3009
Early stopping patience: 5/50

Epoch 296/1000
Average Training Loss: 0.3105
Average Test Loss: 0.2962
Early stopping patience: 6/50

Epoch 297/1000
Average Training Loss: 0.2958
Average Test Loss: 0.2943
Early stopping patience: 7/50

Epoch 298/1000
Average Training Loss: 0.3006
Average Test Loss: 0.3049
Early stopping patience: 8/50

Epoch 299/1000
Average Training Loss: 0.3025
Average Test Loss: 0.2817
New best Test Loss: 0.2817 at epoch 299

Epoch 300/1000
Average Training Loss: 0.2949
Average Test Loss: 0.3063
Early stopping patience: 1/50

Epoch 301/1000
Average Training Loss: 0.2965
Average Test Loss: 0.2968
Early stopping patience: 2/50

Epoch 302/1000
Average Training Loss: 0.2933
Average Test Loss: 0.2887
Early stopping patience: 3/50

Epoch 303/1000
Average Training Loss: 0.2945
Average Test Loss: 0.3031
Early stopping patience: 4/50

Epoch 304/1000
Average Training Loss: 0.2977
Average Test Loss: 0.3102
Early stopping patience: 5/50

Epoch 305/1000
Average Training Loss: 0.2912
Average Test Loss: 0.2866
Early stopping patience: 6/50

Epoch 306/1000
Average Training Loss: 0.2871
Average Test Loss: 0.2927
Early stopping patience: 7/50

Epoch 307/1000
Average Training Loss: 0.2986
Average Test Loss: 0.2931
Early stopping patience: 8/50

Epoch 308/1000
Average Training Loss: 0.2976
Average Test Loss: 0.2917
Early stopping patience: 9/50

Epoch 309/1000
Average Training Loss: 0.3067
Average Test Loss: 0.2855
Early stopping patience: 10/50

Epoch 310/1000
Average Training Loss: 0.2953
Average Test Loss: 0.2791
New best Test Loss: 0.2791 at epoch 310

Epoch 311/1000
Average Training Loss: 0.2881
Average Test Loss: 0.2838
Early stopping patience: 1/50

Epoch 312/1000
Average Training Loss: 0.2896
Average Test Loss: 0.2927
Early stopping patience: 2/50

Epoch 313/1000
Average Training Loss: 0.3007
Average Test Loss: 0.2952
Early stopping patience: 3/50

Epoch 314/1000
Average Training Loss: 0.2898
Average Test Loss: 0.3067
Early stopping patience: 4/50

Epoch 315/1000
Average Training Loss: 0.3041
Average Test Loss: 0.2899
Early stopping patience: 5/50

Epoch 316/1000
Average Training Loss: 0.3192
Average Test Loss: 0.3086
Early stopping patience: 6/50

Epoch 317/1000
Average Training Loss: 0.3007
Average Test Loss: 0.2998
Early stopping patience: 7/50

Epoch 318/1000
Average Training Loss: 0.2843
Average Test Loss: 0.2828
Early stopping patience: 8/50

Epoch 319/1000
Average Training Loss: 0.2930
Average Test Loss: 0.2936
Early stopping patience: 9/50

Epoch 320/1000
Average Training Loss: 0.2963
Average Test Loss: 0.2890
Early stopping patience: 10/50

Epoch 321/1000
Average Training Loss: 0.2933
Average Test Loss: 0.2912
Early stopping patience: 11/50

Epoch 322/1000
Average Training Loss: 0.2957
Average Test Loss: 0.2918
Early stopping patience: 12/50

Epoch 323/1000
Average Training Loss: 0.2918
Average Test Loss: 0.2785
New best Test Loss: 0.2785 at epoch 323

Epoch 324/1000
Average Training Loss: 0.2813
Average Test Loss: 0.2915
Early stopping patience: 1/50

Epoch 325/1000
Average Training Loss: 0.2814
Average Test Loss: 0.2922
Early stopping patience: 2/50

Epoch 326/1000
Average Training Loss: 0.2843
Average Test Loss: 0.2882
Early stopping patience: 3/50

Epoch 327/1000
Average Training Loss: 0.2996
Average Test Loss: 0.3055
Early stopping patience: 4/50

Epoch 328/1000
Average Training Loss: 0.2911
Average Test Loss: 0.2787
Early stopping patience: 5/50

Epoch 329/1000
Average Training Loss: 0.2830
Average Test Loss: 0.2832
Early stopping patience: 6/50

Epoch 330/1000
Average Training Loss: 0.2853
Average Test Loss: 0.2885
Early stopping patience: 7/50

Epoch 331/1000
Average Training Loss: 0.2722
Average Test Loss: 0.2844
Early stopping patience: 8/50

Epoch 332/1000
Average Training Loss: 0.2801
Average Test Loss: 0.2986
Early stopping patience: 9/50

Epoch 333/1000
Average Training Loss: 0.3038
Average Test Loss: 0.3043
Early stopping patience: 10/50

Epoch 334/1000
Average Training Loss: 0.2867
Average Test Loss: 0.2781
New best Test Loss: 0.2781 at epoch 334

Epoch 335/1000
Average Training Loss: 0.2821
Average Test Loss: 0.2988
Early stopping patience: 1/50

Epoch 336/1000
Average Training Loss: 0.2877
Average Test Loss: 0.2772
New best Test Loss: 0.2772 at epoch 336

Epoch 337/1000
Average Training Loss: 0.2875
Average Test Loss: 0.2866
Early stopping patience: 1/50

Epoch 338/1000
Average Training Loss: 0.2797
Average Test Loss: 0.2959
Early stopping patience: 2/50

Epoch 339/1000
Average Training Loss: 0.2816
Average Test Loss: 0.2723
New best Test Loss: 0.2723 at epoch 339

Epoch 340/1000
Average Training Loss: 0.2838
Average Test Loss: 0.2806
Early stopping patience: 1/50

Epoch 341/1000
Average Training Loss: 0.2815
Average Test Loss: 0.2828
Early stopping patience: 2/50

Epoch 342/1000
Average Training Loss: 0.2734
Average Test Loss: 0.2808
Early stopping patience: 3/50

Epoch 343/1000
Average Training Loss: 0.2798
Average Test Loss: 0.2854
Early stopping patience: 4/50

Epoch 344/1000
Average Training Loss: 0.2713
Average Test Loss: 0.2927
Early stopping patience: 5/50

Epoch 345/1000
Average Training Loss: 0.2948
Average Test Loss: 0.2742
Early stopping patience: 6/50

Epoch 346/1000
Average Training Loss: 0.2783
Average Test Loss: 0.2831
Early stopping patience: 7/50

Epoch 347/1000
Average Training Loss: 0.2697
Average Test Loss: 0.2779
Early stopping patience: 8/50

Epoch 348/1000
Average Training Loss: 0.2772
Average Test Loss: 0.3016
Early stopping patience: 9/50

Epoch 349/1000
Average Training Loss: 0.2739
Average Test Loss: 0.2745
Early stopping patience: 10/50

Epoch 350/1000
Average Training Loss: 0.2655
Average Test Loss: 0.2747
Early stopping patience: 11/50

Epoch 351/1000
Average Training Loss: 0.2721
Average Test Loss: 0.2785
Early stopping patience: 12/50

Epoch 352/1000
Average Training Loss: 0.2619
Average Test Loss: 0.2629
New best Test Loss: 0.2629 at epoch 352

Epoch 353/1000
Average Training Loss: 0.2668
Average Test Loss: 0.2799
Early stopping patience: 1/50

Epoch 354/1000
Average Training Loss: 0.2646
Average Test Loss: 0.2841
Early stopping patience: 2/50

Epoch 355/1000
Average Training Loss: 0.2791
Average Test Loss: 0.2677
Early stopping patience: 3/50

Epoch 356/1000
Average Training Loss: 0.2730
Average Test Loss: 0.2755
Early stopping patience: 4/50

Epoch 357/1000
Average Training Loss: 0.2822
Average Test Loss: 0.2769
Early stopping patience: 5/50

Epoch 358/1000
Average Training Loss: 0.2667
Average Test Loss: 0.2702
Early stopping patience: 6/50

Epoch 359/1000
Average Training Loss: 0.2641
Average Test Loss: 0.2752
Early stopping patience: 7/50

Epoch 360/1000
Average Training Loss: 0.2585
Average Test Loss: 0.2765
Early stopping patience: 8/50

Epoch 361/1000
Average Training Loss: 0.2596
Average Test Loss: 0.2781
Early stopping patience: 9/50

Epoch 362/1000
Average Training Loss: 0.2692
Average Test Loss: 0.2659
Early stopping patience: 10/50

Epoch 363/1000
Average Training Loss: 0.2625
Average Test Loss: 0.2800
Early stopping patience: 11/50

Epoch 364/1000
Average Training Loss: 0.2600
Average Test Loss: 0.2797
Early stopping patience: 12/50

Epoch 365/1000
Average Training Loss: 0.2804
Average Test Loss: 0.2704
Early stopping patience: 13/50

Epoch 366/1000
Average Training Loss: 0.2813
Average Test Loss: 0.2875
Early stopping patience: 14/50

Epoch 367/1000
Average Training Loss: 0.2594
Average Test Loss: 0.2678
Early stopping patience: 15/50

Epoch 368/1000
Average Training Loss: 0.2640
Average Test Loss: 0.2828
Early stopping patience: 16/50

Epoch 369/1000
Average Training Loss: 0.2614
Average Test Loss: 0.2710
Early stopping patience: 17/50

Epoch 370/1000
Average Training Loss: 0.2643
Average Test Loss: 0.2726
Early stopping patience: 18/50

Epoch 371/1000
Average Training Loss: 0.2529
Average Test Loss: 0.2620
New best Test Loss: 0.2620 at epoch 371

Epoch 372/1000
Average Training Loss: 0.2474
Average Test Loss: 0.2667
Early stopping patience: 1/50

Epoch 373/1000
Average Training Loss: 0.2521
Average Test Loss: 0.2726
Early stopping patience: 2/50

Epoch 374/1000
Average Training Loss: 0.2596
Average Test Loss: 0.2788
Early stopping patience: 3/50

Epoch 375/1000
Average Training Loss: 0.2762
Average Test Loss: 0.3173
Early stopping patience: 4/50

Epoch 376/1000
Average Training Loss: 0.2781
Average Test Loss: 0.2753
Early stopping patience: 5/50

Epoch 377/1000
Average Training Loss: 0.2595
Average Test Loss: 0.2664
Early stopping patience: 6/50

Epoch 378/1000
Average Training Loss: 0.2532
Average Test Loss: 0.2783
Early stopping patience: 7/50

Epoch 379/1000
Average Training Loss: 0.2637
Average Test Loss: 0.2670
Early stopping patience: 8/50

Epoch 380/1000
Average Training Loss: 0.2560
Average Test Loss: 0.2663
Early stopping patience: 9/50

Epoch 381/1000
Average Training Loss: 0.2419
Average Test Loss: 0.2660
Early stopping patience: 10/50

Epoch 382/1000
Average Training Loss: 0.2720
Average Test Loss: 0.2894
Early stopping patience: 11/50

Epoch 383/1000
Average Training Loss: 0.2503
Average Test Loss: 0.2697
Early stopping patience: 12/50

Epoch 384/1000
Average Training Loss: 0.2612
Average Test Loss: 0.2710
Early stopping patience: 13/50

Epoch 385/1000
Average Training Loss: 0.2541
Average Test Loss: 0.2647
Early stopping patience: 14/50

Epoch 386/1000
Average Training Loss: 0.2523
Average Test Loss: 0.2737
Early stopping patience: 15/50

Epoch 387/1000
Average Training Loss: 0.2456
Average Test Loss: 0.2798
Early stopping patience: 16/50

Epoch 388/1000
Average Training Loss: 0.2436
Average Test Loss: 0.2644
Early stopping patience: 17/50

Epoch 389/1000
Average Training Loss: 0.2454
Average Test Loss: 0.2586
New best Test Loss: 0.2586 at epoch 389

Epoch 390/1000
Average Training Loss: 0.2460
Average Test Loss: 0.2741
Early stopping patience: 1/50

Epoch 391/1000
Average Training Loss: 0.2418
Average Test Loss: 0.2667
Early stopping patience: 2/50

Epoch 392/1000
Average Training Loss: 0.2438
Average Test Loss: 0.2653
Early stopping patience: 3/50

Epoch 393/1000
Average Training Loss: 0.2423
Average Test Loss: 0.2774
Early stopping patience: 4/50

Epoch 394/1000
Average Training Loss: 0.2464
Average Test Loss: 0.2635
Early stopping patience: 5/50

Epoch 395/1000
Average Training Loss: 0.2658
Average Test Loss: 0.2647
Early stopping patience: 6/50

Epoch 396/1000
Average Training Loss: 0.2488
Average Test Loss: 0.2689
Early stopping patience: 7/50

Epoch 397/1000
Average Training Loss: 0.2436
Average Test Loss: 0.2772
Early stopping patience: 8/50

Epoch 398/1000
Average Training Loss: 0.2363
Average Test Loss: 0.2676
Early stopping patience: 9/50

Epoch 399/1000
Average Training Loss: 0.2455
Average Test Loss: 0.2865
Early stopping patience: 10/50

Epoch 400/1000
Average Training Loss: 0.2564
Average Test Loss: 0.2661
Early stopping patience: 11/50

Epoch 401/1000
Average Training Loss: 0.2398
Average Test Loss: 0.2828
Early stopping patience: 12/50

Epoch 402/1000
Average Training Loss: 0.2518
Average Test Loss: 0.2647
Early stopping patience: 13/50

Epoch 403/1000
Average Training Loss: 0.2394
Average Test Loss: 0.3051
Early stopping patience: 14/50

Epoch 404/1000
Average Training Loss: 0.2634
Average Test Loss: 0.2756
Early stopping patience: 15/50

Epoch 405/1000
Average Training Loss: 0.2626
Average Test Loss: 0.2513
New best Test Loss: 0.2513 at epoch 405

Epoch 406/1000
Average Training Loss: 0.2376
Average Test Loss: 0.2475
New best Test Loss: 0.2475 at epoch 406

Epoch 407/1000
Average Training Loss: 0.2409
Average Test Loss: 0.2581
Early stopping patience: 1/50

Epoch 408/1000
Average Training Loss: 0.2420
Average Test Loss: 0.2567
Early stopping patience: 2/50

Epoch 409/1000
Average Training Loss: 0.2404
Average Test Loss: 0.2480
Early stopping patience: 3/50

Epoch 410/1000
Average Training Loss: 0.2300
Average Test Loss: 0.2528
Early stopping patience: 4/50

Epoch 411/1000
Average Training Loss: 0.2344
Average Test Loss: 0.2605
Early stopping patience: 5/50

Epoch 412/1000
Average Training Loss: 0.2339
Average Test Loss: 0.2884
Early stopping patience: 6/50

Epoch 413/1000
Average Training Loss: 0.2431
Average Test Loss: 0.2510
Early stopping patience: 7/50

Epoch 414/1000
Average Training Loss: 0.2472
Average Test Loss: 0.2613
Early stopping patience: 8/50

Epoch 415/1000
Average Training Loss: 0.2364
Average Test Loss: 0.2619
Early stopping patience: 9/50

Epoch 416/1000
Average Training Loss: 0.2270
Average Test Loss: 0.2471
New best Test Loss: 0.2471 at epoch 416

Epoch 417/1000
Average Training Loss: 0.2326
Average Test Loss: 0.2638
Early stopping patience: 1/50

Epoch 418/1000
Average Training Loss: 0.2328
Average Test Loss: 0.2837
Early stopping patience: 2/50

Epoch 419/1000
Average Training Loss: 0.2337
Average Test Loss: 0.2521
Early stopping patience: 3/50

Epoch 420/1000
Average Training Loss: 0.2226
Average Test Loss: 0.2541
Early stopping patience: 4/50

Epoch 421/1000
Average Training Loss: 0.2187
Average Test Loss: 0.2484
Early stopping patience: 5/50

Epoch 422/1000
Average Training Loss: 0.2257
Average Test Loss: 0.2479
Early stopping patience: 6/50

Epoch 423/1000
Average Training Loss: 0.2221
Average Test Loss: 0.2566
Early stopping patience: 7/50

Epoch 424/1000
Average Training Loss: 0.2265
Average Test Loss: 0.2522
Early stopping patience: 8/50

Epoch 425/1000
Average Training Loss: 0.2214
Average Test Loss: 0.2521
Early stopping patience: 9/50

Epoch 426/1000
Average Training Loss: 0.2162
Average Test Loss: 0.2568
Early stopping patience: 10/50

Epoch 427/1000
Average Training Loss: 0.2187
Average Test Loss: 0.2626
Early stopping patience: 11/50

Epoch 428/1000
Average Training Loss: 0.2198
Average Test Loss: 0.2462
New best Test Loss: 0.2462 at epoch 428

Epoch 429/1000
Average Training Loss: 0.2196
Average Test Loss: 0.2484
Early stopping patience: 1/50

Epoch 430/1000
Average Training Loss: 0.2153
Average Test Loss: 0.2403
New best Test Loss: 0.2403 at epoch 430

Epoch 431/1000
Average Training Loss: 0.2112
Average Test Loss: 0.2501
Early stopping patience: 1/50

Epoch 432/1000
Average Training Loss: 0.2127
Average Test Loss: 0.2782
Early stopping patience: 2/50

Epoch 433/1000
Average Training Loss: 0.2168
Average Test Loss: 0.2484
Early stopping patience: 3/50

Epoch 434/1000
Average Training Loss: 0.2340
Average Test Loss: 0.2425
Early stopping patience: 4/50

Epoch 435/1000
Average Training Loss: 0.2215
Average Test Loss: 0.2435
Early stopping patience: 5/50

Epoch 436/1000
Average Training Loss: 0.2116
Average Test Loss: 0.2382
New best Test Loss: 0.2382 at epoch 436

Epoch 437/1000
Average Training Loss: 0.2123
Average Test Loss: 0.2449
Early stopping patience: 1/50

Epoch 438/1000
Average Training Loss: 0.2117
Average Test Loss: 0.2409
Early stopping patience: 2/50

Epoch 439/1000
Average Training Loss: 0.2218
Average Test Loss: 0.2462
Early stopping patience: 3/50

Epoch 440/1000
Average Training Loss: 0.2178
Average Test Loss: 0.2495
Early stopping patience: 4/50

Epoch 441/1000
Average Training Loss: 0.2241
Average Test Loss: 0.2398
Early stopping patience: 5/50

Epoch 442/1000
Average Training Loss: 0.2129
Average Test Loss: 0.2460
Early stopping patience: 6/50

Epoch 443/1000
Average Training Loss: 0.2113
Average Test Loss: 0.2785
Early stopping patience: 7/50

Epoch 444/1000
Average Training Loss: 0.2214
Average Test Loss: 0.2597
Early stopping patience: 8/50

Epoch 445/1000
Average Training Loss: 0.2230
Average Test Loss: 0.2368
New best Test Loss: 0.2368 at epoch 445

Epoch 446/1000
Average Training Loss: 0.2145
Average Test Loss: 0.2688
Early stopping patience: 1/50

Epoch 447/1000
Average Training Loss: 0.2057
Average Test Loss: 0.2356
New best Test Loss: 0.2356 at epoch 447

Epoch 448/1000
Average Training Loss: 0.2139
Average Test Loss: 0.2306
New best Test Loss: 0.2306 at epoch 448

Epoch 449/1000
Average Training Loss: 0.2067
Average Test Loss: 0.2319
Early stopping patience: 1/50

Epoch 450/1000
Average Training Loss: 0.2033
Average Test Loss: 0.2469
Early stopping patience: 2/50

Epoch 451/1000
Average Training Loss: 0.2132
Average Test Loss: 0.2397
Early stopping patience: 3/50

Epoch 452/1000
Average Training Loss: 0.2015
Average Test Loss: 0.2503
Early stopping patience: 4/50

Epoch 453/1000
Average Training Loss: 0.2262
Average Test Loss: 0.2781
Early stopping patience: 5/50

Epoch 454/1000
Average Training Loss: 0.2237
Average Test Loss: 0.2717
Early stopping patience: 6/50

Epoch 455/1000
Average Training Loss: 0.2050
Average Test Loss: 0.2306
Early stopping patience: 7/50

Epoch 456/1000
Average Training Loss: 0.2052
Average Test Loss: 0.2313
Early stopping patience: 8/50

Epoch 457/1000
Average Training Loss: 0.2100
Average Test Loss: 0.2376
Early stopping patience: 9/50

Epoch 458/1000
Average Training Loss: 0.1933
Average Test Loss: 0.2292
New best Test Loss: 0.2292 at epoch 458

Epoch 459/1000
Average Training Loss: 0.1906
Average Test Loss: 0.2328
Early stopping patience: 1/50

Epoch 460/1000
Average Training Loss: 0.1921
Average Test Loss: 0.2327
Early stopping patience: 2/50

Epoch 461/1000
Average Training Loss: 0.1937
Average Test Loss: 0.2337
Early stopping patience: 3/50

Epoch 462/1000
Average Training Loss: 0.2052
Average Test Loss: 0.2402
Early stopping patience: 4/50

Epoch 463/1000
Average Training Loss: 0.1938
Average Test Loss: 0.2362
Early stopping patience: 5/50

Epoch 464/1000
Average Training Loss: 0.1942
Average Test Loss: 0.2383
Early stopping patience: 6/50

Epoch 465/1000
Average Training Loss: 0.2004
Average Test Loss: 0.2319
Early stopping patience: 7/50

Epoch 466/1000
Average Training Loss: 0.1913
Average Test Loss: 0.2328
Early stopping patience: 8/50

Epoch 467/1000
Average Training Loss: 0.1907
Average Test Loss: 0.2304
Early stopping patience: 9/50

Epoch 468/1000
Average Training Loss: 0.1900
Average Test Loss: 0.2403
Early stopping patience: 10/50

Epoch 469/1000
Average Training Loss: 0.1919
Average Test Loss: 0.2354
Early stopping patience: 11/50

Epoch 470/1000
Average Training Loss: 0.1924
Average Test Loss: 0.2299
Early stopping patience: 12/50

Epoch 471/1000
Average Training Loss: 0.1892
Average Test Loss: 0.2241
New best Test Loss: 0.2241 at epoch 471

Epoch 472/1000
Average Training Loss: 0.1989
Average Test Loss: 0.2311
Early stopping patience: 1/50

Epoch 473/1000
Average Training Loss: 0.2044
Average Test Loss: 0.2582
Early stopping patience: 2/50

Epoch 474/1000
Average Training Loss: 0.1979
Average Test Loss: 0.2489
Early stopping patience: 3/50

Epoch 475/1000
Average Training Loss: 0.2029
Average Test Loss: 0.3409
Early stopping patience: 4/50

Epoch 476/1000
Average Training Loss: 0.2252
Average Test Loss: 0.2281
Early stopping patience: 5/50

Epoch 477/1000
Average Training Loss: 0.2001
Average Test Loss: 0.2242
Early stopping patience: 6/50

Epoch 478/1000
Average Training Loss: 0.1919
Average Test Loss: 0.2367
Early stopping patience: 7/50

Epoch 479/1000
Average Training Loss: 0.1890
Average Test Loss: 0.2240
New best Test Loss: 0.2240 at epoch 479

Epoch 480/1000
Average Training Loss: 0.1857
Average Test Loss: 0.2236
New best Test Loss: 0.2236 at epoch 480

Epoch 481/1000
Average Training Loss: 0.1870
Average Test Loss: 0.2356
Early stopping patience: 1/50

Epoch 482/1000
Average Training Loss: 0.1846
Average Test Loss: 0.2469
Early stopping patience: 2/50

Epoch 483/1000
Average Training Loss: 0.1926
Average Test Loss: 0.2239
Early stopping patience: 3/50

Epoch 484/1000
Average Training Loss: 0.1803
Average Test Loss: 0.2388
Early stopping patience: 4/50

Epoch 485/1000
Average Training Loss: 0.1856
Average Test Loss: 0.2431
Early stopping patience: 5/50

Epoch 486/1000
Average Training Loss: 0.1815
Average Test Loss: 0.2244
Early stopping patience: 6/50

Epoch 487/1000
Average Training Loss: 0.1843
Average Test Loss: 0.2323
Early stopping patience: 7/50

Epoch 488/1000
Average Training Loss: 0.1946
Average Test Loss: 0.2617
Early stopping patience: 8/50

Epoch 489/1000
Average Training Loss: 0.1916
Average Test Loss: 0.2242
Early stopping patience: 9/50

Epoch 490/1000
Average Training Loss: 0.1795
Average Test Loss: 0.2319
Early stopping patience: 10/50

Epoch 491/1000
Average Training Loss: 0.1862
Average Test Loss: 0.2277
Early stopping patience: 11/50

Epoch 492/1000
Average Training Loss: 0.1931
Average Test Loss: 0.2204
New best Test Loss: 0.2204 at epoch 492

Epoch 493/1000
Average Training Loss: 0.1807
Average Test Loss: 0.2480
Early stopping patience: 1/50

Epoch 494/1000
Average Training Loss: 0.1825
Average Test Loss: 0.2243
Early stopping patience: 2/50

Epoch 495/1000
Average Training Loss: 0.1866
Average Test Loss: 0.2207
Early stopping patience: 3/50

Epoch 496/1000
Average Training Loss: 0.1851
Average Test Loss: 0.2585
Early stopping patience: 4/50

Epoch 497/1000
Average Training Loss: 0.2045
Average Test Loss: 0.2492
Early stopping patience: 5/50

Epoch 498/1000
Average Training Loss: 0.1951
Average Test Loss: 0.2329
Early stopping patience: 6/50

Epoch 499/1000
Average Training Loss: 0.1831
Average Test Loss: 0.2356
Early stopping patience: 7/50

Epoch 500/1000
Average Training Loss: 0.1824
Average Test Loss: 0.2287
Early stopping patience: 8/50

Epoch 501/1000
Average Training Loss: 0.1758
Average Test Loss: 0.2207
Early stopping patience: 9/50

Epoch 502/1000
Average Training Loss: 0.1792
Average Test Loss: 0.2255
Early stopping patience: 10/50

Epoch 503/1000
Average Training Loss: 0.1752
Average Test Loss: 0.2524
Early stopping patience: 11/50

Epoch 504/1000
Average Training Loss: 0.1844
Average Test Loss: 0.2510
Early stopping patience: 12/50

Epoch 505/1000
Average Training Loss: 0.1848
Average Test Loss: 0.2339
Early stopping patience: 13/50

Epoch 506/1000
Average Training Loss: 0.1830
Average Test Loss: 0.2229
Early stopping patience: 14/50

Epoch 507/1000
Average Training Loss: 0.1787
Average Test Loss: 0.2232
Early stopping patience: 15/50

Epoch 508/1000
Average Training Loss: 0.1760
Average Test Loss: 0.2204
Early stopping patience: 16/50

Epoch 509/1000
Average Training Loss: 0.1843
Average Test Loss: 0.2148
New best Test Loss: 0.2148 at epoch 509

Epoch 510/1000
Average Training Loss: 0.1767
Average Test Loss: 0.2291
Early stopping patience: 1/50

Epoch 511/1000
Average Training Loss: 0.1766
Average Test Loss: 0.2236
Early stopping patience: 2/50

Epoch 512/1000
Average Training Loss: 0.1681
Average Test Loss: 0.2167
Early stopping patience: 3/50

Epoch 513/1000
Average Training Loss: 0.1732
Average Test Loss: 0.2238
Early stopping patience: 4/50

Epoch 514/1000
Average Training Loss: 0.1736
Average Test Loss: 0.2293
Early stopping patience: 5/50

Epoch 515/1000
Average Training Loss: 0.1780
Average Test Loss: 0.2183
Early stopping patience: 6/50

Epoch 516/1000
Average Training Loss: 0.1755
Average Test Loss: 0.2188
Early stopping patience: 7/50

Epoch 517/1000
Average Training Loss: 0.1739
Average Test Loss: 0.2249
Early stopping patience: 8/50

Epoch 518/1000
Average Training Loss: 0.1836
Average Test Loss: 0.2330
Early stopping patience: 9/50

Epoch 519/1000
Average Training Loss: 0.1701
Average Test Loss: 0.2212
Early stopping patience: 10/50

Epoch 520/1000
Average Training Loss: 0.1736
Average Test Loss: 0.2422
Early stopping patience: 11/50

Epoch 521/1000
Average Training Loss: 0.1770
Average Test Loss: 0.2269
Early stopping patience: 12/50

Epoch 522/1000
Average Training Loss: 0.1736
Average Test Loss: 0.2209
Early stopping patience: 13/50

Epoch 523/1000
Average Training Loss: 0.1693
Average Test Loss: 0.2323
Early stopping patience: 14/50

Epoch 524/1000
Average Training Loss: 0.1657
Average Test Loss: 0.2186
Early stopping patience: 15/50

Epoch 525/1000
Average Training Loss: 0.1746
Average Test Loss: 0.2272
Early stopping patience: 16/50

Epoch 526/1000
Average Training Loss: 0.1649
Average Test Loss: 0.2878
Early stopping patience: 17/50

Epoch 527/1000
Average Training Loss: 0.1768
Average Test Loss: 0.2415
Early stopping patience: 18/50

Epoch 528/1000
Average Training Loss: 0.1804
Average Test Loss: 0.2497
Early stopping patience: 19/50

Epoch 529/1000
Average Training Loss: 0.1728
Average Test Loss: 0.2218
Early stopping patience: 20/50

Epoch 530/1000
Average Training Loss: 0.1707
Average Test Loss: 0.2330
Early stopping patience: 21/50

Epoch 531/1000
Average Training Loss: 0.1846
Average Test Loss: 0.2177
Early stopping patience: 22/50

Epoch 532/1000
Average Training Loss: 0.1707
Average Test Loss: 0.2196
Early stopping patience: 23/50

Epoch 533/1000
Average Training Loss: 0.1689
Average Test Loss: 0.2285
Early stopping patience: 24/50

Epoch 534/1000
Average Training Loss: 0.1710
Average Test Loss: 0.2356
Early stopping patience: 25/50

Epoch 535/1000
Average Training Loss: 0.1792
Average Test Loss: 0.2243
Early stopping patience: 26/50

Epoch 536/1000
Average Training Loss: 0.1711
Average Test Loss: 0.2419
Early stopping patience: 27/50

Epoch 537/1000
Average Training Loss: 0.1771
Average Test Loss: 0.2306
Early stopping patience: 28/50

Epoch 538/1000
Average Training Loss: 0.1767
Average Test Loss: 0.2243
Early stopping patience: 29/50

Epoch 539/1000
Average Training Loss: 0.1701
Average Test Loss: 0.2186
Early stopping patience: 30/50

Epoch 540/1000
Average Training Loss: 0.1706
Average Test Loss: 0.2133
New best Test Loss: 0.2133 at epoch 540

Epoch 541/1000
Average Training Loss: 0.1657
Average Test Loss: 0.2300
Early stopping patience: 1/50

Epoch 542/1000
Average Training Loss: 0.1643
Average Test Loss: 0.2158
Early stopping patience: 2/50

Epoch 543/1000
Average Training Loss: 0.1673
Average Test Loss: 0.2270
Early stopping patience: 3/50

Epoch 544/1000
Average Training Loss: 0.1658
Average Test Loss: 0.2451
Early stopping patience: 4/50

Epoch 545/1000
Average Training Loss: 0.1681
Average Test Loss: 0.2289
Early stopping patience: 5/50

Epoch 546/1000
Average Training Loss: 0.1676
Average Test Loss: 0.2303
Early stopping patience: 6/50

Epoch 547/1000
Average Training Loss: 0.1667
Average Test Loss: 0.2592
Early stopping patience: 7/50

Epoch 548/1000
Average Training Loss: 0.1692
Average Test Loss: 0.2474
Early stopping patience: 8/50

Epoch 549/1000
Average Training Loss: 0.1835
Average Test Loss: 0.2545
Early stopping patience: 9/50

Epoch 550/1000
Average Training Loss: 0.1679
Average Test Loss: 0.2214
Early stopping patience: 10/50

Epoch 551/1000
Average Training Loss: 0.1670
Average Test Loss: 0.2257
Early stopping patience: 11/50

Epoch 552/1000
Average Training Loss: 0.1610
Average Test Loss: 0.2389
Early stopping patience: 12/50

Epoch 553/1000
Average Training Loss: 0.1630
Average Test Loss: 0.2153
Early stopping patience: 13/50

Epoch 554/1000
Average Training Loss: 0.1590
Average Test Loss: 0.2164
Early stopping patience: 14/50

Epoch 555/1000
Average Training Loss: 0.1541
Average Test Loss: 0.2283
Early stopping patience: 15/50

Epoch 556/1000
Average Training Loss: 0.1559
Average Test Loss: 0.2120
New best Test Loss: 0.2120 at epoch 556

Epoch 557/1000
Average Training Loss: 0.1569
Average Test Loss: 0.2289
Early stopping patience: 1/50

Epoch 558/1000
Average Training Loss: 0.1587
Average Test Loss: 0.2320
Early stopping patience: 2/50

Epoch 559/1000
Average Training Loss: 0.1570
Average Test Loss: 0.2215
Early stopping patience: 3/50

Epoch 560/1000
Average Training Loss: 0.1640
Average Test Loss: 0.2771
Early stopping patience: 4/50

Epoch 561/1000
Average Training Loss: 0.1708
Average Test Loss: 0.2451
Early stopping patience: 5/50

Epoch 562/1000
Average Training Loss: 0.1687
Average Test Loss: 0.2328
Early stopping patience: 6/50

Epoch 563/1000
Average Training Loss: 0.1622
Average Test Loss: 0.2232
Early stopping patience: 7/50

Epoch 564/1000
Average Training Loss: 0.1599
Average Test Loss: 0.2142
Early stopping patience: 8/50

Epoch 565/1000
Average Training Loss: 0.1520
Average Test Loss: 0.2344
Early stopping patience: 9/50

Epoch 566/1000
Average Training Loss: 0.1524
Average Test Loss: 0.2179
Early stopping patience: 10/50

Epoch 567/1000
Average Training Loss: 0.1568
Average Test Loss: 0.2128
Early stopping patience: 11/50

Epoch 568/1000
Average Training Loss: 0.1522
Average Test Loss: 0.2403
Early stopping patience: 12/50

Epoch 569/1000
Average Training Loss: 0.1551
Average Test Loss: 0.2157
Early stopping patience: 13/50

Epoch 570/1000
Average Training Loss: 0.1603
Average Test Loss: 0.2339
Early stopping patience: 14/50

Epoch 571/1000
Average Training Loss: 0.1572
Average Test Loss: 0.2257
Early stopping patience: 15/50

Epoch 572/1000
Average Training Loss: 0.1557
Average Test Loss: 0.2205
Early stopping patience: 16/50

Epoch 573/1000
Average Training Loss: 0.1656
Average Test Loss: 0.2436
Early stopping patience: 17/50

Epoch 574/1000
Average Training Loss: 0.1579
Average Test Loss: 0.2183
Early stopping patience: 18/50

Epoch 575/1000
Average Training Loss: 0.1559
Average Test Loss: 0.2426
Early stopping patience: 19/50

Epoch 576/1000
Average Training Loss: 0.1565
Average Test Loss: 0.2216
Early stopping patience: 20/50

Epoch 577/1000
Average Training Loss: 0.1581
Average Test Loss: 0.2422
Early stopping patience: 21/50

Epoch 578/1000
Average Training Loss: 0.1630
Average Test Loss: 0.2276
Early stopping patience: 22/50

Epoch 579/1000
Average Training Loss: 0.1552
Average Test Loss: 0.2219
Early stopping patience: 23/50

Epoch 580/1000
Average Training Loss: 0.1507
Average Test Loss: 0.2110
New best Test Loss: 0.2110 at epoch 580

Epoch 581/1000
Average Training Loss: 0.1518
Average Test Loss: 0.2442
Early stopping patience: 1/50

Epoch 582/1000
Average Training Loss: 0.1526
Average Test Loss: 0.2222
Early stopping patience: 2/50

Epoch 583/1000
Average Training Loss: 0.1499
Average Test Loss: 0.2203
Early stopping patience: 3/50

Epoch 584/1000
Average Training Loss: 0.1588
Average Test Loss: 0.2136
Early stopping patience: 4/50

Epoch 585/1000
Average Training Loss: 0.1552
Average Test Loss: 0.2220
Early stopping patience: 5/50

Epoch 586/1000
Average Training Loss: 0.1660
Average Test Loss: 0.2209
Early stopping patience: 6/50

Epoch 587/1000
Average Training Loss: 0.1514
Average Test Loss: 0.2219
Early stopping patience: 7/50

Epoch 588/1000
Average Training Loss: 0.1579
Average Test Loss: 0.2445
Early stopping patience: 8/50

Epoch 589/1000
Average Training Loss: 0.1515
Average Test Loss: 0.2183
Early stopping patience: 9/50

Epoch 590/1000
Average Training Loss: 0.1492
Average Test Loss: 0.2186
Early stopping patience: 10/50

Epoch 591/1000
Average Training Loss: 0.1515
Average Test Loss: 0.2370
Early stopping patience: 11/50

Epoch 592/1000
Average Training Loss: 0.1547
Average Test Loss: 0.2302
Early stopping patience: 12/50

Epoch 593/1000
Average Training Loss: 0.1549
Average Test Loss: 0.2615
Early stopping patience: 13/50

Epoch 594/1000
Average Training Loss: 0.1587
Average Test Loss: 0.2187
Early stopping patience: 14/50

Epoch 595/1000
Average Training Loss: 0.1517
Average Test Loss: 0.2180
Early stopping patience: 15/50

Epoch 596/1000
Average Training Loss: 0.1495
Average Test Loss: 0.2295
Early stopping patience: 16/50

Epoch 597/1000
Average Training Loss: 0.1484
Average Test Loss: 0.2248
Early stopping patience: 17/50

Epoch 598/1000
Average Training Loss: 0.1460
Average Test Loss: 0.2157
Early stopping patience: 18/50

Epoch 599/1000
Average Training Loss: 0.1414
Average Test Loss: 0.2149
Early stopping patience: 19/50

Epoch 600/1000
Average Training Loss: 0.1476
Average Test Loss: 0.2280
Early stopping patience: 20/50

Epoch 601/1000
Average Training Loss: 0.1392
Average Test Loss: 0.2211
Early stopping patience: 21/50

Epoch 602/1000
Average Training Loss: 0.1412
Average Test Loss: 0.2286
Early stopping patience: 22/50

Epoch 603/1000
Average Training Loss: 0.1440
Average Test Loss: 0.2236
Early stopping patience: 23/50

Epoch 604/1000
Average Training Loss: 0.1428
Average Test Loss: 0.2453
Early stopping patience: 24/50

Epoch 605/1000
Average Training Loss: 0.1524
Average Test Loss: 0.2348
Early stopping patience: 25/50

Epoch 606/1000
Average Training Loss: 0.1444
Average Test Loss: 0.2206
Early stopping patience: 26/50

Epoch 607/1000
Average Training Loss: 0.1502
Average Test Loss: 0.2343
Early stopping patience: 27/50

Epoch 608/1000
Average Training Loss: 0.1537
Average Test Loss: 0.2186
Early stopping patience: 28/50

Epoch 609/1000
Average Training Loss: 0.1458
Average Test Loss: 0.2195
Early stopping patience: 29/50

Epoch 610/1000
Average Training Loss: 0.1452
Average Test Loss: 0.2140
Early stopping patience: 30/50

Epoch 611/1000
Average Training Loss: 0.1429
Average Test Loss: 0.2160
Early stopping patience: 31/50

Epoch 612/1000
Average Training Loss: 0.1440
Average Test Loss: 0.2255
Early stopping patience: 32/50

Epoch 613/1000
Average Training Loss: 0.1433
Average Test Loss: 0.2303
Early stopping patience: 33/50

Epoch 614/1000
Average Training Loss: 0.1525
Average Test Loss: 0.2194
Early stopping patience: 34/50

Epoch 615/1000
Average Training Loss: 0.1449
Average Test Loss: 0.2227
Early stopping patience: 35/50

Epoch 616/1000
Average Training Loss: 0.1447
Average Test Loss: 0.2332
Early stopping patience: 36/50

Epoch 617/1000
Average Training Loss: 0.1434
Average Test Loss: 0.2207
Early stopping patience: 37/50

Epoch 618/1000
Average Training Loss: 0.1391
Average Test Loss: 0.2343
Early stopping patience: 38/50

Epoch 619/1000
Average Training Loss: 0.1377
Average Test Loss: 0.2194
Early stopping patience: 39/50

Epoch 620/1000
Average Training Loss: 0.1455
Average Test Loss: 0.2516
Early stopping patience: 40/50

Epoch 621/1000
Average Training Loss: 0.1437
Average Test Loss: 0.2295
Early stopping patience: 41/50

Epoch 622/1000
Average Training Loss: 0.1409
Average Test Loss: 0.2222
Early stopping patience: 42/50

Epoch 623/1000
Average Training Loss: 0.1383
Average Test Loss: 0.2346
Early stopping patience: 43/50

Epoch 624/1000
Average Training Loss: 0.1391
Average Test Loss: 0.2440
Early stopping patience: 44/50

Epoch 625/1000
Average Training Loss: 0.1442
Average Test Loss: 0.2122
Early stopping patience: 45/50

Epoch 626/1000
Average Training Loss: 0.1386
Average Test Loss: 0.2649
Early stopping patience: 46/50

Epoch 627/1000
Average Training Loss: 0.1480
Average Test Loss: 0.2291
Early stopping patience: 47/50

Epoch 628/1000
Average Training Loss: 0.1486
Average Test Loss: 0.2221
Early stopping patience: 48/50

Epoch 629/1000
Average Training Loss: 0.1390
Average Test Loss: 0.2197
Early stopping patience: 49/50

Epoch 630/1000
Average Training Loss: 0.1443
Average Test Loss: 0.2214
Early stopping patience: 50/50
Early stopping triggered: best epoch 580, best test loss 0.2110

--- Training Complete ---
Best checkpoint restored before final evaluation: epoch 580
Model saved to /home/matheuscm/RNN_with_positional_encoding/reports_early_stop_ddp_bs1024/cenario_H_GRU_temporal_missing_0p5_model_weights.pth
Test predictions CSV saved to /home/matheuscm/RNN_with_positional_encoding/reports_early_stop_ddp_bs1024/cenario_H_GRU_temporal_missing_0p5_predictions.csv
Training history CSV saved to /home/matheuscm/RNN_with_positional_encoding/reports_early_stop_ddp_bs1024/cenario_H_GRU_temporal_missing_0p5_history.csv
Metrics JSON saved to /home/matheuscm/RNN_with_positional_encoding/reports_early_stop_ddp_bs1024/cenario_H_GRU_temporal_missing_0p5_metrics.json
Loss curve saved to /home/matheuscm/RNN_with_positional_encoding/reports_early_stop_ddp_bs1024/cenario_H_GRU_temporal_missing_0p5_loss_raw.png
Script finished.
